 
****************************************
Report : clocks
Design : sa_processing_element
Version: V-2023.12-SP5
Date   : Sun Oct  5 07:54:02 2025
****************************************

Attributes:
    d - dont_touch_network
    f - fix_hold
    p - propagated_clock
    G - generated_clock
    g - lib_generated_clock

Clock          Period   Waveform            Attrs     Sources
--------------------------------------------------------------------------------
MAIN_CLOCK       2.00   {0 1}                         {clk}
--------------------------------------------------------------------------------
 
****************************************
Report : clock_skew
Design : sa_processing_element
Version: V-2023.12-SP5
Date   : Sun Oct  5 07:54:02 2025
****************************************

                 Rise      Fall  Min Rise  Min fall        Uncertainty
Object          Delay     Delay     Delay     Delay     Plus      Minus
--------------------------------------------------------------------------------
MAIN_CLOCK       0.10      0.10         -         -         -      0.30

                 Max Source Latency                  Min Source Latency
            Early    Early    Late    Late      Early    Early    Late    Late
Object      Rise     Fall     Rise    Fall      Rise     Fall     Rise    Fall
--------------------------------------------------------------------------------
MAIN_CLOCK
            0.40     0.40     0.40    0.40         -        -        -       -

                 Max Transition      Min Transition
Object           Rise      Fall      Rise      Fall
-------------------------------------------------------
MAIN_CLOCK       0.20      0.20      0.20      0.20
1
