 
****************************************
Report : path_group
Design : sa_processing_element
Version: V-2023.12-SP5
Date   : Sun Oct  5 07:54:02 2025
****************************************

                        Critical
Group Name    Weight    Range
--------------------------------------------------------------------------------
**default**   1.00      0.00                 
COMBO         5.00      1.00                 
INPUTS        1.00      0.50                 
MAIN_CLOCK    5.00      0.50                 
OUTPUTS       1.00      0.50                 

Path Group COMBO:
	-from    { clk\
		   rst_n\
		   a[15]\
		   a[14]\
		   a[13]\
		   a[12]\
		   a[11]\
		   a[10]\
		   a[9]\
		   a[8]\
		   a[7]\
		   a[6]\
		   a[5]\
		   a[4]\
		   a[3]\
		   a[2]\
		   a[1]\
		   a[0]\
		   b[15]\
		   b[14]\
		   b[13]\
		   b[12]\
		   b[11]\
		   b[10]\
		   b[9]\
		   b[8]\
		   b[7]\
		   b[6]\
		   b[5]\
		   b[4]\
		   b[3]\
		   b[2]\
		   b[1]\
		   b[0]\
		   c[47]\
		   c[46]\
		   c[45]\
		   c[44]\
		   c[43]\
		   c[42]\
		   c[41]\
		   c[40]\
		   c[39]\
		   c[38]\
		   c[37]\
		   c[36]\
		   c[35]\
		   c[34]\
		   c[33]\
		   c[32]\
		   c[31]\
		   c[30]\
		   c[29]\
		   c[28]\
		   c[27]\
		   c[26]\
		   c[25]\
		   c[24]\
		   c[23]\
		   c[22]\
		   c[21]\
		   c[20]\
		   c[19]\
		   c[18]\
		   c[17]\
		   c[16]\
		   c[15]\
		   c[14]\
		   c[13]\
		   c[12]\
		   c[11]\
		   c[10]\
		   c[9]\
		   c[8]\
		   c[7]\
		   c[6]\
		   c[5]\
		   c[4]\
		   c[3]\
		   c[2]\
		   c[1]\
		   c[0]\
		   reg_clear\
		   pipeline_en }\
	-to      { a_out[15]\
		   a_out[14]\
		   a_out[13]\
		   a_out[12]\
		   a_out[11]\
		   a_out[10]\
		   a_out[9]\
		   a_out[8]\
		   a_out[7]\
		   a_out[6]\
		   a_out[5]\
		   a_out[4]\
		   a_out[3]\
		   a_out[2]\
		   a_out[1]\
		   a_out[0]\
		   b_out[15]\
		   b_out[14]\
		   b_out[13]\
		   b_out[12]\
		   b_out[11]\
		   b_out[10]\
		   b_out[9]\
		   b_out[8]\
		   b_out[7]\
		   b_out[6]\
		   b_out[5]\
		   b_out[4]\
		   b_out[3]\
		   b_out[2]\
		   b_out[1]\
		   b_out[0]\
		   c_out[47]\
		   c_out[46]\
		   c_out[45]\
		   c_out[44]\
		   c_out[43]\
		   c_out[42]\
		   c_out[41]\
		   c_out[40]\
		   c_out[39]\
		   c_out[38]\
		   c_out[37]\
		   c_out[36]\
		   c_out[35]\
		   c_out[34]\
		   c_out[33]\
		   c_out[32]\
		   c_out[31]\
		   c_out[30]\
		   c_out[29]\
		   c_out[28]\
		   c_out[27]\
		   c_out[26]\
		   c_out[25]\
		   c_out[24]\
		   c_out[23]\
		   c_out[22]\
		   c_out[21]\
		   c_out[20]\
		   c_out[19]\
		   c_out[18]\
		   c_out[17]\
		   c_out[16]\
		   c_out[15]\
		   c_out[14]\
		   c_out[13]\
		   c_out[12]\
		   c_out[11]\
		   c_out[10]\
		   c_out[9]\
		   c_out[8]\
		   c_out[7]\
		   c_out[6]\
		   c_out[5]\
		   c_out[4]\
		   c_out[3]\
		   c_out[2]\
		   c_out[1]\
		   c_out[0] }

Path Group INPUTS:
	-from    { clk\
		   rst_n\
		   a[15]\
		   a[14]\
		   a[13]\
		   a[12]\
		   a[11]\
		   a[10]\
		   a[9]\
		   a[8]\
		   a[7]\
		   a[6]\
		   a[5]\
		   a[4]\
		   a[3]\
		   a[2]\
		   a[1]\
		   a[0]\
		   b[15]\
		   b[14]\
		   b[13]\
		   b[12]\
		   b[11]\
		   b[10]\
		   b[9]\
		   b[8]\
		   b[7]\
		   b[6]\
		   b[5]\
		   b[4]\
		   b[3]\
		   b[2]\
		   b[1]\
		   b[0]\
		   c[47]\
		   c[46]\
		   c[45]\
		   c[44]\
		   c[43]\
		   c[42]\
		   c[41]\
		   c[40]\
		   c[39]\
		   c[38]\
		   c[37]\
		   c[36]\
		   c[35]\
		   c[34]\
		   c[33]\
		   c[32]\
		   c[31]\
		   c[30]\
		   c[29]\
		   c[28]\
		   c[27]\
		   c[26]\
		   c[25]\
		   c[24]\
		   c[23]\
		   c[22]\
		   c[21]\
		   c[20]\
		   c[19]\
		   c[18]\
		   c[17]\
		   c[16]\
		   c[15]\
		   c[14]\
		   c[13]\
		   c[12]\
		   c[11]\
		   c[10]\
		   c[9]\
		   c[8]\
		   c[7]\
		   c[6]\
		   c[5]\
		   c[4]\
		   c[3]\
		   c[2]\
		   c[1]\
		   c[0]\
		   reg_clear\
		   pipeline_en }

Path Group MAIN_CLOCK:
	-to      MAIN_CLOCK

Path Group OUTPUTS:
	-to      { a_out[15]\
		   a_out[14]\
		   a_out[13]\
		   a_out[12]\
		   a_out[11]\
		   a_out[10]\
		   a_out[9]\
		   a_out[8]\
		   a_out[7]\
		   a_out[6]\
		   a_out[5]\
		   a_out[4]\
		   a_out[3]\
		   a_out[2]\
		   a_out[1]\
		   a_out[0]\
		   b_out[15]\
		   b_out[14]\
		   b_out[13]\
		   b_out[12]\
		   b_out[11]\
		   b_out[10]\
		   b_out[9]\
		   b_out[8]\
		   b_out[7]\
		   b_out[6]\
		   b_out[5]\
		   b_out[4]\
		   b_out[3]\
		   b_out[2]\
		   b_out[1]\
		   b_out[0]\
		   c_out[47]\
		   c_out[46]\
		   c_out[45]\
		   c_out[44]\
		   c_out[43]\
		   c_out[42]\
		   c_out[41]\
		   c_out[40]\
		   c_out[39]\
		   c_out[38]\
		   c_out[37]\
		   c_out[36]\
		   c_out[35]\
		   c_out[34]\
		   c_out[33]\
		   c_out[32]\
		   c_out[31]\
		   c_out[30]\
		   c_out[29]\
		   c_out[28]\
		   c_out[27]\
		   c_out[26]\
		   c_out[25]\
		   c_out[24]\
		   c_out[23]\
		   c_out[22]\
		   c_out[21]\
		   c_out[20]\
		   c_out[19]\
		   c_out[18]\
		   c_out[17]\
		   c_out[16]\
		   c_out[15]\
		   c_out[14]\
		   c_out[13]\
		   c_out[12]\
		   c_out[11]\
		   c_out[10]\
		   c_out[9]\
		   c_out[8]\
		   c_out[7]\
		   c_out[6]\
		   c_out[5]\
		   c_out[4]\
		   c_out[3]\
		   c_out[2]\
		   c_out[1]\
		   c_out[0] }

1
