 
****************************************
Report : port
        -verbose
Design : mac_unit
Version: V-2023.12-SP5
Date   : Tue Sep 23 02:12:15 2025
****************************************



Attributes:
    i - ideal_network

                       Pin      Wire     Max     Max     Connection
Port           Dir     Load     Load     Trans   Cap     Class      Attrs
--------------------------------------------------------------------------------
clk            in      0.0000   0.0000   --      --      --         i
rst            in      0.0000   0.0000   10.00   --      --         
w_new[0]       in      0.0000   0.0000   10.00   --      --         
w_new[1]       in      0.0000   0.0000   10.00   --      --         
w_new[2]       in      0.0000   0.0000   10.00   --      --         
w_new[3]       in      0.0000   0.0000   10.00   --      --         
w_new[4]       in      0.0000   0.0000   10.00   --      --         
w_new[5]       in      0.0000   0.0000   10.00   --      --         
w_new[6]       in      0.0000   0.0000   10.00   --      --         
w_new[7]       in      0.0000   0.0000   10.00   --      --         
x_new[0]       in      0.0000   0.0000   10.00   --      --         
x_new[1]       in      0.0000   0.0000   10.00   --      --         
x_new[2]       in      0.0000   0.0000   10.00   --      --         
x_new[3]       in      0.0000   0.0000   10.00   --      --         
x_new[4]       in      0.0000   0.0000   10.00   --      --         
x_new[5]       in      0.0000   0.0000   10.00   --      --         
x_new[6]       in      0.0000   0.0000   10.00   --      --         
x_new[7]       in      0.0000   0.0000   10.00   --      --         
pe_val[0]      out     0.5000   0.0000   --     100.00   --         
pe_val[1]      out     0.5000   0.0000   --     100.00   --         
pe_val[2]      out     0.5000   0.0000   --     100.00   --         
pe_val[3]      out     0.5000   0.0000   --     100.00   --         
pe_val[4]      out     0.5000   0.0000   --     100.00   --         
pe_val[5]      out     0.5000   0.0000   --     100.00   --         
pe_val[6]      out     0.5000   0.0000   --     100.00   --         
pe_val[7]      out     0.5000   0.0000   --     100.00   --         
pe_val[8]      out     0.5000   0.0000   --     100.00   --         
pe_val[9]      out     0.5000   0.0000   --     100.00   --         
pe_val[10]     out     0.5000   0.0000   --     100.00   --         
pe_val[11]     out     0.5000   0.0000   --     100.00   --         
pe_val[12]     out     0.5000   0.0000   --     100.00   --         
pe_val[13]     out     0.5000   0.0000   --     100.00   --         
pe_val[14]     out     0.5000   0.0000   --     100.00   --         
pe_val[15]     out     0.5000   0.0000   --     100.00   --         
pe_val[16]     out     0.5000   0.0000   --     100.00   --         
pe_val[17]     out     0.5000   0.0000   --     100.00   --         
pe_val[18]     out     0.5000   0.0000   --     100.00   --         
pe_val[19]     out     0.5000   0.0000   --     100.00   --         
pe_val[20]     out     0.5000   0.0000   --     100.00   --         
pe_val[21]     out     0.5000   0.0000   --     100.00   --         
pe_val[22]     out     0.5000   0.0000   --     100.00   --         
pe_val[23]     out     0.5000   0.0000   --     100.00   --         
pe_val[24]     out     0.5000   0.0000   --     100.00   --         
pe_val[25]     out     0.5000   0.0000   --     100.00   --         
pe_val[26]     out     0.5000   0.0000   --     100.00   --         
pe_val[27]     out     0.5000   0.0000   --     100.00   --         
pe_val[28]     out     0.5000   0.0000   --     100.00   --         
pe_val[29]     out     0.5000   0.0000   --     100.00   --         
pe_val[30]     out     0.5000   0.0000   --     100.00   --         
pe_val[31]     out     0.5000   0.0000   --     100.00   --         
w_old[0]       out     0.5000   0.0000   --     100.00   --         
w_old[1]       out     0.5000   0.0000   --     100.00   --         
w_old[2]       out     0.5000   0.0000   --     100.00   --         
w_old[3]       out     0.5000   0.0000   --     100.00   --         
w_old[4]       out     0.5000   0.0000   --     100.00   --         
w_old[5]       out     0.5000   0.0000   --     100.00   --         
w_old[6]       out     0.5000   0.0000   --     100.00   --         
w_old[7]       out     0.5000   0.0000   --     100.00   --         
x_old[0]       out     0.5000   0.0000   --     100.00   --         
x_old[1]       out     0.5000   0.0000   --     100.00   --         
x_old[2]       out     0.5000   0.0000   --     100.00   --         
x_old[3]       out     0.5000   0.0000   --     100.00   --         
x_old[4]       out     0.5000   0.0000   --     100.00   --         
x_old[5]       out     0.5000   0.0000   --     100.00   --         
x_old[6]       out     0.5000   0.0000   --     100.00   --         
x_old[7]       out     0.5000   0.0000   --     100.00   --         


              External  Max             Min                Min       Min
              Number    Wireload        Wireload           Pin       Wire
Port          Points    Model           Model              Load      Load
--------------------------------------------------------------------------------
clk                1      --              --              --        -- 
rst                1      --              --              --        -- 
w_new[0]           1      --              --              --        -- 
w_new[1]           1      --              --              --        -- 
w_new[2]           1      --              --              --        -- 
w_new[3]           1      --              --              --        -- 
w_new[4]           1      --              --              --        -- 
w_new[5]           1      --              --              --        -- 
w_new[6]           1      --              --              --        -- 
w_new[7]           1      --              --              --        -- 
x_new[0]           1      --              --              --        -- 
x_new[1]           1      --              --              --        -- 
x_new[2]           1      --              --              --        -- 
x_new[3]           1      --              --              --        -- 
x_new[4]           1      --              --              --        -- 
x_new[5]           1      --              --              --        -- 
x_new[6]           1      --              --              --        -- 
x_new[7]           1      --              --              --        -- 
pe_val[0]          1      --              --              --        -- 
pe_val[1]          1      --              --              --        -- 
pe_val[2]          1      --              --              --        -- 
pe_val[3]          1      --              --              --        -- 
pe_val[4]          1      --              --              --        -- 
pe_val[5]          1      --              --              --        -- 
pe_val[6]          1      --              --              --        -- 
pe_val[7]          1      --              --              --        -- 
pe_val[8]          1      --              --              --        -- 
pe_val[9]          1      --              --              --        -- 
pe_val[10]         1      --              --              --        -- 
pe_val[11]         1      --              --              --        -- 
pe_val[12]         1      --              --              --        -- 
pe_val[13]         1      --              --              --        -- 
pe_val[14]         1      --              --              --        -- 
pe_val[15]         1      --              --              --        -- 
pe_val[16]         1      --              --              --        -- 
pe_val[17]         1      --              --              --        -- 
pe_val[18]         1      --              --              --        -- 
pe_val[19]         1      --              --              --        -- 
pe_val[20]         1      --              --              --        -- 
pe_val[21]         1      --              --              --        -- 
pe_val[22]         1      --              --              --        -- 
pe_val[23]         1      --              --              --        -- 
pe_val[24]         1      --              --              --        -- 
pe_val[25]         1      --              --              --        -- 
pe_val[26]         1      --              --              --        -- 
pe_val[27]         1      --              --              --        -- 
pe_val[28]         1      --              --              --        -- 
pe_val[29]         1      --              --              --        -- 
pe_val[30]         1      --              --              --        -- 
pe_val[31]         1      --              --              --        -- 
w_old[0]           1      --              --              --        -- 
w_old[1]           1      --              --              --        -- 
w_old[2]           1      --              --              --        -- 
w_old[3]           1      --              --              --        -- 
w_old[4]           1      --              --              --        -- 
w_old[5]           1      --              --              --        -- 
w_old[6]           1      --              --              --        -- 
w_old[7]           1      --              --              --        -- 
x_old[0]           1      --              --              --        -- 
x_old[1]           1      --              --              --        -- 
x_old[2]           1      --              --              --        -- 
x_old[3]           1      --              --              --        -- 
x_old[4]           1      --              --              --        -- 
x_old[5]           1      --              --              --        -- 
x_old[6]           1      --              --              --        -- 
x_old[7]           1      --              --              --        -- 

                    Input Delay
                  Min             Max       Related   Max
Input Port    Rise    Fall    Rise    Fall   Clock  Fanout
--------------------------------------------------------------------------------
clk           --      --      --      --      --      -- 
rst           0.10    0.10    0.10    0.10  MAIN_CLOCK
                                                      4.00  
w_new[0]      0.10    0.10    0.10    0.10  MAIN_CLOCK
                                                      4.00  
w_new[1]      0.10    0.10    0.10    0.10  MAIN_CLOCK
                                                      4.00  
w_new[2]      0.10    0.10    0.10    0.10  MAIN_CLOCK
                                                      4.00  
w_new[3]      0.10    0.10    0.10    0.10  MAIN_CLOCK
                                                      4.00  
w_new[4]      0.10    0.10    0.10    0.10  MAIN_CLOCK
                                                      4.00  
w_new[5]      0.10    0.10    0.10    0.10  MAIN_CLOCK
                                                      4.00  
w_new[6]      0.10    0.10    0.10    0.10  MAIN_CLOCK
                                                      4.00  
w_new[7]      0.10    0.10    0.10    0.10  MAIN_CLOCK
                                                      4.00  
x_new[0]      0.10    0.10    0.10    0.10  MAIN_CLOCK
                                                      4.00  
x_new[1]      0.10    0.10    0.10    0.10  MAIN_CLOCK
                                                      4.00  
x_new[2]      0.10    0.10    0.10    0.10  MAIN_CLOCK
                                                      4.00  
x_new[3]      0.10    0.10    0.10    0.10  MAIN_CLOCK
                                                      4.00  
x_new[4]      0.10    0.10    0.10    0.10  MAIN_CLOCK
                                                      4.00  
x_new[5]      0.10    0.10    0.10    0.10  MAIN_CLOCK
                                                      4.00  
x_new[6]      0.10    0.10    0.10    0.10  MAIN_CLOCK
                                                      4.00  
x_new[7]      0.10    0.10    0.10    0.10  MAIN_CLOCK
                                                      4.00  


               Max Drive      Min Drive      Resistance    Min    Min       Cell
Input Port    Rise    Fall   Rise    Fall   Max     Min    Cap    Fanout    Deg
--------------------------------------------------------------------------------
clk           --      --     --      --     --      --     --     --        -- 
rst           --      --     --      --     --      --     --     --        -- 
w_new[0]      --      --     --      --     --      --     --     --        -- 
w_new[1]      --      --     --      --     --      --     --     --        -- 
w_new[2]      --      --     --      --     --      --     --     --        -- 
w_new[3]      --      --     --      --     --      --     --     --        -- 
w_new[4]      --      --     --      --     --      --     --     --        -- 
w_new[5]      --      --     --      --     --      --     --     --        -- 
w_new[6]      --      --     --      --     --      --     --     --        -- 
w_new[7]      --      --     --      --     --      --     --     --        -- 
x_new[0]      --      --     --      --     --      --     --     --        -- 
x_new[1]      --      --     --      --     --      --     --     --        -- 
x_new[2]      --      --     --      --     --      --     --     --        -- 
x_new[3]      --      --     --      --     --      --     --     --        -- 
x_new[4]      --      --     --      --     --      --     --     --        -- 
x_new[5]      --      --     --      --     --      --     --     --        -- 
x_new[6]      --      --     --      --     --      --     --     --        -- 
x_new[7]      --      --     --      --     --      --     --     --        -- 


               Max Tran        Min Tran
Input Port    Rise    Fall    Rise    Fall
--------------------------------------------------------------------------------
clk           --      --      --      -- 
rst           --      --      --      -- 
w_new[0]      --      --      --      -- 
w_new[1]      --      --      --      -- 
w_new[2]      --      --      --      -- 
w_new[3]      --      --      --      -- 
w_new[4]      --      --      --      -- 
w_new[5]      --      --      --      -- 
w_new[6]      --      --      --      -- 
w_new[7]      --      --      --      -- 
x_new[0]      --      --      --      -- 
x_new[1]      --      --      --      -- 
x_new[2]      --      --      --      -- 
x_new[3]      --      --      --      -- 
x_new[4]      --      --      --      -- 
x_new[5]      --      --      --      -- 
x_new[6]      --      --      --      -- 
x_new[7]      --      --      --      -- 


                    Output Delay
                  Min             Max      Related  Fanout
Output Port   Rise    Fall    Rise    Fall  Clock     Load
--------------------------------------------------------------------------------
pe_val[0]     0.10    0.10    0.10    0.10  MAIN_CLOCK
                                                      0.00  
pe_val[1]     0.10    0.10    0.10    0.10  MAIN_CLOCK
                                                      0.00  
pe_val[2]     0.10    0.10    0.10    0.10  MAIN_CLOCK
                                                      0.00  
pe_val[3]     0.10    0.10    0.10    0.10  MAIN_CLOCK
                                                      0.00  
pe_val[4]     0.10    0.10    0.10    0.10  MAIN_CLOCK
                                                      0.00  
pe_val[5]     0.10    0.10    0.10    0.10  MAIN_CLOCK
                                                      0.00  
pe_val[6]     0.10    0.10    0.10    0.10  MAIN_CLOCK
                                                      0.00  
pe_val[7]     0.10    0.10    0.10    0.10  MAIN_CLOCK
                                                      0.00  
pe_val[8]     0.10    0.10    0.10    0.10  MAIN_CLOCK
                                                      0.00  
pe_val[9]     0.10    0.10    0.10    0.10  MAIN_CLOCK
                                                      0.00  
pe_val[10]    0.10    0.10    0.10    0.10  MAIN_CLOCK
                                                      0.00  
pe_val[11]    0.10    0.10    0.10    0.10  MAIN_CLOCK
                                                      0.00  
pe_val[12]    0.10    0.10    0.10    0.10  MAIN_CLOCK
                                                      0.00  
pe_val[13]    0.10    0.10    0.10    0.10  MAIN_CLOCK
                                                      0.00  
pe_val[14]    0.10    0.10    0.10    0.10  MAIN_CLOCK
                                                      0.00  
pe_val[15]    0.10    0.10    0.10    0.10  MAIN_CLOCK
                                                      0.00  
pe_val[16]    0.10    0.10    0.10    0.10  MAIN_CLOCK
                                                      0.00  
pe_val[17]    0.10    0.10    0.10    0.10  MAIN_CLOCK
                                                      0.00  
pe_val[18]    0.10    0.10    0.10    0.10  MAIN_CLOCK
                                                      0.00  
pe_val[19]    0.10    0.10    0.10    0.10  MAIN_CLOCK
                                                      0.00  
pe_val[20]    0.10    0.10    0.10    0.10  MAIN_CLOCK
                                                      0.00  
pe_val[21]    0.10    0.10    0.10    0.10  MAIN_CLOCK
                                                      0.00  
pe_val[22]    0.10    0.10    0.10    0.10  MAIN_CLOCK
                                                      0.00  
pe_val[23]    0.10    0.10    0.10    0.10  MAIN_CLOCK
                                                      0.00  
pe_val[24]    0.10    0.10    0.10    0.10  MAIN_CLOCK
                                                      0.00  
pe_val[25]    0.10    0.10    0.10    0.10  MAIN_CLOCK
                                                      0.00  
pe_val[26]    0.10    0.10    0.10    0.10  MAIN_CLOCK
                                                      0.00  
pe_val[27]    0.10    0.10    0.10    0.10  MAIN_CLOCK
                                                      0.00  
pe_val[28]    0.10    0.10    0.10    0.10  MAIN_CLOCK
                                                      0.00  
pe_val[29]    0.10    0.10    0.10    0.10  MAIN_CLOCK
                                                      0.00  
pe_val[30]    0.10    0.10    0.10    0.10  MAIN_CLOCK
                                                      0.00  
pe_val[31]    0.10    0.10    0.10    0.10  MAIN_CLOCK
                                                      0.00  
w_old[0]      0.10    0.10    0.10    0.10  MAIN_CLOCK
                                                      0.00  
w_old[1]      0.10    0.10    0.10    0.10  MAIN_CLOCK
                                                      0.00  
w_old[2]      0.10    0.10    0.10    0.10  MAIN_CLOCK
                                                      0.00  
w_old[3]      0.10    0.10    0.10    0.10  MAIN_CLOCK
                                                      0.00  
w_old[4]      0.10    0.10    0.10    0.10  MAIN_CLOCK
                                                      0.00  
w_old[5]      0.10    0.10    0.10    0.10  MAIN_CLOCK
                                                      0.00  
w_old[6]      0.10    0.10    0.10    0.10  MAIN_CLOCK
                                                      0.00  
w_old[7]      0.10    0.10    0.10    0.10  MAIN_CLOCK
                                                      0.00  
x_old[0]      0.10    0.10    0.10    0.10  MAIN_CLOCK
                                                      0.00  
x_old[1]      0.10    0.10    0.10    0.10  MAIN_CLOCK
                                                      0.00  
x_old[2]      0.10    0.10    0.10    0.10  MAIN_CLOCK
                                                      0.00  
x_old[3]      0.10    0.10    0.10    0.10  MAIN_CLOCK
                                                      0.00  
x_old[4]      0.10    0.10    0.10    0.10  MAIN_CLOCK
                                                      0.00  
x_old[5]      0.10    0.10    0.10    0.10  MAIN_CLOCK
                                                      0.00  
x_old[6]      0.10    0.10    0.10    0.10  MAIN_CLOCK
                                                      0.00  
x_old[7]      0.10    0.10    0.10    0.10  MAIN_CLOCK
                                                      0.00  

1
