Information: Updating design information... (UID-85)
 
****************************************
Report : constraint
        -all_violators
Design : mac_unit
Version: V-2023.12-SP5
Date   : Tue Sep 23 02:12:17 2025
****************************************


   max_area

                             Required        Actual
   Design                      Area           Area           Slack
   -----------------------------------------------------------------
   mac_unit                     0.00         188.94        -188.94  (VIOLATED)


   max_leakage_power

                             Required        Actual
   Design                   Leakage Power  Leakage Power     Slack
   -----------------------------------------------------------------
   mac_unit                     0.00       6750237.50     -6750237.50
                                                                    (VIOLATED)


1
