Information: Updating design information... (UID-85)
 
****************************************
Report : constraint
        -all_violators
Design : mac_unit
Version: V-2023.12-SP5
Date   : Wed Sep 24 08:42:58 2025
****************************************


   max_area

                             Required        Actual
   Design                      Area           Area           Slack
   -----------------------------------------------------------------
   mac_unit                     0.00         585.74        -585.74  (VIOLATED)


   max_leakage_power

                             Required        Actual
   Design                   Leakage Power  Leakage Power     Slack
   -----------------------------------------------------------------
   mac_unit                     0.00       21529682.00    -21529682.00
                                                                    (VIOLATED)


1
