 
****************************************
Report : area
Design : mac_unit
Version: V-2023.12-SP5
Date   : Wed Sep 24 08:42:58 2025
****************************************

Library(s) Used:

    NanGate_15nm_OCL (File: /home/csarch/workspace/MOSA_RTL/syn/pdk/NanGate_15nm_OCL_v0.1_2014_06_Apache.A/front_end/timing_power_noise/NLDM/NanGate_15nm_OCL.db)

Number of ports:                          202
Number of nets:                          1455
Number of cells:                         1227
Number of combinational cells:           1098
Number of sequential cells:               128
Number of macros/black boxes:               0
Number of buf/inv:                        264
Number of references:                      17

Combinational area:                422.166537
Buf/Inv area:                       45.219841
Noncombinational area:             163.577850
Macro/Black Box area:                0.000000
Net Interconnect area:      undefined  (No wire load specified)

Total cell area:                   585.744387
Total area:                 undefined
1
