 
****************************************
Report : port
        -verbose
Design : sa_processing_element
Version: V-2023.12-SP5
Date   : Tue Oct  7 01:33:14 2025
****************************************



Attributes:
    i - ideal_network

                       Pin      Wire     Max     Max     Connection
Port           Dir     Load     Load     Trans   Cap     Class      Attrs
--------------------------------------------------------------------------------
a[0]           in      0.0000   0.0000   10.00   --      --         
a[1]           in      0.0000   0.0000   10.00   --      --         
a[2]           in      0.0000   0.0000   10.00   --      --         
a[3]           in      0.0000   0.0000   10.00   --      --         
a[4]           in      0.0000   0.0000   10.00   --      --         
a[5]           in      0.0000   0.0000   10.00   --      --         
a[6]           in      0.0000   0.0000   10.00   --      --         
a[7]           in      0.0000   0.0000   10.00   --      --         
a[8]           in      0.0000   0.0000   10.00   --      --         
a[9]           in      0.0000   0.0000   10.00   --      --         
a[10]          in      0.0000   0.0000   10.00   --      --         
a[11]          in      0.0000   0.0000   10.00   --      --         
a[12]          in      0.0000   0.0000   10.00   --      --         
a[13]          in      0.0000   0.0000   10.00   --      --         
a[14]          in      0.0000   0.0000   10.00   --      --         
a[15]          in      0.0000   0.0000   10.00   --      --         
b[0]           in      0.0000   0.0000   10.00   --      --         
b[1]           in      0.0000   0.0000   10.00   --      --         
b[2]           in      0.0000   0.0000   10.00   --      --         
b[3]           in      0.0000   0.0000   10.00   --      --         
b[4]           in      0.0000   0.0000   10.00   --      --         
b[5]           in      0.0000   0.0000   10.00   --      --         
b[6]           in      0.0000   0.0000   10.00   --      --         
b[7]           in      0.0000   0.0000   10.00   --      --         
b[8]           in      0.0000   0.0000   10.00   --      --         
b[9]           in      0.0000   0.0000   10.00   --      --         
b[10]          in      0.0000   0.0000   10.00   --      --         
b[11]          in      0.0000   0.0000   10.00   --      --         
b[12]          in      0.0000   0.0000   10.00   --      --         
b[13]          in      0.0000   0.0000   10.00   --      --         
b[14]          in      0.0000   0.0000   10.00   --      --         
b[15]          in      0.0000   0.0000   10.00   --      --         
c[0]           in      0.0000   0.0000   10.00   --      --         
c[1]           in      0.0000   0.0000   10.00   --      --         
c[2]           in      0.0000   0.0000   10.00   --      --         
c[3]           in      0.0000   0.0000   10.00   --      --         
c[4]           in      0.0000   0.0000   10.00   --      --         
c[5]           in      0.0000   0.0000   10.00   --      --         
c[6]           in      0.0000   0.0000   10.00   --      --         
c[7]           in      0.0000   0.0000   10.00   --      --         
c[8]           in      0.0000   0.0000   10.00   --      --         
c[9]           in      0.0000   0.0000   10.00   --      --         
c[10]          in      0.0000   0.0000   10.00   --      --         
c[11]          in      0.0000   0.0000   10.00   --      --         
c[12]          in      0.0000   0.0000   10.00   --      --         
c[13]          in      0.0000   0.0000   10.00   --      --         
c[14]          in      0.0000   0.0000   10.00   --      --         
c[15]          in      0.0000   0.0000   10.00   --      --         
clk            in      0.0000   0.0000   --      --      --         i
imm1[0]        in      0.0000   0.0000   10.00   --      --         
imm1[1]        in      0.0000   0.0000   10.00   --      --         
imm1[2]        in      0.0000   0.0000   10.00   --      --         
imm1[3]        in      0.0000   0.0000   10.00   --      --         
imm1[4]        in      0.0000   0.0000   10.00   --      --         
imm1[5]        in      0.0000   0.0000   10.00   --      --         
imm1[6]        in      0.0000   0.0000   10.00   --      --         
imm1[7]        in      0.0000   0.0000   10.00   --      --         
imm1[8]        in      0.0000   0.0000   10.00   --      --         
imm1[9]        in      0.0000   0.0000   10.00   --      --         
imm1[10]       in      0.0000   0.0000   10.00   --      --         
imm1[11]       in      0.0000   0.0000   10.00   --      --         
imm1[12]       in      0.0000   0.0000   10.00   --      --         
imm1[13]       in      0.0000   0.0000   10.00   --      --         
imm1[14]       in      0.0000   0.0000   10.00   --      --         
imm1[15]       in      0.0000   0.0000   10.00   --      --         
imm2[0]        in      0.0000   0.0000   10.00   --      --         
imm2[1]        in      0.0000   0.0000   10.00   --      --         
imm2[2]        in      0.0000   0.0000   10.00   --      --         
imm2[3]        in      0.0000   0.0000   10.00   --      --         
imm2[4]        in      0.0000   0.0000   10.00   --      --         
imm2[5]        in      0.0000   0.0000   10.00   --      --         
imm2[6]        in      0.0000   0.0000   10.00   --      --         
imm2[7]        in      0.0000   0.0000   10.00   --      --         
imm2[8]        in      0.0000   0.0000   10.00   --      --         
imm2[9]        in      0.0000   0.0000   10.00   --      --         
imm2[10]       in      0.0000   0.0000   10.00   --      --         
imm2[11]       in      0.0000   0.0000   10.00   --      --         
imm2[12]       in      0.0000   0.0000   10.00   --      --         
imm2[13]       in      0.0000   0.0000   10.00   --      --         
imm2[14]       in      0.0000   0.0000   10.00   --      --         
imm2[15]       in      0.0000   0.0000   10.00   --      --         
pipeline_en    in      0.0000   0.0000   10.00   --      --         
reg_clear      in      0.0000   0.0000   10.00   --      --         
result_load    in      0.0000   0.0000   10.00   --      --         
rst_n          in      0.0000   0.0000   --      --      --         i
sel0[0]        in      0.0000   0.0000   10.00   --      --         
sel0[1]        in      0.0000   0.0000   10.00   --      --         
sel1[0]        in      0.0000   0.0000   10.00   --      --         
sel1[1]        in      0.0000   0.0000   10.00   --      --         
sel2           in      0.0000   0.0000   10.00   --      --         
sel3           in      0.0000   0.0000   10.00   --      --         
sel4           in      0.0000   0.0000   10.00   --      --         
a_out[0]       out     0.5000   0.0000   --     100.00   --         
a_out[1]       out     0.5000   0.0000   --     100.00   --         
a_out[2]       out     0.5000   0.0000   --     100.00   --         
a_out[3]       out     0.5000   0.0000   --     100.00   --         
a_out[4]       out     0.5000   0.0000   --     100.00   --         
a_out[5]       out     0.5000   0.0000   --     100.00   --         
a_out[6]       out     0.5000   0.0000   --     100.00   --         
a_out[7]       out     0.5000   0.0000   --     100.00   --         
a_out[8]       out     0.5000   0.0000   --     100.00   --         
a_out[9]       out     0.5000   0.0000   --     100.00   --         
a_out[10]      out     0.5000   0.0000   --     100.00   --         
a_out[11]      out     0.5000   0.0000   --     100.00   --         
a_out[12]      out     0.5000   0.0000   --     100.00   --         
a_out[13]      out     0.5000   0.0000   --     100.00   --         
a_out[14]      out     0.5000   0.0000   --     100.00   --         
a_out[15]      out     0.5000   0.0000   --     100.00   --         
b_out[0]       out     0.5000   0.0000   --     100.00   --         
b_out[1]       out     0.5000   0.0000   --     100.00   --         
b_out[2]       out     0.5000   0.0000   --     100.00   --         
b_out[3]       out     0.5000   0.0000   --     100.00   --         
b_out[4]       out     0.5000   0.0000   --     100.00   --         
b_out[5]       out     0.5000   0.0000   --     100.00   --         
b_out[6]       out     0.5000   0.0000   --     100.00   --         
b_out[7]       out     0.5000   0.0000   --     100.00   --         
b_out[8]       out     0.5000   0.0000   --     100.00   --         
b_out[9]       out     0.5000   0.0000   --     100.00   --         
b_out[10]      out     0.5000   0.0000   --     100.00   --         
b_out[11]      out     0.5000   0.0000   --     100.00   --         
b_out[12]      out     0.5000   0.0000   --     100.00   --         
b_out[13]      out     0.5000   0.0000   --     100.00   --         
b_out[14]      out     0.5000   0.0000   --     100.00   --         
b_out[15]      out     0.5000   0.0000   --     100.00   --         
c_out[0]       out     0.5000   0.0000   --     100.00   --         
c_out[1]       out     0.5000   0.0000   --     100.00   --         
c_out[2]       out     0.5000   0.0000   --     100.00   --         
c_out[3]       out     0.5000   0.0000   --     100.00   --         
c_out[4]       out     0.5000   0.0000   --     100.00   --         
c_out[5]       out     0.5000   0.0000   --     100.00   --         
c_out[6]       out     0.5000   0.0000   --     100.00   --         
c_out[7]       out     0.5000   0.0000   --     100.00   --         
c_out[8]       out     0.5000   0.0000   --     100.00   --         
c_out[9]       out     0.5000   0.0000   --     100.00   --         
c_out[10]      out     0.5000   0.0000   --     100.00   --         
c_out[11]      out     0.5000   0.0000   --     100.00   --         
c_out[12]      out     0.5000   0.0000   --     100.00   --         
c_out[13]      out     0.5000   0.0000   --     100.00   --         
c_out[14]      out     0.5000   0.0000   --     100.00   --         
c_out[15]      out     0.5000   0.0000   --     100.00   --         
result_out[0]  out     0.5000   0.0000   --     100.00   --         
result_out[1]  out     0.5000   0.0000   --     100.00   --         
result_out[2]  out     0.5000   0.0000   --     100.00   --         
result_out[3]  out     0.5000   0.0000   --     100.00   --         
result_out[4]  out     0.5000   0.0000   --     100.00   --         
result_out[5]  out     0.5000   0.0000   --     100.00   --         
result_out[6]  out     0.5000   0.0000   --     100.00   --         
result_out[7]  out     0.5000   0.0000   --     100.00   --         
result_out[8]  out     0.5000   0.0000   --     100.00   --         
result_out[9]  out     0.5000   0.0000   --     100.00   --         
result_out[10] out     0.5000   0.0000   --     100.00   --         
result_out[11] out     0.5000   0.0000   --     100.00   --         
result_out[12] out     0.5000   0.0000   --     100.00   --         
result_out[13] out     0.5000   0.0000   --     100.00   --         
result_out[14] out     0.5000   0.0000   --     100.00   --         
result_out[15] out     0.5000   0.0000   --     100.00   --         


              External  Max             Min                Min       Min
              Number    Wireload        Wireload           Pin       Wire
Port          Points    Model           Model              Load      Load
--------------------------------------------------------------------------------
a[0]               1      --              --              --        -- 
a[1]               1      --              --              --        -- 
a[2]               1      --              --              --        -- 
a[3]               1      --              --              --        -- 
a[4]               1      --              --              --        -- 
a[5]               1      --              --              --        -- 
a[6]               1      --              --              --        -- 
a[7]               1      --              --              --        -- 
a[8]               1      --              --              --        -- 
a[9]               1      --              --              --        -- 
a[10]              1      --              --              --        -- 
a[11]              1      --              --              --        -- 
a[12]              1      --              --              --        -- 
a[13]              1      --              --              --        -- 
a[14]              1      --              --              --        -- 
a[15]              1      --              --              --        -- 
b[0]               1      --              --              --        -- 
b[1]               1      --              --              --        -- 
b[2]               1      --              --              --        -- 
b[3]               1      --              --              --        -- 
b[4]               1      --              --              --        -- 
b[5]               1      --              --              --        -- 
b[6]               1      --              --              --        -- 
b[7]               1      --              --              --        -- 
b[8]               1      --              --              --        -- 
b[9]               1      --              --              --        -- 
b[10]              1      --              --              --        -- 
b[11]              1      --              --              --        -- 
b[12]              1      --              --              --        -- 
b[13]              1      --              --              --        -- 
b[14]              1      --              --              --        -- 
b[15]              1      --              --              --        -- 
c[0]               1      --              --              --        -- 
c[1]               1      --              --              --        -- 
c[2]               1      --              --              --        -- 
c[3]               1      --              --              --        -- 
c[4]               1      --              --              --        -- 
c[5]               1      --              --              --        -- 
c[6]               1      --              --              --        -- 
c[7]               1      --              --              --        -- 
c[8]               1      --              --              --        -- 
c[9]               1      --              --              --        -- 
c[10]              1      --              --              --        -- 
c[11]              1      --              --              --        -- 
c[12]              1      --              --              --        -- 
c[13]              1      --              --              --        -- 
c[14]              1      --              --              --        -- 
c[15]              1      --              --              --        -- 
clk                1      --              --              --        -- 
imm1[0]            1      --              --              --        -- 
imm1[1]            1      --              --              --        -- 
imm1[2]            1      --              --              --        -- 
imm1[3]            1      --              --              --        -- 
imm1[4]            1      --              --              --        -- 
imm1[5]            1      --              --              --        -- 
imm1[6]            1      --              --              --        -- 
imm1[7]            1      --              --              --        -- 
imm1[8]            1      --              --              --        -- 
imm1[9]            1      --              --              --        -- 
imm1[10]           1      --              --              --        -- 
imm1[11]           1      --              --              --        -- 
imm1[12]           1      --              --              --        -- 
imm1[13]           1      --              --              --        -- 
imm1[14]           1      --              --              --        -- 
imm1[15]           1      --              --              --        -- 
imm2[0]            1      --              --              --        -- 
imm2[1]            1      --              --              --        -- 
imm2[2]            1      --              --              --        -- 
imm2[3]            1      --              --              --        -- 
imm2[4]            1      --              --              --        -- 
imm2[5]            1      --              --              --        -- 
imm2[6]            1      --              --              --        -- 
imm2[7]            1      --              --              --        -- 
imm2[8]            1      --              --              --        -- 
imm2[9]            1      --              --              --        -- 
imm2[10]           1      --              --              --        -- 
imm2[11]           1      --              --              --        -- 
imm2[12]           1      --              --              --        -- 
imm2[13]           1      --              --              --        -- 
imm2[14]           1      --              --              --        -- 
imm2[15]           1      --              --              --        -- 
pipeline_en        1      --              --              --        -- 
reg_clear          1      --              --              --        -- 
result_load        1      --              --              --        -- 
rst_n              1      --              --              --        -- 
sel0[0]            1      --              --              --        -- 
sel0[1]            1      --              --              --        -- 
sel1[0]            1      --              --              --        -- 
sel1[1]            1      --              --              --        -- 
sel2               1      --              --              --        -- 
sel3               1      --              --              --        -- 
sel4               1      --              --              --        -- 
a_out[0]           1      --              --              --        -- 
a_out[1]           1      --              --              --        -- 
a_out[2]           1      --              --              --        -- 
a_out[3]           1      --              --              --        -- 
a_out[4]           1      --              --              --        -- 
a_out[5]           1      --              --              --        -- 
a_out[6]           1      --              --              --        -- 
a_out[7]           1      --              --              --        -- 
a_out[8]           1      --              --              --        -- 
a_out[9]           1      --              --              --        -- 
a_out[10]          1      --              --              --        -- 
a_out[11]          1      --              --              --        -- 
a_out[12]          1      --              --              --        -- 
a_out[13]          1      --              --              --        -- 
a_out[14]          1      --              --              --        -- 
a_out[15]          1      --              --              --        -- 
b_out[0]           1      --              --              --        -- 
b_out[1]           1      --              --              --        -- 
b_out[2]           1      --              --              --        -- 
b_out[3]           1      --              --              --        -- 
b_out[4]           1      --              --              --        -- 
b_out[5]           1      --              --              --        -- 
b_out[6]           1      --              --              --        -- 
b_out[7]           1      --              --              --        -- 
b_out[8]           1      --              --              --        -- 
b_out[9]           1      --              --              --        -- 
b_out[10]          1      --              --              --        -- 
b_out[11]          1      --              --              --        -- 
b_out[12]          1      --              --              --        -- 
b_out[13]          1      --              --              --        -- 
b_out[14]          1      --              --              --        -- 
b_out[15]          1      --              --              --        -- 
c_out[0]           1      --              --              --        -- 
c_out[1]           1      --              --              --        -- 
c_out[2]           1      --              --              --        -- 
c_out[3]           1      --              --              --        -- 
c_out[4]           1      --              --              --        -- 
c_out[5]           1      --              --              --        -- 
c_out[6]           1      --              --              --        -- 
c_out[7]           1      --              --              --        -- 
c_out[8]           1      --              --              --        -- 
c_out[9]           1      --              --              --        -- 
c_out[10]          1      --              --              --        -- 
c_out[11]          1      --              --              --        -- 
c_out[12]          1      --              --              --        -- 
c_out[13]          1      --              --              --        -- 
c_out[14]          1      --              --              --        -- 
c_out[15]          1      --              --              --        -- 
result_out[0]      1      --              --              --        -- 
result_out[1]      1      --              --              --        -- 
result_out[2]      1      --              --              --        -- 
result_out[3]      1      --              --              --        -- 
result_out[4]      1      --              --              --        -- 
result_out[5]      1      --              --              --        -- 
result_out[6]      1      --              --              --        -- 
result_out[7]      1      --              --              --        -- 
result_out[8]      1      --              --              --        -- 
result_out[9]      1      --              --              --        -- 
result_out[10]
                   1      --              --              --        -- 
result_out[11]
                   1      --              --              --        -- 
result_out[12]
                   1      --              --              --        -- 
result_out[13]
                   1      --              --              --        -- 
result_out[14]
                   1      --              --              --        -- 
result_out[15]
                   1      --              --              --        -- 

                    Input Delay
                  Min             Max       Related   Max
Input Port    Rise    Fall    Rise    Fall   Clock  Fanout
--------------------------------------------------------------------------------
a[0]          0.10    0.10    0.10    0.10  MAIN_CLOCK
                                                      4.00  
a[1]          0.10    0.10    0.10    0.10  MAIN_CLOCK
                                                      4.00  
a[2]          0.10    0.10    0.10    0.10  MAIN_CLOCK
                                                      4.00  
a[3]          0.10    0.10    0.10    0.10  MAIN_CLOCK
                                                      4.00  
a[4]          0.10    0.10    0.10    0.10  MAIN_CLOCK
                                                      4.00  
a[5]          0.10    0.10    0.10    0.10  MAIN_CLOCK
                                                      4.00  
a[6]          0.10    0.10    0.10    0.10  MAIN_CLOCK
                                                      4.00  
a[7]          0.10    0.10    0.10    0.10  MAIN_CLOCK
                                                      4.00  
a[8]          0.10    0.10    0.10    0.10  MAIN_CLOCK
                                                      4.00  
a[9]          0.10    0.10    0.10    0.10  MAIN_CLOCK
                                                      4.00  
a[10]         0.10    0.10    0.10    0.10  MAIN_CLOCK
                                                      4.00  
a[11]         0.10    0.10    0.10    0.10  MAIN_CLOCK
                                                      4.00  
a[12]         0.10    0.10    0.10    0.10  MAIN_CLOCK
                                                      4.00  
a[13]         0.10    0.10    0.10    0.10  MAIN_CLOCK
                                                      4.00  
a[14]         0.10    0.10    0.10    0.10  MAIN_CLOCK
                                                      4.00  
a[15]         0.10    0.10    0.10    0.10  MAIN_CLOCK
                                                      4.00  
b[0]          0.10    0.10    0.10    0.10  MAIN_CLOCK
                                                      4.00  
b[1]          0.10    0.10    0.10    0.10  MAIN_CLOCK
                                                      4.00  
b[2]          0.10    0.10    0.10    0.10  MAIN_CLOCK
                                                      4.00  
b[3]          0.10    0.10    0.10    0.10  MAIN_CLOCK
                                                      4.00  
b[4]          0.10    0.10    0.10    0.10  MAIN_CLOCK
                                                      4.00  
b[5]          0.10    0.10    0.10    0.10  MAIN_CLOCK
                                                      4.00  
b[6]          0.10    0.10    0.10    0.10  MAIN_CLOCK
                                                      4.00  
b[7]          0.10    0.10    0.10    0.10  MAIN_CLOCK
                                                      4.00  
b[8]          0.10    0.10    0.10    0.10  MAIN_CLOCK
                                                      4.00  
b[9]          0.10    0.10    0.10    0.10  MAIN_CLOCK
                                                      4.00  
b[10]         0.10    0.10    0.10    0.10  MAIN_CLOCK
                                                      4.00  
b[11]         0.10    0.10    0.10    0.10  MAIN_CLOCK
                                                      4.00  
b[12]         0.10    0.10    0.10    0.10  MAIN_CLOCK
                                                      4.00  
b[13]         0.10    0.10    0.10    0.10  MAIN_CLOCK
                                                      4.00  
b[14]         0.10    0.10    0.10    0.10  MAIN_CLOCK
                                                      4.00  
b[15]         0.10    0.10    0.10    0.10  MAIN_CLOCK
                                                      4.00  
c[0]          0.10    0.10    0.10    0.10  MAIN_CLOCK
                                                      4.00  
c[1]          0.10    0.10    0.10    0.10  MAIN_CLOCK
                                                      4.00  
c[2]          0.10    0.10    0.10    0.10  MAIN_CLOCK
                                                      4.00  
c[3]          0.10    0.10    0.10    0.10  MAIN_CLOCK
                                                      4.00  
c[4]          0.10    0.10    0.10    0.10  MAIN_CLOCK
                                                      4.00  
c[5]          0.10    0.10    0.10    0.10  MAIN_CLOCK
                                                      4.00  
c[6]          0.10    0.10    0.10    0.10  MAIN_CLOCK
                                                      4.00  
c[7]          0.10    0.10    0.10    0.10  MAIN_CLOCK
                                                      4.00  
c[8]          0.10    0.10    0.10    0.10  MAIN_CLOCK
                                                      4.00  
c[9]          0.10    0.10    0.10    0.10  MAIN_CLOCK
                                                      4.00  
c[10]         0.10    0.10    0.10    0.10  MAIN_CLOCK
                                                      4.00  
c[11]         0.10    0.10    0.10    0.10  MAIN_CLOCK
                                                      4.00  
c[12]         0.10    0.10    0.10    0.10  MAIN_CLOCK
                                                      4.00  
c[13]         0.10    0.10    0.10    0.10  MAIN_CLOCK
                                                      4.00  
c[14]         0.10    0.10    0.10    0.10  MAIN_CLOCK
                                                      4.00  
c[15]         0.10    0.10    0.10    0.10  MAIN_CLOCK
                                                      4.00  
clk           --      --      --      --      --      -- 
imm1[0]       0.10    0.10    0.10    0.10  MAIN_CLOCK
                                                      4.00  
imm1[1]       0.10    0.10    0.10    0.10  MAIN_CLOCK
                                                      4.00  
imm1[2]       0.10    0.10    0.10    0.10  MAIN_CLOCK
                                                      4.00  
imm1[3]       0.10    0.10    0.10    0.10  MAIN_CLOCK
                                                      4.00  
imm1[4]       0.10    0.10    0.10    0.10  MAIN_CLOCK
                                                      4.00  
imm1[5]       0.10    0.10    0.10    0.10  MAIN_CLOCK
                                                      4.00  
imm1[6]       0.10    0.10    0.10    0.10  MAIN_CLOCK
                                                      4.00  
imm1[7]       0.10    0.10    0.10    0.10  MAIN_CLOCK
                                                      4.00  
imm1[8]       0.10    0.10    0.10    0.10  MAIN_CLOCK
                                                      4.00  
imm1[9]       0.10    0.10    0.10    0.10  MAIN_CLOCK
                                                      4.00  
imm1[10]      0.10    0.10    0.10    0.10  MAIN_CLOCK
                                                      4.00  
imm1[11]      0.10    0.10    0.10    0.10  MAIN_CLOCK
                                                      4.00  
imm1[12]      0.10    0.10    0.10    0.10  MAIN_CLOCK
                                                      4.00  
imm1[13]      0.10    0.10    0.10    0.10  MAIN_CLOCK
                                                      4.00  
imm1[14]      0.10    0.10    0.10    0.10  MAIN_CLOCK
                                                      4.00  
imm1[15]      0.10    0.10    0.10    0.10  MAIN_CLOCK
                                                      4.00  
imm2[0]       0.10    0.10    0.10    0.10  MAIN_CLOCK
                                                      4.00  
imm2[1]       0.10    0.10    0.10    0.10  MAIN_CLOCK
                                                      4.00  
imm2[2]       0.10    0.10    0.10    0.10  MAIN_CLOCK
                                                      4.00  
imm2[3]       0.10    0.10    0.10    0.10  MAIN_CLOCK
                                                      4.00  
imm2[4]       0.10    0.10    0.10    0.10  MAIN_CLOCK
                                                      4.00  
imm2[5]       0.10    0.10    0.10    0.10  MAIN_CLOCK
                                                      4.00  
imm2[6]       0.10    0.10    0.10    0.10  MAIN_CLOCK
                                                      4.00  
imm2[7]       0.10    0.10    0.10    0.10  MAIN_CLOCK
                                                      4.00  
imm2[8]       0.10    0.10    0.10    0.10  MAIN_CLOCK
                                                      4.00  
imm2[9]       0.10    0.10    0.10    0.10  MAIN_CLOCK
                                                      4.00  
imm2[10]      0.10    0.10    0.10    0.10  MAIN_CLOCK
                                                      4.00  
imm2[11]      0.10    0.10    0.10    0.10  MAIN_CLOCK
                                                      4.00  
imm2[12]      0.10    0.10    0.10    0.10  MAIN_CLOCK
                                                      4.00  
imm2[13]      0.10    0.10    0.10    0.10  MAIN_CLOCK
                                                      4.00  
imm2[14]      0.10    0.10    0.10    0.10  MAIN_CLOCK
                                                      4.00  
imm2[15]      0.10    0.10    0.10    0.10  MAIN_CLOCK
                                                      4.00  
pipeline_en   0.10    0.10    0.10    0.10  MAIN_CLOCK
                                                      4.00  
reg_clear     0.10    0.10    0.10    0.10  MAIN_CLOCK
                                                      4.00  
result_load   0.10    0.10    0.10    0.10  MAIN_CLOCK
                                                      4.00  
rst_n         --      --      --      --      --      4.00
sel0[0]       0.10    0.10    0.10    0.10  MAIN_CLOCK
                                                      4.00  
sel0[1]       0.10    0.10    0.10    0.10  MAIN_CLOCK
                                                      4.00  
sel1[0]       0.10    0.10    0.10    0.10  MAIN_CLOCK
                                                      4.00  
sel1[1]       0.10    0.10    0.10    0.10  MAIN_CLOCK
                                                      4.00  
sel2          0.10    0.10    0.10    0.10  MAIN_CLOCK
                                                      4.00  
sel3          0.10    0.10    0.10    0.10  MAIN_CLOCK
                                                      4.00  
sel4          0.10    0.10    0.10    0.10  MAIN_CLOCK
                                                      4.00  


               Max Drive      Min Drive      Resistance    Min    Min       Cell
Input Port    Rise    Fall   Rise    Fall   Max     Min    Cap    Fanout    Deg
--------------------------------------------------------------------------------
a[0]          --      --     --      --     --      --     --     --        -- 
a[1]          --      --     --      --     --      --     --     --        -- 
a[2]          --      --     --      --     --      --     --     --        -- 
a[3]          --      --     --      --     --      --     --     --        -- 
a[4]          --      --     --      --     --      --     --     --        -- 
a[5]          --      --     --      --     --      --     --     --        -- 
a[6]          --      --     --      --     --      --     --     --        -- 
a[7]          --      --     --      --     --      --     --     --        -- 
a[8]          --      --     --      --     --      --     --     --        -- 
a[9]          --      --     --      --     --      --     --     --        -- 
a[10]         --      --     --      --     --      --     --     --        -- 
a[11]         --      --     --      --     --      --     --     --        -- 
a[12]         --      --     --      --     --      --     --     --        -- 
a[13]         --      --     --      --     --      --     --     --        -- 
a[14]         --      --     --      --     --      --     --     --        -- 
a[15]         --      --     --      --     --      --     --     --        -- 
b[0]          --      --     --      --     --      --     --     --        -- 
b[1]          --      --     --      --     --      --     --     --        -- 
b[2]          --      --     --      --     --      --     --     --        -- 
b[3]          --      --     --      --     --      --     --     --        -- 
b[4]          --      --     --      --     --      --     --     --        -- 
b[5]          --      --     --      --     --      --     --     --        -- 
b[6]          --      --     --      --     --      --     --     --        -- 
b[7]          --      --     --      --     --      --     --     --        -- 
b[8]          --      --     --      --     --      --     --     --        -- 
b[9]          --      --     --      --     --      --     --     --        -- 
b[10]         --      --     --      --     --      --     --     --        -- 
b[11]         --      --     --      --     --      --     --     --        -- 
b[12]         --      --     --      --     --      --     --     --        -- 
b[13]         --      --     --      --     --      --     --     --        -- 
b[14]         --      --     --      --     --      --     --     --        -- 
b[15]         --      --     --      --     --      --     --     --        -- 
c[0]          --      --     --      --     --      --     --     --        -- 
c[1]          --      --     --      --     --      --     --     --        -- 
c[2]          --      --     --      --     --      --     --     --        -- 
c[3]          --      --     --      --     --      --     --     --        -- 
c[4]          --      --     --      --     --      --     --     --        -- 
c[5]          --      --     --      --     --      --     --     --        -- 
c[6]          --      --     --      --     --      --     --     --        -- 
c[7]          --      --     --      --     --      --     --     --        -- 
c[8]          --      --     --      --     --      --     --     --        -- 
c[9]          --      --     --      --     --      --     --     --        -- 
c[10]         --      --     --      --     --      --     --     --        -- 
c[11]         --      --     --      --     --      --     --     --        -- 
c[12]         --      --     --      --     --      --     --     --        -- 
c[13]         --      --     --      --     --      --     --     --        -- 
c[14]         --      --     --      --     --      --     --     --        -- 
c[15]         --      --     --      --     --      --     --     --        -- 
clk           --      --     --      --     --      --     --     --        -- 
imm1[0]       --      --     --      --     --      --     --     --        -- 
imm1[1]       --      --     --      --     --      --     --     --        -- 
imm1[2]       --      --     --      --     --      --     --     --        -- 
imm1[3]       --      --     --      --     --      --     --     --        -- 
imm1[4]       --      --     --      --     --      --     --     --        -- 
imm1[5]       --      --     --      --     --      --     --     --        -- 
imm1[6]       --      --     --      --     --      --     --     --        -- 
imm1[7]       --      --     --      --     --      --     --     --        -- 
imm1[8]       --      --     --      --     --      --     --     --        -- 
imm1[9]       --      --     --      --     --      --     --     --        -- 
imm1[10]      --      --     --      --     --      --     --     --        -- 
imm1[11]      --      --     --      --     --      --     --     --        -- 
imm1[12]      --      --     --      --     --      --     --     --        -- 
imm1[13]      --      --     --      --     --      --     --     --        -- 
imm1[14]      --      --     --      --     --      --     --     --        -- 
imm1[15]      --      --     --      --     --      --     --     --        -- 
imm2[0]       --      --     --      --     --      --     --     --        -- 
imm2[1]       --      --     --      --     --      --     --     --        -- 
imm2[2]       --      --     --      --     --      --     --     --        -- 
imm2[3]       --      --     --      --     --      --     --     --        -- 
imm2[4]       --      --     --      --     --      --     --     --        -- 
imm2[5]       --      --     --      --     --      --     --     --        -- 
imm2[6]       --      --     --      --     --      --     --     --        -- 
imm2[7]       --      --     --      --     --      --     --     --        -- 
imm2[8]       --      --     --      --     --      --     --     --        -- 
imm2[9]       --      --     --      --     --      --     --     --        -- 
imm2[10]      --      --     --      --     --      --     --     --        -- 
imm2[11]      --      --     --      --     --      --     --     --        -- 
imm2[12]      --      --     --      --     --      --     --     --        -- 
imm2[13]      --      --     --      --     --      --     --     --        -- 
imm2[14]      --      --     --      --     --      --     --     --        -- 
imm2[15]      --      --     --      --     --      --     --     --        -- 
pipeline_en   --      --     --      --     --      --     --     --        -- 
reg_clear     --      --     --      --     --      --     --     --        -- 
result_load   --      --     --      --     --      --     --     --        -- 
rst_n         --      --     --      --     --      --     --     --        -- 
sel0[0]       --      --     --      --     --      --     --     --        -- 
sel0[1]       --      --     --      --     --      --     --     --        -- 
sel1[0]       --      --     --      --     --      --     --     --        -- 
sel1[1]       --      --     --      --     --      --     --     --        -- 
sel2          --      --     --      --     --      --     --     --        -- 
sel3          --      --     --      --     --      --     --     --        -- 
sel4          --      --     --      --     --      --     --     --        -- 


               Max Tran        Min Tran
Input Port    Rise    Fall    Rise    Fall
--------------------------------------------------------------------------------
a[0]          --      --      --      -- 
a[1]          --      --      --      -- 
a[2]          --      --      --      -- 
a[3]          --      --      --      -- 
a[4]          --      --      --      -- 
a[5]          --      --      --      -- 
a[6]          --      --      --      -- 
a[7]          --      --      --      -- 
a[8]          --      --      --      -- 
a[9]          --      --      --      -- 
a[10]         --      --      --      -- 
a[11]         --      --      --      -- 
a[12]         --      --      --      -- 
a[13]         --      --      --      -- 
a[14]         --      --      --      -- 
a[15]         --      --      --      -- 
b[0]          --      --      --      -- 
b[1]          --      --      --      -- 
b[2]          --      --      --      -- 
b[3]          --      --      --      -- 
b[4]          --      --      --      -- 
b[5]          --      --      --      -- 
b[6]          --      --      --      -- 
b[7]          --      --      --      -- 
b[8]          --      --      --      -- 
b[9]          --      --      --      -- 
b[10]         --      --      --      -- 
b[11]         --      --      --      -- 
b[12]         --      --      --      -- 
b[13]         --      --      --      -- 
b[14]         --      --      --      -- 
b[15]         --      --      --      -- 
c[0]          --      --      --      -- 
c[1]          --      --      --      -- 
c[2]          --      --      --      -- 
c[3]          --      --      --      -- 
c[4]          --      --      --      -- 
c[5]          --      --      --      -- 
c[6]          --      --      --      -- 
c[7]          --      --      --      -- 
c[8]          --      --      --      -- 
c[9]          --      --      --      -- 
c[10]         --      --      --      -- 
c[11]         --      --      --      -- 
c[12]         --      --      --      -- 
c[13]         --      --      --      -- 
c[14]         --      --      --      -- 
c[15]         --      --      --      -- 
clk           --      --      --      -- 
imm1[0]       --      --      --      -- 
imm1[1]       --      --      --      -- 
imm1[2]       --      --      --      -- 
imm1[3]       --      --      --      -- 
imm1[4]       --      --      --      -- 
imm1[5]       --      --      --      -- 
imm1[6]       --      --      --      -- 
imm1[7]       --      --      --      -- 
imm1[8]       --      --      --      -- 
imm1[9]       --      --      --      -- 
imm1[10]      --      --      --      -- 
imm1[11]      --      --      --      -- 
imm1[12]      --      --      --      -- 
imm1[13]      --      --      --      -- 
imm1[14]      --      --      --      -- 
imm1[15]      --      --      --      -- 
imm2[0]       --      --      --      -- 
imm2[1]       --      --      --      -- 
imm2[2]       --      --      --      -- 
imm2[3]       --      --      --      -- 
imm2[4]       --      --      --      -- 
imm2[5]       --      --      --      -- 
imm2[6]       --      --      --      -- 
imm2[7]       --      --      --      -- 
imm2[8]       --      --      --      -- 
imm2[9]       --      --      --      -- 
imm2[10]      --      --      --      -- 
imm2[11]      --      --      --      -- 
imm2[12]      --      --      --      -- 
imm2[13]      --      --      --      -- 
imm2[14]      --      --      --      -- 
imm2[15]      --      --      --      -- 
pipeline_en   --      --      --      -- 
reg_clear     --      --      --      -- 
result_load   --      --      --      -- 
rst_n         --      --      --      -- 
sel0[0]       --      --      --      -- 
sel0[1]       --      --      --      -- 
sel1[0]       --      --      --      -- 
sel1[1]       --      --      --      -- 
sel2          --      --      --      -- 
sel3          --      --      --      -- 
sel4          --      --      --      -- 


                    Output Delay
                  Min             Max      Related  Fanout
Output Port   Rise    Fall    Rise    Fall  Clock     Load
--------------------------------------------------------------------------------
a_out[0]      0.10    0.10    0.10    0.10  MAIN_CLOCK
                                                      0.00  
a_out[1]      0.10    0.10    0.10    0.10  MAIN_CLOCK
                                                      0.00  
a_out[2]      0.10    0.10    0.10    0.10  MAIN_CLOCK
                                                      0.00  
a_out[3]      0.10    0.10    0.10    0.10  MAIN_CLOCK
                                                      0.00  
a_out[4]      0.10    0.10    0.10    0.10  MAIN_CLOCK
                                                      0.00  
a_out[5]      0.10    0.10    0.10    0.10  MAIN_CLOCK
                                                      0.00  
a_out[6]      0.10    0.10    0.10    0.10  MAIN_CLOCK
                                                      0.00  
a_out[7]      0.10    0.10    0.10    0.10  MAIN_CLOCK
                                                      0.00  
a_out[8]      0.10    0.10    0.10    0.10  MAIN_CLOCK
                                                      0.00  
a_out[9]      0.10    0.10    0.10    0.10  MAIN_CLOCK
                                                      0.00  
a_out[10]     0.10    0.10    0.10    0.10  MAIN_CLOCK
                                                      0.00  
a_out[11]     0.10    0.10    0.10    0.10  MAIN_CLOCK
                                                      0.00  
a_out[12]     0.10    0.10    0.10    0.10  MAIN_CLOCK
                                                      0.00  
a_out[13]     0.10    0.10    0.10    0.10  MAIN_CLOCK
                                                      0.00  
a_out[14]     0.10    0.10    0.10    0.10  MAIN_CLOCK
                                                      0.00  
a_out[15]     0.10    0.10    0.10    0.10  MAIN_CLOCK
                                                      0.00  
b_out[0]      0.10    0.10    0.10    0.10  MAIN_CLOCK
                                                      0.00  
b_out[1]      0.10    0.10    0.10    0.10  MAIN_CLOCK
                                                      0.00  
b_out[2]      0.10    0.10    0.10    0.10  MAIN_CLOCK
                                                      0.00  
b_out[3]      0.10    0.10    0.10    0.10  MAIN_CLOCK
                                                      0.00  
b_out[4]      0.10    0.10    0.10    0.10  MAIN_CLOCK
                                                      0.00  
b_out[5]      0.10    0.10    0.10    0.10  MAIN_CLOCK
                                                      0.00  
b_out[6]      0.10    0.10    0.10    0.10  MAIN_CLOCK
                                                      0.00  
b_out[7]      0.10    0.10    0.10    0.10  MAIN_CLOCK
                                                      0.00  
b_out[8]      0.10    0.10    0.10    0.10  MAIN_CLOCK
                                                      0.00  
b_out[9]      0.10    0.10    0.10    0.10  MAIN_CLOCK
                                                      0.00  
b_out[10]     0.10    0.10    0.10    0.10  MAIN_CLOCK
                                                      0.00  
b_out[11]     0.10    0.10    0.10    0.10  MAIN_CLOCK
                                                      0.00  
b_out[12]     0.10    0.10    0.10    0.10  MAIN_CLOCK
                                                      0.00  
b_out[13]     0.10    0.10    0.10    0.10  MAIN_CLOCK
                                                      0.00  
b_out[14]     0.10    0.10    0.10    0.10  MAIN_CLOCK
                                                      0.00  
b_out[15]     0.10    0.10    0.10    0.10  MAIN_CLOCK
                                                      0.00  
c_out[0]      0.10    0.10    0.10    0.10  MAIN_CLOCK
                                                      0.00  
c_out[1]      0.10    0.10    0.10    0.10  MAIN_CLOCK
                                                      0.00  
c_out[2]      0.10    0.10    0.10    0.10  MAIN_CLOCK
                                                      0.00  
c_out[3]      0.10    0.10    0.10    0.10  MAIN_CLOCK
                                                      0.00  
c_out[4]      0.10    0.10    0.10    0.10  MAIN_CLOCK
                                                      0.00  
c_out[5]      0.10    0.10    0.10    0.10  MAIN_CLOCK
                                                      0.00  
c_out[6]      0.10    0.10    0.10    0.10  MAIN_CLOCK
                                                      0.00  
c_out[7]      0.10    0.10    0.10    0.10  MAIN_CLOCK
                                                      0.00  
c_out[8]      0.10    0.10    0.10    0.10  MAIN_CLOCK
                                                      0.00  
c_out[9]      0.10    0.10    0.10    0.10  MAIN_CLOCK
                                                      0.00  
c_out[10]     0.10    0.10    0.10    0.10  MAIN_CLOCK
                                                      0.00  
c_out[11]     0.10    0.10    0.10    0.10  MAIN_CLOCK
                                                      0.00  
c_out[12]     0.10    0.10    0.10    0.10  MAIN_CLOCK
                                                      0.00  
c_out[13]     0.10    0.10    0.10    0.10  MAIN_CLOCK
                                                      0.00  
c_out[14]     0.10    0.10    0.10    0.10  MAIN_CLOCK
                                                      0.00  
c_out[15]     0.10    0.10    0.10    0.10  MAIN_CLOCK
                                                      0.00  
result_out[0]
              0.10    0.10    0.10    0.10  MAIN_CLOCK
                                                      0.00  
result_out[1]
              0.10    0.10    0.10    0.10  MAIN_CLOCK
                                                      0.00  
result_out[2]
              0.10    0.10    0.10    0.10  MAIN_CLOCK
                                                      0.00  
result_out[3]
              0.10    0.10    0.10    0.10  MAIN_CLOCK
                                                      0.00  
result_out[4]
              0.10    0.10    0.10    0.10  MAIN_CLOCK
                                                      0.00  
result_out[5]
              0.10    0.10    0.10    0.10  MAIN_CLOCK
                                                      0.00  
result_out[6]
              0.10    0.10    0.10    0.10  MAIN_CLOCK
                                                      0.00  
result_out[7]
              0.10    0.10    0.10    0.10  MAIN_CLOCK
                                                      0.00  
result_out[8]
              0.10    0.10    0.10    0.10  MAIN_CLOCK
                                                      0.00  
result_out[9]
              0.10    0.10    0.10    0.10  MAIN_CLOCK
                                                      0.00  
result_out[10]
              0.10    0.10    0.10    0.10  MAIN_CLOCK
                                                      0.00  
result_out[11]
              0.10    0.10    0.10    0.10  MAIN_CLOCK
                                                      0.00  
result_out[12]
              0.10    0.10    0.10    0.10  MAIN_CLOCK
                                                      0.00  
result_out[13]
              0.10    0.10    0.10    0.10  MAIN_CLOCK
                                                      0.00  
result_out[14]
              0.10    0.10    0.10    0.10  MAIN_CLOCK
                                                      0.00  
result_out[15]
              0.10    0.10    0.10    0.10  MAIN_CLOCK
                                                      0.00  

1
