 
****************************************
Report : path_group
Design : sa_processing_element
Version: V-2023.12-SP5
Date   : Tue Oct  7 01:33:23 2025
****************************************

                        Critical
Group Name    Weight    Range
--------------------------------------------------------------------------------
**default**   1.00      0.00                 
COMBO         5.00      1.00                 
INPUTS        1.00      0.50                 
MAIN_CLOCK    5.00      0.50                 
OUTPUTS       1.00      0.50                 

Path Group COMBO:
	-from    { clk\
		   rst_n\
		   a[15]\
		   a[14]\
		   a[13]\
		   a[12]\
		   a[11]\
		   a[10]\
		   a[9]\
		   a[8]\
		   a[7]\
		   a[6]\
		   a[5]\
		   a[4]\
		   a[3]\
		   a[2]\
		   a[1]\
		   a[0]\
		   b[15]\
		   b[14]\
		   b[13]\
		   b[12]\
		   b[11]\
		   b[10]\
		   b[9]\
		   b[8]\
		   b[7]\
		   b[6]\
		   b[5]\
		   b[4]\
		   b[3]\
		   b[2]\
		   b[1]\
		   b[0]\
		   c[15]\
		   c[14]\
		   c[13]\
		   c[12]\
		   c[11]\
		   c[10]\
		   c[9]\
		   c[8]\
		   c[7]\
		   c[6]\
		   c[5]\
		   c[4]\
		   c[3]\
		   c[2]\
		   c[1]\
		   c[0]\
		   reg_clear\
		   pipeline_en\
		   result_load\
		   sel0[1]\
		   sel0[0]\
		   sel1[1]\
		   sel1[0]\
		   sel2\
		   sel3\
		   sel4\
		   imm1[15]\
		   imm1[14]\
		   imm1[13]\
		   imm1[12]\
		   imm1[11]\
		   imm1[10]\
		   imm1[9]\
		   imm1[8]\
		   imm1[7]\
		   imm1[6]\
		   imm1[5]\
		   imm1[4]\
		   imm1[3]\
		   imm1[2]\
		   imm1[1]\
		   imm1[0]\
		   imm2[15]\
		   imm2[14]\
		   imm2[13]\
		   imm2[12]\
		   imm2[11]\
		   imm2[10]\
		   imm2[9]\
		   imm2[8]\
		   imm2[7]\
		   imm2[6]\
		   imm2[5]\
		   imm2[4]\
		   imm2[3]\
		   imm2[2]\
		   imm2[1]\
		   imm2[0] }\
	-to      { a_out[15]\
		   a_out[14]\
		   a_out[13]\
		   a_out[12]\
		   a_out[11]\
		   a_out[10]\
		   a_out[9]\
		   a_out[8]\
		   a_out[7]\
		   a_out[6]\
		   a_out[5]\
		   a_out[4]\
		   a_out[3]\
		   a_out[2]\
		   a_out[1]\
		   a_out[0]\
		   b_out[15]\
		   b_out[14]\
		   b_out[13]\
		   b_out[12]\
		   b_out[11]\
		   b_out[10]\
		   b_out[9]\
		   b_out[8]\
		   b_out[7]\
		   b_out[6]\
		   b_out[5]\
		   b_out[4]\
		   b_out[3]\
		   b_out[2]\
		   b_out[1]\
		   b_out[0]\
		   c_out[15]\
		   c_out[14]\
		   c_out[13]\
		   c_out[12]\
		   c_out[11]\
		   c_out[10]\
		   c_out[9]\
		   c_out[8]\
		   c_out[7]\
		   c_out[6]\
		   c_out[5]\
		   c_out[4]\
		   c_out[3]\
		   c_out[2]\
		   c_out[1]\
		   c_out[0]\
		   result_out[15]\
		   result_out[14]\
		   result_out[13]\
		   result_out[12]\
		   result_out[11]\
		   result_out[10]\
		   result_out[9]\
		   result_out[8]\
		   result_out[7]\
		   result_out[6]\
		   result_out[5]\
		   result_out[4]\
		   result_out[3]\
		   result_out[2]\
		   result_out[1]\
		   result_out[0] }

Path Group INPUTS:
	-from    { clk\
		   rst_n\
		   a[15]\
		   a[14]\
		   a[13]\
		   a[12]\
		   a[11]\
		   a[10]\
		   a[9]\
		   a[8]\
		   a[7]\
		   a[6]\
		   a[5]\
		   a[4]\
		   a[3]\
		   a[2]\
		   a[1]\
		   a[0]\
		   b[15]\
		   b[14]\
		   b[13]\
		   b[12]\
		   b[11]\
		   b[10]\
		   b[9]\
		   b[8]\
		   b[7]\
		   b[6]\
		   b[5]\
		   b[4]\
		   b[3]\
		   b[2]\
		   b[1]\
		   b[0]\
		   c[15]\
		   c[14]\
		   c[13]\
		   c[12]\
		   c[11]\
		   c[10]\
		   c[9]\
		   c[8]\
		   c[7]\
		   c[6]\
		   c[5]\
		   c[4]\
		   c[3]\
		   c[2]\
		   c[1]\
		   c[0]\
		   reg_clear\
		   pipeline_en\
		   result_load\
		   sel0[1]\
		   sel0[0]\
		   sel1[1]\
		   sel1[0]\
		   sel2\
		   sel3\
		   sel4\
		   imm1[15]\
		   imm1[14]\
		   imm1[13]\
		   imm1[12]\
		   imm1[11]\
		   imm1[10]\
		   imm1[9]\
		   imm1[8]\
		   imm1[7]\
		   imm1[6]\
		   imm1[5]\
		   imm1[4]\
		   imm1[3]\
		   imm1[2]\
		   imm1[1]\
		   imm1[0]\
		   imm2[15]\
		   imm2[14]\
		   imm2[13]\
		   imm2[12]\
		   imm2[11]\
		   imm2[10]\
		   imm2[9]\
		   imm2[8]\
		   imm2[7]\
		   imm2[6]\
		   imm2[5]\
		   imm2[4]\
		   imm2[3]\
		   imm2[2]\
		   imm2[1]\
		   imm2[0] }

Path Group MAIN_CLOCK:
	-to      MAIN_CLOCK

Path Group OUTPUTS:
	-to      { a_out[15]\
		   a_out[14]\
		   a_out[13]\
		   a_out[12]\
		   a_out[11]\
		   a_out[10]\
		   a_out[9]\
		   a_out[8]\
		   a_out[7]\
		   a_out[6]\
		   a_out[5]\
		   a_out[4]\
		   a_out[3]\
		   a_out[2]\
		   a_out[1]\
		   a_out[0]\
		   b_out[15]\
		   b_out[14]\
		   b_out[13]\
		   b_out[12]\
		   b_out[11]\
		   b_out[10]\
		   b_out[9]\
		   b_out[8]\
		   b_out[7]\
		   b_out[6]\
		   b_out[5]\
		   b_out[4]\
		   b_out[3]\
		   b_out[2]\
		   b_out[1]\
		   b_out[0]\
		   c_out[15]\
		   c_out[14]\
		   c_out[13]\
		   c_out[12]\
		   c_out[11]\
		   c_out[10]\
		   c_out[9]\
		   c_out[8]\
		   c_out[7]\
		   c_out[6]\
		   c_out[5]\
		   c_out[4]\
		   c_out[3]\
		   c_out[2]\
		   c_out[1]\
		   c_out[0]\
		   result_out[15]\
		   result_out[14]\
		   result_out[13]\
		   result_out[12]\
		   result_out[11]\
		   result_out[10]\
		   result_out[9]\
		   result_out[8]\
		   result_out[7]\
		   result_out[6]\
		   result_out[5]\
		   result_out[4]\
		   result_out[3]\
		   result_out[2]\
		   result_out[1]\
		   result_out[0] }

1
