 
****************************************
Report : area
Design : sa_processing_element
Version: V-2023.12-SP5
Date   : Tue Oct  7 01:33:23 2025
****************************************

Library(s) Used:

    NanGate_15nm_OCL (File: /home/csarch/workspace/MOSA_RTL/syn/pdk/NanGate_15nm_OCL_v0.1_2014_06_Apache.A/front_end/timing_power_noise/NLDM/NanGate_15nm_OCL.db)

Number of ports:                          786
Number of nets:                          3241
Number of cells:                         2588
Number of combinational cells:           2499
Number of sequential cells:                80
Number of macros/black boxes:               0
Number of buf/inv:                        652
Number of references:                      24

Combinational area:                704.888845
Buf/Inv area:                      113.737730
Noncombinational area:             102.236156
Macro/Black Box area:                0.000000
Net Interconnect area:      undefined  (No wire load specified)

Total cell area:                   807.125002
Total area:                 undefined
1
