 
****************************************
Report : port
        -verbose
Design : mac_unit
Version: V-2023.12-SP5
Date   : Wed Sep 24 08:43:39 2025
****************************************



Attributes:
    i - ideal_network

                       Pin      Wire     Max     Max     Connection
Port           Dir     Load     Load     Trans   Cap     Class      Attrs
--------------------------------------------------------------------------------
clk            in      0.0000   0.0000   --      --      --         i
rst            in      0.0000   0.0000   10.00   --      --         
w_new[0]       in      0.0000   0.0000   10.00   --      --         
w_new[1]       in      0.0000   0.0000   10.00   --      --         
w_new[2]       in      0.0000   0.0000   10.00   --      --         
w_new[3]       in      0.0000   0.0000   10.00   --      --         
w_new[4]       in      0.0000   0.0000   10.00   --      --         
w_new[5]       in      0.0000   0.0000   10.00   --      --         
w_new[6]       in      0.0000   0.0000   10.00   --      --         
w_new[7]       in      0.0000   0.0000   10.00   --      --         
w_new[8]       in      0.0000   0.0000   10.00   --      --         
w_new[9]       in      0.0000   0.0000   10.00   --      --         
w_new[10]      in      0.0000   0.0000   10.00   --      --         
w_new[11]      in      0.0000   0.0000   10.00   --      --         
w_new[12]      in      0.0000   0.0000   10.00   --      --         
w_new[13]      in      0.0000   0.0000   10.00   --      --         
w_new[14]      in      0.0000   0.0000   10.00   --      --         
w_new[15]      in      0.0000   0.0000   10.00   --      --         
w_new[16]      in      0.0000   0.0000   10.00   --      --         
w_new[17]      in      0.0000   0.0000   10.00   --      --         
w_new[18]      in      0.0000   0.0000   10.00   --      --         
w_new[19]      in      0.0000   0.0000   10.00   --      --         
w_new[20]      in      0.0000   0.0000   10.00   --      --         
w_new[21]      in      0.0000   0.0000   10.00   --      --         
w_new[22]      in      0.0000   0.0000   10.00   --      --         
w_new[23]      in      0.0000   0.0000   10.00   --      --         
w_new[24]      in      0.0000   0.0000   10.00   --      --         
w_new[25]      in      0.0000   0.0000   10.00   --      --         
w_new[26]      in      0.0000   0.0000   10.00   --      --         
w_new[27]      in      0.0000   0.0000   10.00   --      --         
w_new[28]      in      0.0000   0.0000   10.00   --      --         
w_new[29]      in      0.0000   0.0000   10.00   --      --         
w_new[30]      in      0.0000   0.0000   10.00   --      --         
w_new[31]      in      0.0000   0.0000   10.00   --      --         
x_new[0]       in      0.0000   0.0000   10.00   --      --         
x_new[1]       in      0.0000   0.0000   10.00   --      --         
x_new[2]       in      0.0000   0.0000   10.00   --      --         
x_new[3]       in      0.0000   0.0000   10.00   --      --         
x_new[4]       in      0.0000   0.0000   10.00   --      --         
x_new[5]       in      0.0000   0.0000   10.00   --      --         
x_new[6]       in      0.0000   0.0000   10.00   --      --         
x_new[7]       in      0.0000   0.0000   10.00   --      --         
x_new[8]       in      0.0000   0.0000   10.00   --      --         
x_new[9]       in      0.0000   0.0000   10.00   --      --         
x_new[10]      in      0.0000   0.0000   10.00   --      --         
x_new[11]      in      0.0000   0.0000   10.00   --      --         
x_new[12]      in      0.0000   0.0000   10.00   --      --         
x_new[13]      in      0.0000   0.0000   10.00   --      --         
x_new[14]      in      0.0000   0.0000   10.00   --      --         
x_new[15]      in      0.0000   0.0000   10.00   --      --         
x_new[16]      in      0.0000   0.0000   10.00   --      --         
x_new[17]      in      0.0000   0.0000   10.00   --      --         
x_new[18]      in      0.0000   0.0000   10.00   --      --         
x_new[19]      in      0.0000   0.0000   10.00   --      --         
x_new[20]      in      0.0000   0.0000   10.00   --      --         
x_new[21]      in      0.0000   0.0000   10.00   --      --         
x_new[22]      in      0.0000   0.0000   10.00   --      --         
x_new[23]      in      0.0000   0.0000   10.00   --      --         
x_new[24]      in      0.0000   0.0000   10.00   --      --         
x_new[25]      in      0.0000   0.0000   10.00   --      --         
x_new[26]      in      0.0000   0.0000   10.00   --      --         
x_new[27]      in      0.0000   0.0000   10.00   --      --         
x_new[28]      in      0.0000   0.0000   10.00   --      --         
x_new[29]      in      0.0000   0.0000   10.00   --      --         
x_new[30]      in      0.0000   0.0000   10.00   --      --         
x_new[31]      in      0.0000   0.0000   10.00   --      --         
pe_val[0]      out     0.5000   0.0000   --     100.00   --         
pe_val[1]      out     0.5000   0.0000   --     100.00   --         
pe_val[2]      out     0.5000   0.0000   --     100.00   --         
pe_val[3]      out     0.5000   0.0000   --     100.00   --         
pe_val[4]      out     0.5000   0.0000   --     100.00   --         
pe_val[5]      out     0.5000   0.0000   --     100.00   --         
pe_val[6]      out     0.5000   0.0000   --     100.00   --         
pe_val[7]      out     0.5000   0.0000   --     100.00   --         
pe_val[8]      out     0.5000   0.0000   --     100.00   --         
pe_val[9]      out     0.5000   0.0000   --     100.00   --         
pe_val[10]     out     0.5000   0.0000   --     100.00   --         
pe_val[11]     out     0.5000   0.0000   --     100.00   --         
pe_val[12]     out     0.5000   0.0000   --     100.00   --         
pe_val[13]     out     0.5000   0.0000   --     100.00   --         
pe_val[14]     out     0.5000   0.0000   --     100.00   --         
pe_val[15]     out     0.5000   0.0000   --     100.00   --         
pe_val[16]     out     0.5000   0.0000   --     100.00   --         
pe_val[17]     out     0.5000   0.0000   --     100.00   --         
pe_val[18]     out     0.5000   0.0000   --     100.00   --         
pe_val[19]     out     0.5000   0.0000   --     100.00   --         
pe_val[20]     out     0.5000   0.0000   --     100.00   --         
pe_val[21]     out     0.5000   0.0000   --     100.00   --         
pe_val[22]     out     0.5000   0.0000   --     100.00   --         
pe_val[23]     out     0.5000   0.0000   --     100.00   --         
pe_val[24]     out     0.5000   0.0000   --     100.00   --         
pe_val[25]     out     0.5000   0.0000   --     100.00   --         
pe_val[26]     out     0.5000   0.0000   --     100.00   --         
pe_val[27]     out     0.5000   0.0000   --     100.00   --         
pe_val[28]     out     0.5000   0.0000   --     100.00   --         
pe_val[29]     out     0.5000   0.0000   --     100.00   --         
pe_val[30]     out     0.5000   0.0000   --     100.00   --         
pe_val[31]     out     0.5000   0.0000   --     100.00   --         
w_old[0]       out     0.5000   0.0000   --     100.00   --         
w_old[1]       out     0.5000   0.0000   --     100.00   --         
w_old[2]       out     0.5000   0.0000   --     100.00   --         
w_old[3]       out     0.5000   0.0000   --     100.00   --         
w_old[4]       out     0.5000   0.0000   --     100.00   --         
w_old[5]       out     0.5000   0.0000   --     100.00   --         
w_old[6]       out     0.5000   0.0000   --     100.00   --         
w_old[7]       out     0.5000   0.0000   --     100.00   --         
w_old[8]       out     0.5000   0.0000   --     100.00   --         
w_old[9]       out     0.5000   0.0000   --     100.00   --         
w_old[10]      out     0.5000   0.0000   --     100.00   --         
w_old[11]      out     0.5000   0.0000   --     100.00   --         
w_old[12]      out     0.5000   0.0000   --     100.00   --         
w_old[13]      out     0.5000   0.0000   --     100.00   --         
w_old[14]      out     0.5000   0.0000   --     100.00   --         
w_old[15]      out     0.5000   0.0000   --     100.00   --         
w_old[16]      out     0.5000   0.0000   --     100.00   --         
w_old[17]      out     0.5000   0.0000   --     100.00   --         
w_old[18]      out     0.5000   0.0000   --     100.00   --         
w_old[19]      out     0.5000   0.0000   --     100.00   --         
w_old[20]      out     0.5000   0.0000   --     100.00   --         
w_old[21]      out     0.5000   0.0000   --     100.00   --         
w_old[22]      out     0.5000   0.0000   --     100.00   --         
w_old[23]      out     0.5000   0.0000   --     100.00   --         
w_old[24]      out     0.5000   0.0000   --     100.00   --         
w_old[25]      out     0.5000   0.0000   --     100.00   --         
w_old[26]      out     0.5000   0.0000   --     100.00   --         
w_old[27]      out     0.5000   0.0000   --     100.00   --         
w_old[28]      out     0.5000   0.0000   --     100.00   --         
w_old[29]      out     0.5000   0.0000   --     100.00   --         
w_old[30]      out     0.5000   0.0000   --     100.00   --         
w_old[31]      out     0.5000   0.0000   --     100.00   --         
x_old[0]       out     0.5000   0.0000   --     100.00   --         
x_old[1]       out     0.5000   0.0000   --     100.00   --         
x_old[2]       out     0.5000   0.0000   --     100.00   --         
x_old[3]       out     0.5000   0.0000   --     100.00   --         
x_old[4]       out     0.5000   0.0000   --     100.00   --         
x_old[5]       out     0.5000   0.0000   --     100.00   --         
x_old[6]       out     0.5000   0.0000   --     100.00   --         
x_old[7]       out     0.5000   0.0000   --     100.00   --         
x_old[8]       out     0.5000   0.0000   --     100.00   --         
x_old[9]       out     0.5000   0.0000   --     100.00   --         
x_old[10]      out     0.5000   0.0000   --     100.00   --         
x_old[11]      out     0.5000   0.0000   --     100.00   --         
x_old[12]      out     0.5000   0.0000   --     100.00   --         
x_old[13]      out     0.5000   0.0000   --     100.00   --         
x_old[14]      out     0.5000   0.0000   --     100.00   --         
x_old[15]      out     0.5000   0.0000   --     100.00   --         
x_old[16]      out     0.5000   0.0000   --     100.00   --         
x_old[17]      out     0.5000   0.0000   --     100.00   --         
x_old[18]      out     0.5000   0.0000   --     100.00   --         
x_old[19]      out     0.5000   0.0000   --     100.00   --         
x_old[20]      out     0.5000   0.0000   --     100.00   --         
x_old[21]      out     0.5000   0.0000   --     100.00   --         
x_old[22]      out     0.5000   0.0000   --     100.00   --         
x_old[23]      out     0.5000   0.0000   --     100.00   --         
x_old[24]      out     0.5000   0.0000   --     100.00   --         
x_old[25]      out     0.5000   0.0000   --     100.00   --         
x_old[26]      out     0.5000   0.0000   --     100.00   --         
x_old[27]      out     0.5000   0.0000   --     100.00   --         
x_old[28]      out     0.5000   0.0000   --     100.00   --         
x_old[29]      out     0.5000   0.0000   --     100.00   --         
x_old[30]      out     0.5000   0.0000   --     100.00   --         
x_old[31]      out     0.5000   0.0000   --     100.00   --         


              External  Max             Min                Min       Min
              Number    Wireload        Wireload           Pin       Wire
Port          Points    Model           Model              Load      Load
--------------------------------------------------------------------------------
clk                1      --              --              --        -- 
rst                1      --              --              --        -- 
w_new[0]           1      --              --              --        -- 
w_new[1]           1      --              --              --        -- 
w_new[2]           1      --              --              --        -- 
w_new[3]           1      --              --              --        -- 
w_new[4]           1      --              --              --        -- 
w_new[5]           1      --              --              --        -- 
w_new[6]           1      --              --              --        -- 
w_new[7]           1      --              --              --        -- 
w_new[8]           1      --              --              --        -- 
w_new[9]           1      --              --              --        -- 
w_new[10]          1      --              --              --        -- 
w_new[11]          1      --              --              --        -- 
w_new[12]          1      --              --              --        -- 
w_new[13]          1      --              --              --        -- 
w_new[14]          1      --              --              --        -- 
w_new[15]          1      --              --              --        -- 
w_new[16]          1      --              --              --        -- 
w_new[17]          1      --              --              --        -- 
w_new[18]          1      --              --              --        -- 
w_new[19]          1      --              --              --        -- 
w_new[20]          1      --              --              --        -- 
w_new[21]          1      --              --              --        -- 
w_new[22]          1      --              --              --        -- 
w_new[23]          1      --              --              --        -- 
w_new[24]          1      --              --              --        -- 
w_new[25]          1      --              --              --        -- 
w_new[26]          1      --              --              --        -- 
w_new[27]          1      --              --              --        -- 
w_new[28]          1      --              --              --        -- 
w_new[29]          1      --              --              --        -- 
w_new[30]          1      --              --              --        -- 
w_new[31]          1      --              --              --        -- 
x_new[0]           1      --              --              --        -- 
x_new[1]           1      --              --              --        -- 
x_new[2]           1      --              --              --        -- 
x_new[3]           1      --              --              --        -- 
x_new[4]           1      --              --              --        -- 
x_new[5]           1      --              --              --        -- 
x_new[6]           1      --              --              --        -- 
x_new[7]           1      --              --              --        -- 
x_new[8]           1      --              --              --        -- 
x_new[9]           1      --              --              --        -- 
x_new[10]          1      --              --              --        -- 
x_new[11]          1      --              --              --        -- 
x_new[12]          1      --              --              --        -- 
x_new[13]          1      --              --              --        -- 
x_new[14]          1      --              --              --        -- 
x_new[15]          1      --              --              --        -- 
x_new[16]          1      --              --              --        -- 
x_new[17]          1      --              --              --        -- 
x_new[18]          1      --              --              --        -- 
x_new[19]          1      --              --              --        -- 
x_new[20]          1      --              --              --        -- 
x_new[21]          1      --              --              --        -- 
x_new[22]          1      --              --              --        -- 
x_new[23]          1      --              --              --        -- 
x_new[24]          1      --              --              --        -- 
x_new[25]          1      --              --              --        -- 
x_new[26]          1      --              --              --        -- 
x_new[27]          1      --              --              --        -- 
x_new[28]          1      --              --              --        -- 
x_new[29]          1      --              --              --        -- 
x_new[30]          1      --              --              --        -- 
x_new[31]          1      --              --              --        -- 
pe_val[0]          1      --              --              --        -- 
pe_val[1]          1      --              --              --        -- 
pe_val[2]          1      --              --              --        -- 
pe_val[3]          1      --              --              --        -- 
pe_val[4]          1      --              --              --        -- 
pe_val[5]          1      --              --              --        -- 
pe_val[6]          1      --              --              --        -- 
pe_val[7]          1      --              --              --        -- 
pe_val[8]          1      --              --              --        -- 
pe_val[9]          1      --              --              --        -- 
pe_val[10]         1      --              --              --        -- 
pe_val[11]         1      --              --              --        -- 
pe_val[12]         1      --              --              --        -- 
pe_val[13]         1      --              --              --        -- 
pe_val[14]         1      --              --              --        -- 
pe_val[15]         1      --              --              --        -- 
pe_val[16]         1      --              --              --        -- 
pe_val[17]         1      --              --              --        -- 
pe_val[18]         1      --              --              --        -- 
pe_val[19]         1      --              --              --        -- 
pe_val[20]         1      --              --              --        -- 
pe_val[21]         1      --              --              --        -- 
pe_val[22]         1      --              --              --        -- 
pe_val[23]         1      --              --              --        -- 
pe_val[24]         1      --              --              --        -- 
pe_val[25]         1      --              --              --        -- 
pe_val[26]         1      --              --              --        -- 
pe_val[27]         1      --              --              --        -- 
pe_val[28]         1      --              --              --        -- 
pe_val[29]         1      --              --              --        -- 
pe_val[30]         1      --              --              --        -- 
pe_val[31]         1      --              --              --        -- 
w_old[0]           1      --              --              --        -- 
w_old[1]           1      --              --              --        -- 
w_old[2]           1      --              --              --        -- 
w_old[3]           1      --              --              --        -- 
w_old[4]           1      --              --              --        -- 
w_old[5]           1      --              --              --        -- 
w_old[6]           1      --              --              --        -- 
w_old[7]           1      --              --              --        -- 
w_old[8]           1      --              --              --        -- 
w_old[9]           1      --              --              --        -- 
w_old[10]          1      --              --              --        -- 
w_old[11]          1      --              --              --        -- 
w_old[12]          1      --              --              --        -- 
w_old[13]          1      --              --              --        -- 
w_old[14]          1      --              --              --        -- 
w_old[15]          1      --              --              --        -- 
w_old[16]          1      --              --              --        -- 
w_old[17]          1      --              --              --        -- 
w_old[18]          1      --              --              --        -- 
w_old[19]          1      --              --              --        -- 
w_old[20]          1      --              --              --        -- 
w_old[21]          1      --              --              --        -- 
w_old[22]          1      --              --              --        -- 
w_old[23]          1      --              --              --        -- 
w_old[24]          1      --              --              --        -- 
w_old[25]          1      --              --              --        -- 
w_old[26]          1      --              --              --        -- 
w_old[27]          1      --              --              --        -- 
w_old[28]          1      --              --              --        -- 
w_old[29]          1      --              --              --        -- 
w_old[30]          1      --              --              --        -- 
w_old[31]          1      --              --              --        -- 
x_old[0]           1      --              --              --        -- 
x_old[1]           1      --              --              --        -- 
x_old[2]           1      --              --              --        -- 
x_old[3]           1      --              --              --        -- 
x_old[4]           1      --              --              --        -- 
x_old[5]           1      --              --              --        -- 
x_old[6]           1      --              --              --        -- 
x_old[7]           1      --              --              --        -- 
x_old[8]           1      --              --              --        -- 
x_old[9]           1      --              --              --        -- 
x_old[10]          1      --              --              --        -- 
x_old[11]          1      --              --              --        -- 
x_old[12]          1      --              --              --        -- 
x_old[13]          1      --              --              --        -- 
x_old[14]          1      --              --              --        -- 
x_old[15]          1      --              --              --        -- 
x_old[16]          1      --              --              --        -- 
x_old[17]          1      --              --              --        -- 
x_old[18]          1      --              --              --        -- 
x_old[19]          1      --              --              --        -- 
x_old[20]          1      --              --              --        -- 
x_old[21]          1      --              --              --        -- 
x_old[22]          1      --              --              --        -- 
x_old[23]          1      --              --              --        -- 
x_old[24]          1      --              --              --        -- 
x_old[25]          1      --              --              --        -- 
x_old[26]          1      --              --              --        -- 
x_old[27]          1      --              --              --        -- 
x_old[28]          1      --              --              --        -- 
x_old[29]          1      --              --              --        -- 
x_old[30]          1      --              --              --        -- 
x_old[31]          1      --              --              --        -- 

                    Input Delay
                  Min             Max       Related   Max
Input Port    Rise    Fall    Rise    Fall   Clock  Fanout
--------------------------------------------------------------------------------
clk           --      --      --      --      --      -- 
rst           0.10    0.10    0.10    0.10  MAIN_CLOCK
                                                      4.00  
w_new[0]      0.10    0.10    0.10    0.10  MAIN_CLOCK
                                                      4.00  
w_new[1]      0.10    0.10    0.10    0.10  MAIN_CLOCK
                                                      4.00  
w_new[2]      0.10    0.10    0.10    0.10  MAIN_CLOCK
                                                      4.00  
w_new[3]      0.10    0.10    0.10    0.10  MAIN_CLOCK
                                                      4.00  
w_new[4]      0.10    0.10    0.10    0.10  MAIN_CLOCK
                                                      4.00  
w_new[5]      0.10    0.10    0.10    0.10  MAIN_CLOCK
                                                      4.00  
w_new[6]      0.10    0.10    0.10    0.10  MAIN_CLOCK
                                                      4.00  
w_new[7]      0.10    0.10    0.10    0.10  MAIN_CLOCK
                                                      4.00  
w_new[8]      0.10    0.10    0.10    0.10  MAIN_CLOCK
                                                      4.00  
w_new[9]      0.10    0.10    0.10    0.10  MAIN_CLOCK
                                                      4.00  
w_new[10]     0.10    0.10    0.10    0.10  MAIN_CLOCK
                                                      4.00  
w_new[11]     0.10    0.10    0.10    0.10  MAIN_CLOCK
                                                      4.00  
w_new[12]     0.10    0.10    0.10    0.10  MAIN_CLOCK
                                                      4.00  
w_new[13]     0.10    0.10    0.10    0.10  MAIN_CLOCK
                                                      4.00  
w_new[14]     0.10    0.10    0.10    0.10  MAIN_CLOCK
                                                      4.00  
w_new[15]     0.10    0.10    0.10    0.10  MAIN_CLOCK
                                                      4.00  
w_new[16]     0.10    0.10    0.10    0.10  MAIN_CLOCK
                                                      4.00  
w_new[17]     0.10    0.10    0.10    0.10  MAIN_CLOCK
                                                      4.00  
w_new[18]     0.10    0.10    0.10    0.10  MAIN_CLOCK
                                                      4.00  
w_new[19]     0.10    0.10    0.10    0.10  MAIN_CLOCK
                                                      4.00  
w_new[20]     0.10    0.10    0.10    0.10  MAIN_CLOCK
                                                      4.00  
w_new[21]     0.10    0.10    0.10    0.10  MAIN_CLOCK
                                                      4.00  
w_new[22]     0.10    0.10    0.10    0.10  MAIN_CLOCK
                                                      4.00  
w_new[23]     0.10    0.10    0.10    0.10  MAIN_CLOCK
                                                      4.00  
w_new[24]     0.10    0.10    0.10    0.10  MAIN_CLOCK
                                                      4.00  
w_new[25]     0.10    0.10    0.10    0.10  MAIN_CLOCK
                                                      4.00  
w_new[26]     0.10    0.10    0.10    0.10  MAIN_CLOCK
                                                      4.00  
w_new[27]     0.10    0.10    0.10    0.10  MAIN_CLOCK
                                                      4.00  
w_new[28]     0.10    0.10    0.10    0.10  MAIN_CLOCK
                                                      4.00  
w_new[29]     0.10    0.10    0.10    0.10  MAIN_CLOCK
                                                      4.00  
w_new[30]     0.10    0.10    0.10    0.10  MAIN_CLOCK
                                                      4.00  
w_new[31]     0.10    0.10    0.10    0.10  MAIN_CLOCK
                                                      4.00  
x_new[0]      0.10    0.10    0.10    0.10  MAIN_CLOCK
                                                      4.00  
x_new[1]      0.10    0.10    0.10    0.10  MAIN_CLOCK
                                                      4.00  
x_new[2]      0.10    0.10    0.10    0.10  MAIN_CLOCK
                                                      4.00  
x_new[3]      0.10    0.10    0.10    0.10  MAIN_CLOCK
                                                      4.00  
x_new[4]      0.10    0.10    0.10    0.10  MAIN_CLOCK
                                                      4.00  
x_new[5]      0.10    0.10    0.10    0.10  MAIN_CLOCK
                                                      4.00  
x_new[6]      0.10    0.10    0.10    0.10  MAIN_CLOCK
                                                      4.00  
x_new[7]      0.10    0.10    0.10    0.10  MAIN_CLOCK
                                                      4.00  
x_new[8]      0.10    0.10    0.10    0.10  MAIN_CLOCK
                                                      4.00  
x_new[9]      0.10    0.10    0.10    0.10  MAIN_CLOCK
                                                      4.00  
x_new[10]     0.10    0.10    0.10    0.10  MAIN_CLOCK
                                                      4.00  
x_new[11]     0.10    0.10    0.10    0.10  MAIN_CLOCK
                                                      4.00  
x_new[12]     0.10    0.10    0.10    0.10  MAIN_CLOCK
                                                      4.00  
x_new[13]     0.10    0.10    0.10    0.10  MAIN_CLOCK
                                                      4.00  
x_new[14]     0.10    0.10    0.10    0.10  MAIN_CLOCK
                                                      4.00  
x_new[15]     0.10    0.10    0.10    0.10  MAIN_CLOCK
                                                      4.00  
x_new[16]     0.10    0.10    0.10    0.10  MAIN_CLOCK
                                                      4.00  
x_new[17]     0.10    0.10    0.10    0.10  MAIN_CLOCK
                                                      4.00  
x_new[18]     0.10    0.10    0.10    0.10  MAIN_CLOCK
                                                      4.00  
x_new[19]     0.10    0.10    0.10    0.10  MAIN_CLOCK
                                                      4.00  
x_new[20]     0.10    0.10    0.10    0.10  MAIN_CLOCK
                                                      4.00  
x_new[21]     0.10    0.10    0.10    0.10  MAIN_CLOCK
                                                      4.00  
x_new[22]     0.10    0.10    0.10    0.10  MAIN_CLOCK
                                                      4.00  
x_new[23]     0.10    0.10    0.10    0.10  MAIN_CLOCK
                                                      4.00  
x_new[24]     0.10    0.10    0.10    0.10  MAIN_CLOCK
                                                      4.00  
x_new[25]     0.10    0.10    0.10    0.10  MAIN_CLOCK
                                                      4.00  
x_new[26]     0.10    0.10    0.10    0.10  MAIN_CLOCK
                                                      4.00  
x_new[27]     0.10    0.10    0.10    0.10  MAIN_CLOCK
                                                      4.00  
x_new[28]     0.10    0.10    0.10    0.10  MAIN_CLOCK
                                                      4.00  
x_new[29]     0.10    0.10    0.10    0.10  MAIN_CLOCK
                                                      4.00  
x_new[30]     0.10    0.10    0.10    0.10  MAIN_CLOCK
                                                      4.00  
x_new[31]     0.10    0.10    0.10    0.10  MAIN_CLOCK
                                                      4.00  


               Max Drive      Min Drive      Resistance    Min    Min       Cell
Input Port    Rise    Fall   Rise    Fall   Max     Min    Cap    Fanout    Deg
--------------------------------------------------------------------------------
clk           --      --     --      --     --      --     --     --        -- 
rst           --      --     --      --     --      --     --     --        -- 
w_new[0]      --      --     --      --     --      --     --     --        -- 
w_new[1]      --      --     --      --     --      --     --     --        -- 
w_new[2]      --      --     --      --     --      --     --     --        -- 
w_new[3]      --      --     --      --     --      --     --     --        -- 
w_new[4]      --      --     --      --     --      --     --     --        -- 
w_new[5]      --      --     --      --     --      --     --     --        -- 
w_new[6]      --      --     --      --     --      --     --     --        -- 
w_new[7]      --      --     --      --     --      --     --     --        -- 
w_new[8]      --      --     --      --     --      --     --     --        -- 
w_new[9]      --      --     --      --     --      --     --     --        -- 
w_new[10]     --      --     --      --     --      --     --     --        -- 
w_new[11]     --      --     --      --     --      --     --     --        -- 
w_new[12]     --      --     --      --     --      --     --     --        -- 
w_new[13]     --      --     --      --     --      --     --     --        -- 
w_new[14]     --      --     --      --     --      --     --     --        -- 
w_new[15]     --      --     --      --     --      --     --     --        -- 
w_new[16]     --      --     --      --     --      --     --     --        -- 
w_new[17]     --      --     --      --     --      --     --     --        -- 
w_new[18]     --      --     --      --     --      --     --     --        -- 
w_new[19]     --      --     --      --     --      --     --     --        -- 
w_new[20]     --      --     --      --     --      --     --     --        -- 
w_new[21]     --      --     --      --     --      --     --     --        -- 
w_new[22]     --      --     --      --     --      --     --     --        -- 
w_new[23]     --      --     --      --     --      --     --     --        -- 
w_new[24]     --      --     --      --     --      --     --     --        -- 
w_new[25]     --      --     --      --     --      --     --     --        -- 
w_new[26]     --      --     --      --     --      --     --     --        -- 
w_new[27]     --      --     --      --     --      --     --     --        -- 
w_new[28]     --      --     --      --     --      --     --     --        -- 
w_new[29]     --      --     --      --     --      --     --     --        -- 
w_new[30]     --      --     --      --     --      --     --     --        -- 
w_new[31]     --      --     --      --     --      --     --     --        -- 
x_new[0]      --      --     --      --     --      --     --     --        -- 
x_new[1]      --      --     --      --     --      --     --     --        -- 
x_new[2]      --      --     --      --     --      --     --     --        -- 
x_new[3]      --      --     --      --     --      --     --     --        -- 
x_new[4]      --      --     --      --     --      --     --     --        -- 
x_new[5]      --      --     --      --     --      --     --     --        -- 
x_new[6]      --      --     --      --     --      --     --     --        -- 
x_new[7]      --      --     --      --     --      --     --     --        -- 
x_new[8]      --      --     --      --     --      --     --     --        -- 
x_new[9]      --      --     --      --     --      --     --     --        -- 
x_new[10]     --      --     --      --     --      --     --     --        -- 
x_new[11]     --      --     --      --     --      --     --     --        -- 
x_new[12]     --      --     --      --     --      --     --     --        -- 
x_new[13]     --      --     --      --     --      --     --     --        -- 
x_new[14]     --      --     --      --     --      --     --     --        -- 
x_new[15]     --      --     --      --     --      --     --     --        -- 
x_new[16]     --      --     --      --     --      --     --     --        -- 
x_new[17]     --      --     --      --     --      --     --     --        -- 
x_new[18]     --      --     --      --     --      --     --     --        -- 
x_new[19]     --      --     --      --     --      --     --     --        -- 
x_new[20]     --      --     --      --     --      --     --     --        -- 
x_new[21]     --      --     --      --     --      --     --     --        -- 
x_new[22]     --      --     --      --     --      --     --     --        -- 
x_new[23]     --      --     --      --     --      --     --     --        -- 
x_new[24]     --      --     --      --     --      --     --     --        -- 
x_new[25]     --      --     --      --     --      --     --     --        -- 
x_new[26]     --      --     --      --     --      --     --     --        -- 
x_new[27]     --      --     --      --     --      --     --     --        -- 
x_new[28]     --      --     --      --     --      --     --     --        -- 
x_new[29]     --      --     --      --     --      --     --     --        -- 
x_new[30]     --      --     --      --     --      --     --     --        -- 
x_new[31]     --      --     --      --     --      --     --     --        -- 


               Max Tran        Min Tran
Input Port    Rise    Fall    Rise    Fall
--------------------------------------------------------------------------------
clk           --      --      --      -- 
rst           --      --      --      -- 
w_new[0]      --      --      --      -- 
w_new[1]      --      --      --      -- 
w_new[2]      --      --      --      -- 
w_new[3]      --      --      --      -- 
w_new[4]      --      --      --      -- 
w_new[5]      --      --      --      -- 
w_new[6]      --      --      --      -- 
w_new[7]      --      --      --      -- 
w_new[8]      --      --      --      -- 
w_new[9]      --      --      --      -- 
w_new[10]     --      --      --      -- 
w_new[11]     --      --      --      -- 
w_new[12]     --      --      --      -- 
w_new[13]     --      --      --      -- 
w_new[14]     --      --      --      -- 
w_new[15]     --      --      --      -- 
w_new[16]     --      --      --      -- 
w_new[17]     --      --      --      -- 
w_new[18]     --      --      --      -- 
w_new[19]     --      --      --      -- 
w_new[20]     --      --      --      -- 
w_new[21]     --      --      --      -- 
w_new[22]     --      --      --      -- 
w_new[23]     --      --      --      -- 
w_new[24]     --      --      --      -- 
w_new[25]     --      --      --      -- 
w_new[26]     --      --      --      -- 
w_new[27]     --      --      --      -- 
w_new[28]     --      --      --      -- 
w_new[29]     --      --      --      -- 
w_new[30]     --      --      --      -- 
w_new[31]     --      --      --      -- 
x_new[0]      --      --      --      -- 
x_new[1]      --      --      --      -- 
x_new[2]      --      --      --      -- 
x_new[3]      --      --      --      -- 
x_new[4]      --      --      --      -- 
x_new[5]      --      --      --      -- 
x_new[6]      --      --      --      -- 
x_new[7]      --      --      --      -- 
x_new[8]      --      --      --      -- 
x_new[9]      --      --      --      -- 
x_new[10]     --      --      --      -- 
x_new[11]     --      --      --      -- 
x_new[12]     --      --      --      -- 
x_new[13]     --      --      --      -- 
x_new[14]     --      --      --      -- 
x_new[15]     --      --      --      -- 
x_new[16]     --      --      --      -- 
x_new[17]     --      --      --      -- 
x_new[18]     --      --      --      -- 
x_new[19]     --      --      --      -- 
x_new[20]     --      --      --      -- 
x_new[21]     --      --      --      -- 
x_new[22]     --      --      --      -- 
x_new[23]     --      --      --      -- 
x_new[24]     --      --      --      -- 
x_new[25]     --      --      --      -- 
x_new[26]     --      --      --      -- 
x_new[27]     --      --      --      -- 
x_new[28]     --      --      --      -- 
x_new[29]     --      --      --      -- 
x_new[30]     --      --      --      -- 
x_new[31]     --      --      --      -- 


                    Output Delay
                  Min             Max      Related  Fanout
Output Port   Rise    Fall    Rise    Fall  Clock     Load
--------------------------------------------------------------------------------
pe_val[0]     0.10    0.10    0.10    0.10  MAIN_CLOCK
                                                      0.00  
pe_val[1]     0.10    0.10    0.10    0.10  MAIN_CLOCK
                                                      0.00  
pe_val[2]     0.10    0.10    0.10    0.10  MAIN_CLOCK
                                                      0.00  
pe_val[3]     0.10    0.10    0.10    0.10  MAIN_CLOCK
                                                      0.00  
pe_val[4]     0.10    0.10    0.10    0.10  MAIN_CLOCK
                                                      0.00  
pe_val[5]     0.10    0.10    0.10    0.10  MAIN_CLOCK
                                                      0.00  
pe_val[6]     0.10    0.10    0.10    0.10  MAIN_CLOCK
                                                      0.00  
pe_val[7]     0.10    0.10    0.10    0.10  MAIN_CLOCK
                                                      0.00  
pe_val[8]     0.10    0.10    0.10    0.10  MAIN_CLOCK
                                                      0.00  
pe_val[9]     0.10    0.10    0.10    0.10  MAIN_CLOCK
                                                      0.00  
pe_val[10]    0.10    0.10    0.10    0.10  MAIN_CLOCK
                                                      0.00  
pe_val[11]    0.10    0.10    0.10    0.10  MAIN_CLOCK
                                                      0.00  
pe_val[12]    0.10    0.10    0.10    0.10  MAIN_CLOCK
                                                      0.00  
pe_val[13]    0.10    0.10    0.10    0.10  MAIN_CLOCK
                                                      0.00  
pe_val[14]    0.10    0.10    0.10    0.10  MAIN_CLOCK
                                                      0.00  
pe_val[15]    0.10    0.10    0.10    0.10  MAIN_CLOCK
                                                      0.00  
pe_val[16]    0.10    0.10    0.10    0.10  MAIN_CLOCK
                                                      0.00  
pe_val[17]    0.10    0.10    0.10    0.10  MAIN_CLOCK
                                                      0.00  
pe_val[18]    0.10    0.10    0.10    0.10  MAIN_CLOCK
                                                      0.00  
pe_val[19]    0.10    0.10    0.10    0.10  MAIN_CLOCK
                                                      0.00  
pe_val[20]    0.10    0.10    0.10    0.10  MAIN_CLOCK
                                                      0.00  
pe_val[21]    0.10    0.10    0.10    0.10  MAIN_CLOCK
                                                      0.00  
pe_val[22]    0.10    0.10    0.10    0.10  MAIN_CLOCK
                                                      0.00  
pe_val[23]    0.10    0.10    0.10    0.10  MAIN_CLOCK
                                                      0.00  
pe_val[24]    0.10    0.10    0.10    0.10  MAIN_CLOCK
                                                      0.00  
pe_val[25]    0.10    0.10    0.10    0.10  MAIN_CLOCK
                                                      0.00  
pe_val[26]    0.10    0.10    0.10    0.10  MAIN_CLOCK
                                                      0.00  
pe_val[27]    0.10    0.10    0.10    0.10  MAIN_CLOCK
                                                      0.00  
pe_val[28]    0.10    0.10    0.10    0.10  MAIN_CLOCK
                                                      0.00  
pe_val[29]    0.10    0.10    0.10    0.10  MAIN_CLOCK
                                                      0.00  
pe_val[30]    0.10    0.10    0.10    0.10  MAIN_CLOCK
                                                      0.00  
pe_val[31]    0.10    0.10    0.10    0.10  MAIN_CLOCK
                                                      0.00  
w_old[0]      0.10    0.10    0.10    0.10  MAIN_CLOCK
                                                      0.00  
w_old[1]      0.10    0.10    0.10    0.10  MAIN_CLOCK
                                                      0.00  
w_old[2]      0.10    0.10    0.10    0.10  MAIN_CLOCK
                                                      0.00  
w_old[3]      0.10    0.10    0.10    0.10  MAIN_CLOCK
                                                      0.00  
w_old[4]      0.10    0.10    0.10    0.10  MAIN_CLOCK
                                                      0.00  
w_old[5]      0.10    0.10    0.10    0.10  MAIN_CLOCK
                                                      0.00  
w_old[6]      0.10    0.10    0.10    0.10  MAIN_CLOCK
                                                      0.00  
w_old[7]      0.10    0.10    0.10    0.10  MAIN_CLOCK
                                                      0.00  
w_old[8]      0.10    0.10    0.10    0.10  MAIN_CLOCK
                                                      0.00  
w_old[9]      0.10    0.10    0.10    0.10  MAIN_CLOCK
                                                      0.00  
w_old[10]     0.10    0.10    0.10    0.10  MAIN_CLOCK
                                                      0.00  
w_old[11]     0.10    0.10    0.10    0.10  MAIN_CLOCK
                                                      0.00  
w_old[12]     0.10    0.10    0.10    0.10  MAIN_CLOCK
                                                      0.00  
w_old[13]     0.10    0.10    0.10    0.10  MAIN_CLOCK
                                                      0.00  
w_old[14]     0.10    0.10    0.10    0.10  MAIN_CLOCK
                                                      0.00  
w_old[15]     0.10    0.10    0.10    0.10  MAIN_CLOCK
                                                      0.00  
w_old[16]     0.10    0.10    0.10    0.10  MAIN_CLOCK
                                                      0.00  
w_old[17]     0.10    0.10    0.10    0.10  MAIN_CLOCK
                                                      0.00  
w_old[18]     0.10    0.10    0.10    0.10  MAIN_CLOCK
                                                      0.00  
w_old[19]     0.10    0.10    0.10    0.10  MAIN_CLOCK
                                                      0.00  
w_old[20]     0.10    0.10    0.10    0.10  MAIN_CLOCK
                                                      0.00  
w_old[21]     0.10    0.10    0.10    0.10  MAIN_CLOCK
                                                      0.00  
w_old[22]     0.10    0.10    0.10    0.10  MAIN_CLOCK
                                                      0.00  
w_old[23]     0.10    0.10    0.10    0.10  MAIN_CLOCK
                                                      0.00  
w_old[24]     0.10    0.10    0.10    0.10  MAIN_CLOCK
                                                      0.00  
w_old[25]     0.10    0.10    0.10    0.10  MAIN_CLOCK
                                                      0.00  
w_old[26]     0.10    0.10    0.10    0.10  MAIN_CLOCK
                                                      0.00  
w_old[27]     0.10    0.10    0.10    0.10  MAIN_CLOCK
                                                      0.00  
w_old[28]     0.10    0.10    0.10    0.10  MAIN_CLOCK
                                                      0.00  
w_old[29]     0.10    0.10    0.10    0.10  MAIN_CLOCK
                                                      0.00  
w_old[30]     0.10    0.10    0.10    0.10  MAIN_CLOCK
                                                      0.00  
w_old[31]     0.10    0.10    0.10    0.10  MAIN_CLOCK
                                                      0.00  
x_old[0]      0.10    0.10    0.10    0.10  MAIN_CLOCK
                                                      0.00  
x_old[1]      0.10    0.10    0.10    0.10  MAIN_CLOCK
                                                      0.00  
x_old[2]      0.10    0.10    0.10    0.10  MAIN_CLOCK
                                                      0.00  
x_old[3]      0.10    0.10    0.10    0.10  MAIN_CLOCK
                                                      0.00  
x_old[4]      0.10    0.10    0.10    0.10  MAIN_CLOCK
                                                      0.00  
x_old[5]      0.10    0.10    0.10    0.10  MAIN_CLOCK
                                                      0.00  
x_old[6]      0.10    0.10    0.10    0.10  MAIN_CLOCK
                                                      0.00  
x_old[7]      0.10    0.10    0.10    0.10  MAIN_CLOCK
                                                      0.00  
x_old[8]      0.10    0.10    0.10    0.10  MAIN_CLOCK
                                                      0.00  
x_old[9]      0.10    0.10    0.10    0.10  MAIN_CLOCK
                                                      0.00  
x_old[10]     0.10    0.10    0.10    0.10  MAIN_CLOCK
                                                      0.00  
x_old[11]     0.10    0.10    0.10    0.10  MAIN_CLOCK
                                                      0.00  
x_old[12]     0.10    0.10    0.10    0.10  MAIN_CLOCK
                                                      0.00  
x_old[13]     0.10    0.10    0.10    0.10  MAIN_CLOCK
                                                      0.00  
x_old[14]     0.10    0.10    0.10    0.10  MAIN_CLOCK
                                                      0.00  
x_old[15]     0.10    0.10    0.10    0.10  MAIN_CLOCK
                                                      0.00  
x_old[16]     0.10    0.10    0.10    0.10  MAIN_CLOCK
                                                      0.00  
x_old[17]     0.10    0.10    0.10    0.10  MAIN_CLOCK
                                                      0.00  
x_old[18]     0.10    0.10    0.10    0.10  MAIN_CLOCK
                                                      0.00  
x_old[19]     0.10    0.10    0.10    0.10  MAIN_CLOCK
                                                      0.00  
x_old[20]     0.10    0.10    0.10    0.10  MAIN_CLOCK
                                                      0.00  
x_old[21]     0.10    0.10    0.10    0.10  MAIN_CLOCK
                                                      0.00  
x_old[22]     0.10    0.10    0.10    0.10  MAIN_CLOCK
                                                      0.00  
x_old[23]     0.10    0.10    0.10    0.10  MAIN_CLOCK
                                                      0.00  
x_old[24]     0.10    0.10    0.10    0.10  MAIN_CLOCK
                                                      0.00  
x_old[25]     0.10    0.10    0.10    0.10  MAIN_CLOCK
                                                      0.00  
x_old[26]     0.10    0.10    0.10    0.10  MAIN_CLOCK
                                                      0.00  
x_old[27]     0.10    0.10    0.10    0.10  MAIN_CLOCK
                                                      0.00  
x_old[28]     0.10    0.10    0.10    0.10  MAIN_CLOCK
                                                      0.00  
x_old[29]     0.10    0.10    0.10    0.10  MAIN_CLOCK
                                                      0.00  
x_old[30]     0.10    0.10    0.10    0.10  MAIN_CLOCK
                                                      0.00  
x_old[31]     0.10    0.10    0.10    0.10  MAIN_CLOCK
                                                      0.00  

1
