 
****************************************
Report : area
Design : sa_processing_element_max
Version: V-2023.12-SP5
Date   : Tue Oct  7 01:50:02 2025
****************************************

Library(s) Used:

    NanGate_15nm_OCL (File: /home/csarch/workspace/MOSA_RTL/syn/pdk/NanGate_15nm_OCL_v0.1_2014_06_Apache.A/front_end/timing_power_noise/NLDM/NanGate_15nm_OCL.db)

Number of ports:                          239
Number of nets:                           505
Number of cells:                          373
Number of combinational cells:            307
Number of sequential cells:                64
Number of macros/black boxes:               0
Number of buf/inv:                        152
Number of references:                      11

Combinational area:                 74.809344
Buf/Inv area:                       27.131904
Noncombinational area:              81.788925
Macro/Black Box area:                0.000000
Net Interconnect area:      undefined  (No wire load specified)

Total cell area:                   156.598270
Total area:                 undefined
1
