 
****************************************
Report : port
        -verbose
Design : mac_unit
Version: V-2023.12-SP5
Date   : Mon Sep 22 08:34:21 2025
****************************************



Attributes:
    i - ideal_network

                       Pin      Wire     Max     Max     Connection
Port           Dir     Load     Load     Trans   Cap     Class      Attrs
--------------------------------------------------------------------------------
clk            in      0.0000   0.0000   --      --      --         i
rst            in      0.0000   0.0000   10.00   --      --         
sel0[0]        in      0.0000   0.0000   10.00   --      --         
sel0[1]        in      0.0000   0.0000   10.00   --      --         
sel1[0]        in      0.0000   0.0000   10.00   --      --         
sel1[1]        in      0.0000   0.0000   10.00   --      --         
sel2           in      0.0000   0.0000   10.00   --      --         
sel3           in      0.0000   0.0000   10.00   --      --         
sel4[0]        in      0.0000   0.0000   10.00   --      --         
sel4[1]        in      0.0000   0.0000   10.00   --      --         
w_new[0]       in      0.0000   0.0000   10.00   --      --         
w_new[1]       in      0.0000   0.0000   10.00   --      --         
w_new[2]       in      0.0000   0.0000   10.00   --      --         
w_new[3]       in      0.0000   0.0000   10.00   --      --         
w_new[4]       in      0.0000   0.0000   10.00   --      --         
w_new[5]       in      0.0000   0.0000   10.00   --      --         
w_new[6]       in      0.0000   0.0000   10.00   --      --         
w_new[7]       in      0.0000   0.0000   10.00   --      --         
x_new[0]       in      0.0000   0.0000   10.00   --      --         
x_new[1]       in      0.0000   0.0000   10.00   --      --         
x_new[2]       in      0.0000   0.0000   10.00   --      --         
x_new[3]       in      0.0000   0.0000   10.00   --      --         
x_new[4]       in      0.0000   0.0000   10.00   --      --         
x_new[5]       in      0.0000   0.0000   10.00   --      --         
x_new[6]       in      0.0000   0.0000   10.00   --      --         
x_new[7]       in      0.0000   0.0000   10.00   --      --         
pe_val_out[0]  out     0.5000   0.0000   --     100.00   --         
pe_val_out[1]  out     0.5000   0.0000   --     100.00   --         
pe_val_out[2]  out     0.5000   0.0000   --     100.00   --         
pe_val_out[3]  out     0.5000   0.0000   --     100.00   --         
pe_val_out[4]  out     0.5000   0.0000   --     100.00   --         
pe_val_out[5]  out     0.5000   0.0000   --     100.00   --         
pe_val_out[6]  out     0.5000   0.0000   --     100.00   --         
pe_val_out[7]  out     0.5000   0.0000   --     100.00   --         
pe_val_out[8]  out     0.5000   0.0000   --     100.00   --         
pe_val_out[9]  out     0.5000   0.0000   --     100.00   --         
pe_val_out[10] out     0.5000   0.0000   --     100.00   --         
pe_val_out[11] out     0.5000   0.0000   --     100.00   --         
pe_val_out[12] out     0.5000   0.0000   --     100.00   --         
pe_val_out[13] out     0.5000   0.0000   --     100.00   --         
pe_val_out[14] out     0.5000   0.0000   --     100.00   --         
pe_val_out[15] out     0.5000   0.0000   --     100.00   --         
pe_val_out[16] out     0.5000   0.0000   --     100.00   --         
pe_val_out[17] out     0.5000   0.0000   --     100.00   --         
pe_val_out[18] out     0.5000   0.0000   --     100.00   --         
pe_val_out[19] out     0.5000   0.0000   --     100.00   --         
pe_val_out[20] out     0.5000   0.0000   --     100.00   --         
pe_val_out[21] out     0.5000   0.0000   --     100.00   --         
pe_val_out[22] out     0.5000   0.0000   --     100.00   --         
pe_val_out[23] out     0.5000   0.0000   --     100.00   --         
pe_val_out[24] out     0.5000   0.0000   --     100.00   --         
pe_val_out[25] out     0.5000   0.0000   --     100.00   --         
pe_val_out[26] out     0.5000   0.0000   --     100.00   --         
pe_val_out[27] out     0.5000   0.0000   --     100.00   --         
pe_val_out[28] out     0.5000   0.0000   --     100.00   --         
pe_val_out[29] out     0.5000   0.0000   --     100.00   --         
pe_val_out[30] out     0.5000   0.0000   --     100.00   --         
pe_val_out[31] out     0.5000   0.0000   --     100.00   --         
result_out[0]  out     0.5000   0.0000   --     100.00   --         
result_out[1]  out     0.5000   0.0000   --     100.00   --         
result_out[2]  out     0.5000   0.0000   --     100.00   --         
result_out[3]  out     0.5000   0.0000   --     100.00   --         
result_out[4]  out     0.5000   0.0000   --     100.00   --         
result_out[5]  out     0.5000   0.0000   --     100.00   --         
result_out[6]  out     0.5000   0.0000   --     100.00   --         
result_out[7]  out     0.5000   0.0000   --     100.00   --         
result_out[8]  out     0.5000   0.0000   --     100.00   --         
result_out[9]  out     0.5000   0.0000   --     100.00   --         
result_out[10] out     0.5000   0.0000   --     100.00   --         
result_out[11] out     0.5000   0.0000   --     100.00   --         
result_out[12] out     0.5000   0.0000   --     100.00   --         
result_out[13] out     0.5000   0.0000   --     100.00   --         
result_out[14] out     0.5000   0.0000   --     100.00   --         
result_out[15] out     0.5000   0.0000   --     100.00   --         
result_out[16] out     0.5000   0.0000   --     100.00   --         
result_out[17] out     0.5000   0.0000   --     100.00   --         
result_out[18] out     0.5000   0.0000   --     100.00   --         
result_out[19] out     0.5000   0.0000   --     100.00   --         
result_out[20] out     0.5000   0.0000   --     100.00   --         
result_out[21] out     0.5000   0.0000   --     100.00   --         
result_out[22] out     0.5000   0.0000   --     100.00   --         
result_out[23] out     0.5000   0.0000   --     100.00   --         
result_out[24] out     0.5000   0.0000   --     100.00   --         
result_out[25] out     0.5000   0.0000   --     100.00   --         
result_out[26] out     0.5000   0.0000   --     100.00   --         
result_out[27] out     0.5000   0.0000   --     100.00   --         
result_out[28] out     0.5000   0.0000   --     100.00   --         
result_out[29] out     0.5000   0.0000   --     100.00   --         
result_out[30] out     0.5000   0.0000   --     100.00   --         
result_out[31] out     0.5000   0.0000   --     100.00   --         
result_out[32] out     0.5000   0.0000   --     100.00   --         
result_out[33] out     0.5000   0.0000   --     100.00   --         
result_out[34] out     0.5000   0.0000   --     100.00   --         
result_out[35] out     0.5000   0.0000   --     100.00   --         
result_out[36] out     0.5000   0.0000   --     100.00   --         
result_out[37] out     0.5000   0.0000   --     100.00   --         
result_out[38] out     0.5000   0.0000   --     100.00   --         
result_out[39] out     0.5000   0.0000   --     100.00   --         
result_out[40] out     0.5000   0.0000   --     100.00   --         
result_out[41] out     0.5000   0.0000   --     100.00   --         
result_out[42] out     0.5000   0.0000   --     100.00   --         
result_out[43] out     0.5000   0.0000   --     100.00   --         
result_out[44] out     0.5000   0.0000   --     100.00   --         
result_out[45] out     0.5000   0.0000   --     100.00   --         
result_out[46] out     0.5000   0.0000   --     100.00   --         
result_out[47] out     0.5000   0.0000   --     100.00   --         
result_out[48] out     0.5000   0.0000   --     100.00   --         
result_out[49] out     0.5000   0.0000   --     100.00   --         
result_out[50] out     0.5000   0.0000   --     100.00   --         
result_out[51] out     0.5000   0.0000   --     100.00   --         
result_out[52] out     0.5000   0.0000   --     100.00   --         
result_out[53] out     0.5000   0.0000   --     100.00   --         
result_out[54] out     0.5000   0.0000   --     100.00   --         
result_out[55] out     0.5000   0.0000   --     100.00   --         
result_out[56] out     0.5000   0.0000   --     100.00   --         
result_out[57] out     0.5000   0.0000   --     100.00   --         
result_out[58] out     0.5000   0.0000   --     100.00   --         
result_out[59] out     0.5000   0.0000   --     100.00   --         
result_out[60] out     0.5000   0.0000   --     100.00   --         
result_out[61] out     0.5000   0.0000   --     100.00   --         
result_out[62] out     0.5000   0.0000   --     100.00   --         
result_out[63] out     0.5000   0.0000   --     100.00   --         
w_old_out[0]   out     0.5000   0.0000   --     100.00   --         
w_old_out[1]   out     0.5000   0.0000   --     100.00   --         
w_old_out[2]   out     0.5000   0.0000   --     100.00   --         
w_old_out[3]   out     0.5000   0.0000   --     100.00   --         
w_old_out[4]   out     0.5000   0.0000   --     100.00   --         
w_old_out[5]   out     0.5000   0.0000   --     100.00   --         
w_old_out[6]   out     0.5000   0.0000   --     100.00   --         
w_old_out[7]   out     0.5000   0.0000   --     100.00   --         
x_old_out[0]   out     0.5000   0.0000   --     100.00   --         
x_old_out[1]   out     0.5000   0.0000   --     100.00   --         
x_old_out[2]   out     0.5000   0.0000   --     100.00   --         
x_old_out[3]   out     0.5000   0.0000   --     100.00   --         
x_old_out[4]   out     0.5000   0.0000   --     100.00   --         
x_old_out[5]   out     0.5000   0.0000   --     100.00   --         
x_old_out[6]   out     0.5000   0.0000   --     100.00   --         
x_old_out[7]   out     0.5000   0.0000   --     100.00   --         


              External  Max             Min                Min       Min
              Number    Wireload        Wireload           Pin       Wire
Port          Points    Model           Model              Load      Load
--------------------------------------------------------------------------------
clk                1      --              --              --        -- 
rst                1      --              --              --        -- 
sel0[0]            1      --              --              --        -- 
sel0[1]            1      --              --              --        -- 
sel1[0]            1      --              --              --        -- 
sel1[1]            1      --              --              --        -- 
sel2               1      --              --              --        -- 
sel3               1      --              --              --        -- 
sel4[0]            1      --              --              --        -- 
sel4[1]            1      --              --              --        -- 
w_new[0]           1      --              --              --        -- 
w_new[1]           1      --              --              --        -- 
w_new[2]           1      --              --              --        -- 
w_new[3]           1      --              --              --        -- 
w_new[4]           1      --              --              --        -- 
w_new[5]           1      --              --              --        -- 
w_new[6]           1      --              --              --        -- 
w_new[7]           1      --              --              --        -- 
x_new[0]           1      --              --              --        -- 
x_new[1]           1      --              --              --        -- 
x_new[2]           1      --              --              --        -- 
x_new[3]           1      --              --              --        -- 
x_new[4]           1      --              --              --        -- 
x_new[5]           1      --              --              --        -- 
x_new[6]           1      --              --              --        -- 
x_new[7]           1      --              --              --        -- 
pe_val_out[0]      1      --              --              --        -- 
pe_val_out[1]      1      --              --              --        -- 
pe_val_out[2]      1      --              --              --        -- 
pe_val_out[3]      1      --              --              --        -- 
pe_val_out[4]      1      --              --              --        -- 
pe_val_out[5]      1      --              --              --        -- 
pe_val_out[6]      1      --              --              --        -- 
pe_val_out[7]      1      --              --              --        -- 
pe_val_out[8]      1      --              --              --        -- 
pe_val_out[9]      1      --              --              --        -- 
pe_val_out[10]
                   1      --              --              --        -- 
pe_val_out[11]
                   1      --              --              --        -- 
pe_val_out[12]
                   1      --              --              --        -- 
pe_val_out[13]
                   1      --              --              --        -- 
pe_val_out[14]
                   1      --              --              --        -- 
pe_val_out[15]
                   1      --              --              --        -- 
pe_val_out[16]
                   1      --              --              --        -- 
pe_val_out[17]
                   1      --              --              --        -- 
pe_val_out[18]
                   1      --              --              --        -- 
pe_val_out[19]
                   1      --              --              --        -- 
pe_val_out[20]
                   1      --              --              --        -- 
pe_val_out[21]
                   1      --              --              --        -- 
pe_val_out[22]
                   1      --              --              --        -- 
pe_val_out[23]
                   1      --              --              --        -- 
pe_val_out[24]
                   1      --              --              --        -- 
pe_val_out[25]
                   1      --              --              --        -- 
pe_val_out[26]
                   1      --              --              --        -- 
pe_val_out[27]
                   1      --              --              --        -- 
pe_val_out[28]
                   1      --              --              --        -- 
pe_val_out[29]
                   1      --              --              --        -- 
pe_val_out[30]
                   1      --              --              --        -- 
pe_val_out[31]
                   1      --              --              --        -- 
result_out[0]      1      --              --              --        -- 
result_out[1]      1      --              --              --        -- 
result_out[2]      1      --              --              --        -- 
result_out[3]      1      --              --              --        -- 
result_out[4]      1      --              --              --        -- 
result_out[5]      1      --              --              --        -- 
result_out[6]      1      --              --              --        -- 
result_out[7]      1      --              --              --        -- 
result_out[8]      1      --              --              --        -- 
result_out[9]      1      --              --              --        -- 
result_out[10]
                   1      --              --              --        -- 
result_out[11]
                   1      --              --              --        -- 
result_out[12]
                   1      --              --              --        -- 
result_out[13]
                   1      --              --              --        -- 
result_out[14]
                   1      --              --              --        -- 
result_out[15]
                   1      --              --              --        -- 
result_out[16]
                   1      --              --              --        -- 
result_out[17]
                   1      --              --              --        -- 
result_out[18]
                   1      --              --              --        -- 
result_out[19]
                   1      --              --              --        -- 
result_out[20]
                   1      --              --              --        -- 
result_out[21]
                   1      --              --              --        -- 
result_out[22]
                   1      --              --              --        -- 
result_out[23]
                   1      --              --              --        -- 
result_out[24]
                   1      --              --              --        -- 
result_out[25]
                   1      --              --              --        -- 
result_out[26]
                   1      --              --              --        -- 
result_out[27]
                   1      --              --              --        -- 
result_out[28]
                   1      --              --              --        -- 
result_out[29]
                   1      --              --              --        -- 
result_out[30]
                   1      --              --              --        -- 
result_out[31]
                   1      --              --              --        -- 
result_out[32]
                   1      --              --              --        -- 
result_out[33]
                   1      --              --              --        -- 
result_out[34]
                   1      --              --              --        -- 
result_out[35]
                   1      --              --              --        -- 
result_out[36]
                   1      --              --              --        -- 
result_out[37]
                   1      --              --              --        -- 
result_out[38]
                   1      --              --              --        -- 
result_out[39]
                   1      --              --              --        -- 
result_out[40]
                   1      --              --              --        -- 
result_out[41]
                   1      --              --              --        -- 
result_out[42]
                   1      --              --              --        -- 
result_out[43]
                   1      --              --              --        -- 
result_out[44]
                   1      --              --              --        -- 
result_out[45]
                   1      --              --              --        -- 
result_out[46]
                   1      --              --              --        -- 
result_out[47]
                   1      --              --              --        -- 
result_out[48]
                   1      --              --              --        -- 
result_out[49]
                   1      --              --              --        -- 
result_out[50]
                   1      --              --              --        -- 
result_out[51]
                   1      --              --              --        -- 
result_out[52]
                   1      --              --              --        -- 
result_out[53]
                   1      --              --              --        -- 
result_out[54]
                   1      --              --              --        -- 
result_out[55]
                   1      --              --              --        -- 
result_out[56]
                   1      --              --              --        -- 
result_out[57]
                   1      --              --              --        -- 
result_out[58]
                   1      --              --              --        -- 
result_out[59]
                   1      --              --              --        -- 
result_out[60]
                   1      --              --              --        -- 
result_out[61]
                   1      --              --              --        -- 
result_out[62]
                   1      --              --              --        -- 
result_out[63]
                   1      --              --              --        -- 
w_old_out[0]       1      --              --              --        -- 
w_old_out[1]       1      --              --              --        -- 
w_old_out[2]       1      --              --              --        -- 
w_old_out[3]       1      --              --              --        -- 
w_old_out[4]       1      --              --              --        -- 
w_old_out[5]       1      --              --              --        -- 
w_old_out[6]       1      --              --              --        -- 
w_old_out[7]       1      --              --              --        -- 
x_old_out[0]       1      --              --              --        -- 
x_old_out[1]       1      --              --              --        -- 
x_old_out[2]       1      --              --              --        -- 
x_old_out[3]       1      --              --              --        -- 
x_old_out[4]       1      --              --              --        -- 
x_old_out[5]       1      --              --              --        -- 
x_old_out[6]       1      --              --              --        -- 
x_old_out[7]       1      --              --              --        -- 

                    Input Delay
                  Min             Max       Related   Max
Input Port    Rise    Fall    Rise    Fall   Clock  Fanout
--------------------------------------------------------------------------------
clk           --      --      --      --      --      -- 
rst           0.10    0.10    0.10    0.10  MAIN_CLOCK
                                                      4.00  
sel0[0]       0.10    0.10    0.10    0.10  MAIN_CLOCK
                                                      4.00  
sel0[1]       0.10    0.10    0.10    0.10  MAIN_CLOCK
                                                      4.00  
sel1[0]       0.10    0.10    0.10    0.10  MAIN_CLOCK
                                                      4.00  
sel1[1]       0.10    0.10    0.10    0.10  MAIN_CLOCK
                                                      4.00  
sel2          0.10    0.10    0.10    0.10  MAIN_CLOCK
                                                      4.00  
sel3          0.10    0.10    0.10    0.10  MAIN_CLOCK
                                                      4.00  
sel4[0]       0.10    0.10    0.10    0.10  MAIN_CLOCK
                                                      4.00  
sel4[1]       0.10    0.10    0.10    0.10  MAIN_CLOCK
                                                      4.00  
w_new[0]      0.10    0.10    0.10    0.10  MAIN_CLOCK
                                                      4.00  
w_new[1]      0.10    0.10    0.10    0.10  MAIN_CLOCK
                                                      4.00  
w_new[2]      0.10    0.10    0.10    0.10  MAIN_CLOCK
                                                      4.00  
w_new[3]      0.10    0.10    0.10    0.10  MAIN_CLOCK
                                                      4.00  
w_new[4]      0.10    0.10    0.10    0.10  MAIN_CLOCK
                                                      4.00  
w_new[5]      0.10    0.10    0.10    0.10  MAIN_CLOCK
                                                      4.00  
w_new[6]      0.10    0.10    0.10    0.10  MAIN_CLOCK
                                                      4.00  
w_new[7]      0.10    0.10    0.10    0.10  MAIN_CLOCK
                                                      4.00  
x_new[0]      0.10    0.10    0.10    0.10  MAIN_CLOCK
                                                      4.00  
x_new[1]      0.10    0.10    0.10    0.10  MAIN_CLOCK
                                                      4.00  
x_new[2]      0.10    0.10    0.10    0.10  MAIN_CLOCK
                                                      4.00  
x_new[3]      0.10    0.10    0.10    0.10  MAIN_CLOCK
                                                      4.00  
x_new[4]      0.10    0.10    0.10    0.10  MAIN_CLOCK
                                                      4.00  
x_new[5]      0.10    0.10    0.10    0.10  MAIN_CLOCK
                                                      4.00  
x_new[6]      0.10    0.10    0.10    0.10  MAIN_CLOCK
                                                      4.00  
x_new[7]      0.10    0.10    0.10    0.10  MAIN_CLOCK
                                                      4.00  


               Max Drive      Min Drive      Resistance    Min    Min       Cell
Input Port    Rise    Fall   Rise    Fall   Max     Min    Cap    Fanout    Deg
--------------------------------------------------------------------------------
clk           --      --     --      --     --      --     --     --        -- 
rst           --      --     --      --     --      --     --     --        -- 
sel0[0]       --      --     --      --     --      --     --     --        -- 
sel0[1]       --      --     --      --     --      --     --     --        -- 
sel1[0]       --      --     --      --     --      --     --     --        -- 
sel1[1]       --      --     --      --     --      --     --     --        -- 
sel2          --      --     --      --     --      --     --     --        -- 
sel3          --      --     --      --     --      --     --     --        -- 
sel4[0]       --      --     --      --     --      --     --     --        -- 
sel4[1]       --      --     --      --     --      --     --     --        -- 
w_new[0]      --      --     --      --     --      --     --     --        -- 
w_new[1]      --      --     --      --     --      --     --     --        -- 
w_new[2]      --      --     --      --     --      --     --     --        -- 
w_new[3]      --      --     --      --     --      --     --     --        -- 
w_new[4]      --      --     --      --     --      --     --     --        -- 
w_new[5]      --      --     --      --     --      --     --     --        -- 
w_new[6]      --      --     --      --     --      --     --     --        -- 
w_new[7]      --      --     --      --     --      --     --     --        -- 
x_new[0]      --      --     --      --     --      --     --     --        -- 
x_new[1]      --      --     --      --     --      --     --     --        -- 
x_new[2]      --      --     --      --     --      --     --     --        -- 
x_new[3]      --      --     --      --     --      --     --     --        -- 
x_new[4]      --      --     --      --     --      --     --     --        -- 
x_new[5]      --      --     --      --     --      --     --     --        -- 
x_new[6]      --      --     --      --     --      --     --     --        -- 
x_new[7]      --      --     --      --     --      --     --     --        -- 


               Max Tran        Min Tran
Input Port    Rise    Fall    Rise    Fall
--------------------------------------------------------------------------------
clk           --      --      --      -- 
rst           --      --      --      -- 
sel0[0]       --      --      --      -- 
sel0[1]       --      --      --      -- 
sel1[0]       --      --      --      -- 
sel1[1]       --      --      --      -- 
sel2          --      --      --      -- 
sel3          --      --      --      -- 
sel4[0]       --      --      --      -- 
sel4[1]       --      --      --      -- 
w_new[0]      --      --      --      -- 
w_new[1]      --      --      --      -- 
w_new[2]      --      --      --      -- 
w_new[3]      --      --      --      -- 
w_new[4]      --      --      --      -- 
w_new[5]      --      --      --      -- 
w_new[6]      --      --      --      -- 
w_new[7]      --      --      --      -- 
x_new[0]      --      --      --      -- 
x_new[1]      --      --      --      -- 
x_new[2]      --      --      --      -- 
x_new[3]      --      --      --      -- 
x_new[4]      --      --      --      -- 
x_new[5]      --      --      --      -- 
x_new[6]      --      --      --      -- 
x_new[7]      --      --      --      -- 


                    Output Delay
                  Min             Max      Related  Fanout
Output Port   Rise    Fall    Rise    Fall  Clock     Load
--------------------------------------------------------------------------------
pe_val_out[0]
              0.10    0.10    0.10    0.10  MAIN_CLOCK
                                                      0.00  
pe_val_out[1]
              0.10    0.10    0.10    0.10  MAIN_CLOCK
                                                      0.00  
pe_val_out[2]
              0.10    0.10    0.10    0.10  MAIN_CLOCK
                                                      0.00  
pe_val_out[3]
              0.10    0.10    0.10    0.10  MAIN_CLOCK
                                                      0.00  
pe_val_out[4]
              0.10    0.10    0.10    0.10  MAIN_CLOCK
                                                      0.00  
pe_val_out[5]
              0.10    0.10    0.10    0.10  MAIN_CLOCK
                                                      0.00  
pe_val_out[6]
              0.10    0.10    0.10    0.10  MAIN_CLOCK
                                                      0.00  
pe_val_out[7]
              0.10    0.10    0.10    0.10  MAIN_CLOCK
                                                      0.00  
pe_val_out[8]
              0.10    0.10    0.10    0.10  MAIN_CLOCK
                                                      0.00  
pe_val_out[9]
              0.10    0.10    0.10    0.10  MAIN_CLOCK
                                                      0.00  
pe_val_out[10]
              0.10    0.10    0.10    0.10  MAIN_CLOCK
                                                      0.00  
pe_val_out[11]
              0.10    0.10    0.10    0.10  MAIN_CLOCK
                                                      0.00  
pe_val_out[12]
              0.10    0.10    0.10    0.10  MAIN_CLOCK
                                                      0.00  
pe_val_out[13]
              0.10    0.10    0.10    0.10  MAIN_CLOCK
                                                      0.00  
pe_val_out[14]
              0.10    0.10    0.10    0.10  MAIN_CLOCK
                                                      0.00  
pe_val_out[15]
              0.10    0.10    0.10    0.10  MAIN_CLOCK
                                                      0.00  
pe_val_out[16]
              0.10    0.10    0.10    0.10  MAIN_CLOCK
                                                      0.00  
pe_val_out[17]
              0.10    0.10    0.10    0.10  MAIN_CLOCK
                                                      0.00  
pe_val_out[18]
              0.10    0.10    0.10    0.10  MAIN_CLOCK
                                                      0.00  
pe_val_out[19]
              0.10    0.10    0.10    0.10  MAIN_CLOCK
                                                      0.00  
pe_val_out[20]
              0.10    0.10    0.10    0.10  MAIN_CLOCK
                                                      0.00  
pe_val_out[21]
              0.10    0.10    0.10    0.10  MAIN_CLOCK
                                                      0.00  
pe_val_out[22]
              0.10    0.10    0.10    0.10  MAIN_CLOCK
                                                      0.00  
pe_val_out[23]
              0.10    0.10    0.10    0.10  MAIN_CLOCK
                                                      0.00  
pe_val_out[24]
              0.10    0.10    0.10    0.10  MAIN_CLOCK
                                                      0.00  
pe_val_out[25]
              0.10    0.10    0.10    0.10  MAIN_CLOCK
                                                      0.00  
pe_val_out[26]
              0.10    0.10    0.10    0.10  MAIN_CLOCK
                                                      0.00  
pe_val_out[27]
              0.10    0.10    0.10    0.10  MAIN_CLOCK
                                                      0.00  
pe_val_out[28]
              0.10    0.10    0.10    0.10  MAIN_CLOCK
                                                      0.00  
pe_val_out[29]
              0.10    0.10    0.10    0.10  MAIN_CLOCK
                                                      0.00  
pe_val_out[30]
              0.10    0.10    0.10    0.10  MAIN_CLOCK
                                                      0.00  
pe_val_out[31]
              0.10    0.10    0.10    0.10  MAIN_CLOCK
                                                      0.00  
result_out[0]
              0.10    0.10    0.10    0.10  MAIN_CLOCK
                                                      0.00  
result_out[1]
              0.10    0.10    0.10    0.10  MAIN_CLOCK
                                                      0.00  
result_out[2]
              0.10    0.10    0.10    0.10  MAIN_CLOCK
                                                      0.00  
result_out[3]
              0.10    0.10    0.10    0.10  MAIN_CLOCK
                                                      0.00  
result_out[4]
              0.10    0.10    0.10    0.10  MAIN_CLOCK
                                                      0.00  
result_out[5]
              0.10    0.10    0.10    0.10  MAIN_CLOCK
                                                      0.00  
result_out[6]
              0.10    0.10    0.10    0.10  MAIN_CLOCK
                                                      0.00  
result_out[7]
              0.10    0.10    0.10    0.10  MAIN_CLOCK
                                                      0.00  
result_out[8]
              0.10    0.10    0.10    0.10  MAIN_CLOCK
                                                      0.00  
result_out[9]
              0.10    0.10    0.10    0.10  MAIN_CLOCK
                                                      0.00  
result_out[10]
              0.10    0.10    0.10    0.10  MAIN_CLOCK
                                                      0.00  
result_out[11]
              0.10    0.10    0.10    0.10  MAIN_CLOCK
                                                      0.00  
result_out[12]
              0.10    0.10    0.10    0.10  MAIN_CLOCK
                                                      0.00  
result_out[13]
              0.10    0.10    0.10    0.10  MAIN_CLOCK
                                                      0.00  
result_out[14]
              0.10    0.10    0.10    0.10  MAIN_CLOCK
                                                      0.00  
result_out[15]
              0.10    0.10    0.10    0.10  MAIN_CLOCK
                                                      0.00  
result_out[16]
              0.10    0.10    0.10    0.10  MAIN_CLOCK
                                                      0.00  
result_out[17]
              0.10    0.10    0.10    0.10  MAIN_CLOCK
                                                      0.00  
result_out[18]
              0.10    0.10    0.10    0.10  MAIN_CLOCK
                                                      0.00  
result_out[19]
              0.10    0.10    0.10    0.10  MAIN_CLOCK
                                                      0.00  
result_out[20]
              0.10    0.10    0.10    0.10  MAIN_CLOCK
                                                      0.00  
result_out[21]
              0.10    0.10    0.10    0.10  MAIN_CLOCK
                                                      0.00  
result_out[22]
              0.10    0.10    0.10    0.10  MAIN_CLOCK
                                                      0.00  
result_out[23]
              0.10    0.10    0.10    0.10  MAIN_CLOCK
                                                      0.00  
result_out[24]
              0.10    0.10    0.10    0.10  MAIN_CLOCK
                                                      0.00  
result_out[25]
              0.10    0.10    0.10    0.10  MAIN_CLOCK
                                                      0.00  
result_out[26]
              0.10    0.10    0.10    0.10  MAIN_CLOCK
                                                      0.00  
result_out[27]
              0.10    0.10    0.10    0.10  MAIN_CLOCK
                                                      0.00  
result_out[28]
              0.10    0.10    0.10    0.10  MAIN_CLOCK
                                                      0.00  
result_out[29]
              0.10    0.10    0.10    0.10  MAIN_CLOCK
                                                      0.00  
result_out[30]
              0.10    0.10    0.10    0.10  MAIN_CLOCK
                                                      0.00  
result_out[31]
              0.10    0.10    0.10    0.10  MAIN_CLOCK
                                                      0.00  
result_out[32]
              0.10    0.10    0.10    0.10  MAIN_CLOCK
                                                      0.00  
result_out[33]
              0.10    0.10    0.10    0.10  MAIN_CLOCK
                                                      0.00  
result_out[34]
              0.10    0.10    0.10    0.10  MAIN_CLOCK
                                                      0.00  
result_out[35]
              0.10    0.10    0.10    0.10  MAIN_CLOCK
                                                      0.00  
result_out[36]
              0.10    0.10    0.10    0.10  MAIN_CLOCK
                                                      0.00  
result_out[37]
              0.10    0.10    0.10    0.10  MAIN_CLOCK
                                                      0.00  
result_out[38]
              0.10    0.10    0.10    0.10  MAIN_CLOCK
                                                      0.00  
result_out[39]
              0.10    0.10    0.10    0.10  MAIN_CLOCK
                                                      0.00  
result_out[40]
              0.10    0.10    0.10    0.10  MAIN_CLOCK
                                                      0.00  
result_out[41]
              0.10    0.10    0.10    0.10  MAIN_CLOCK
                                                      0.00  
result_out[42]
              0.10    0.10    0.10    0.10  MAIN_CLOCK
                                                      0.00  
result_out[43]
              0.10    0.10    0.10    0.10  MAIN_CLOCK
                                                      0.00  
result_out[44]
              0.10    0.10    0.10    0.10  MAIN_CLOCK
                                                      0.00  
result_out[45]
              0.10    0.10    0.10    0.10  MAIN_CLOCK
                                                      0.00  
result_out[46]
              0.10    0.10    0.10    0.10  MAIN_CLOCK
                                                      0.00  
result_out[47]
              0.10    0.10    0.10    0.10  MAIN_CLOCK
                                                      0.00  
result_out[48]
              0.10    0.10    0.10    0.10  MAIN_CLOCK
                                                      0.00  
result_out[49]
              0.10    0.10    0.10    0.10  MAIN_CLOCK
                                                      0.00  
result_out[50]
              0.10    0.10    0.10    0.10  MAIN_CLOCK
                                                      0.00  
result_out[51]
              0.10    0.10    0.10    0.10  MAIN_CLOCK
                                                      0.00  
result_out[52]
              0.10    0.10    0.10    0.10  MAIN_CLOCK
                                                      0.00  
result_out[53]
              0.10    0.10    0.10    0.10  MAIN_CLOCK
                                                      0.00  
result_out[54]
              0.10    0.10    0.10    0.10  MAIN_CLOCK
                                                      0.00  
result_out[55]
              0.10    0.10    0.10    0.10  MAIN_CLOCK
                                                      0.00  
result_out[56]
              0.10    0.10    0.10    0.10  MAIN_CLOCK
                                                      0.00  
result_out[57]
              0.10    0.10    0.10    0.10  MAIN_CLOCK
                                                      0.00  
result_out[58]
              0.10    0.10    0.10    0.10  MAIN_CLOCK
                                                      0.00  
result_out[59]
              0.10    0.10    0.10    0.10  MAIN_CLOCK
                                                      0.00  
result_out[60]
              0.10    0.10    0.10    0.10  MAIN_CLOCK
                                                      0.00  
result_out[61]
              0.10    0.10    0.10    0.10  MAIN_CLOCK
                                                      0.00  
result_out[62]
              0.10    0.10    0.10    0.10  MAIN_CLOCK
                                                      0.00  
result_out[63]
              0.10    0.10    0.10    0.10  MAIN_CLOCK
                                                      0.00  
w_old_out[0]
              0.10    0.10    0.10    0.10  MAIN_CLOCK
                                                      0.00  
w_old_out[1]
              0.10    0.10    0.10    0.10  MAIN_CLOCK
                                                      0.00  
w_old_out[2]
              0.10    0.10    0.10    0.10  MAIN_CLOCK
                                                      0.00  
w_old_out[3]
              0.10    0.10    0.10    0.10  MAIN_CLOCK
                                                      0.00  
w_old_out[4]
              0.10    0.10    0.10    0.10  MAIN_CLOCK
                                                      0.00  
w_old_out[5]
              0.10    0.10    0.10    0.10  MAIN_CLOCK
                                                      0.00  
w_old_out[6]
              0.10    0.10    0.10    0.10  MAIN_CLOCK
                                                      0.00  
w_old_out[7]
              0.10    0.10    0.10    0.10  MAIN_CLOCK
                                                      0.00  
x_old_out[0]
              0.10    0.10    0.10    0.10  MAIN_CLOCK
                                                      0.00  
x_old_out[1]
              0.10    0.10    0.10    0.10  MAIN_CLOCK
                                                      0.00  
x_old_out[2]
              0.10    0.10    0.10    0.10  MAIN_CLOCK
                                                      0.00  
x_old_out[3]
              0.10    0.10    0.10    0.10  MAIN_CLOCK
                                                      0.00  
x_old_out[4]
              0.10    0.10    0.10    0.10  MAIN_CLOCK
                                                      0.00  
x_old_out[5]
              0.10    0.10    0.10    0.10  MAIN_CLOCK
                                                      0.00  
x_old_out[6]
              0.10    0.10    0.10    0.10  MAIN_CLOCK
                                                      0.00  
x_old_out[7]
              0.10    0.10    0.10    0.10  MAIN_CLOCK
                                                      0.00  

1
