Information: Updating design information... (UID-85)
 
****************************************
Report : constraint
        -all_violators
Design : mac_unit
Version: V-2023.12-SP5
Date   : Mon Sep 22 08:34:23 2025
****************************************


   max_area

                             Required        Actual
   Design                      Area           Area           Slack
   -----------------------------------------------------------------
   mac_unit                     0.00         515.36        -515.36  (VIOLATED)


   max_leakage_power

                             Required        Actual
   Design                   Leakage Power  Leakage Power     Slack
   -----------------------------------------------------------------
   mac_unit                     0.00       19072882.00    -19072882.00
                                                                    (VIOLATED)


1
