 
****************************************
Report : area
Design : mac_unit
Version: V-2023.12-SP5
Date   : Mon Sep 22 08:34:23 2025
****************************************

Library(s) Used:

    NanGate_15nm_OCL (File: /home/csarch/workspace/MOSA_RTL/syn/pdk/NanGate_15nm_OCL_v0.1_2014_06_Apache.A/front_end/timing_power_noise/NLDM/NanGate_15nm_OCL.db)

Number of ports:                          138
Number of nets:                          1337
Number of cells:                         1157
Number of combinational cells:           1075
Number of sequential cells:                80
Number of macros/black boxes:               0
Number of buf/inv:                        291
Number of references:                      16

Combinational area:                413.122568
Buf/Inv area:                       52.346880
Noncombinational area:             102.236156
Macro/Black Box area:                0.000000
Net Interconnect area:      undefined  (No wire load specified)

Total cell area:                   515.358725
Total area:                 undefined
1
