 
****************************************
Report : port
        -verbose
Design : mac_unit
Version: V-2023.12-SP5
Date   : Wed Sep 24 08:50:01 2025
****************************************



Attributes:
    i - ideal_network

                       Pin      Wire     Max     Max     Connection
Port           Dir     Load     Load     Trans   Cap     Class      Attrs
--------------------------------------------------------------------------------
clk            in      0.0000   0.0000   --      --      --         i
rst            in      0.0000   0.0000   10.00   --      --         
sel0[0]        in      0.0000   0.0000   10.00   --      --         
sel0[1]        in      0.0000   0.0000   10.00   --      --         
sel1[0]        in      0.0000   0.0000   10.00   --      --         
sel1[1]        in      0.0000   0.0000   10.00   --      --         
sel2           in      0.0000   0.0000   10.00   --      --         
sel3           in      0.0000   0.0000   10.00   --      --         
sel4[0]        in      0.0000   0.0000   10.00   --      --         
sel4[1]        in      0.0000   0.0000   10.00   --      --         
w_new[0]       in      0.0000   0.0000   10.00   --      --         
w_new[1]       in      0.0000   0.0000   10.00   --      --         
w_new[2]       in      0.0000   0.0000   10.00   --      --         
w_new[3]       in      0.0000   0.0000   10.00   --      --         
w_new[4]       in      0.0000   0.0000   10.00   --      --         
w_new[5]       in      0.0000   0.0000   10.00   --      --         
w_new[6]       in      0.0000   0.0000   10.00   --      --         
w_new[7]       in      0.0000   0.0000   10.00   --      --         
w_new[8]       in      0.0000   0.0000   10.00   --      --         
w_new[9]       in      0.0000   0.0000   10.00   --      --         
w_new[10]      in      0.0000   0.0000   10.00   --      --         
w_new[11]      in      0.0000   0.0000   10.00   --      --         
w_new[12]      in      0.0000   0.0000   10.00   --      --         
w_new[13]      in      0.0000   0.0000   10.00   --      --         
w_new[14]      in      0.0000   0.0000   10.00   --      --         
w_new[15]      in      0.0000   0.0000   10.00   --      --         
w_new[16]      in      0.0000   0.0000   10.00   --      --         
w_new[17]      in      0.0000   0.0000   10.00   --      --         
w_new[18]      in      0.0000   0.0000   10.00   --      --         
w_new[19]      in      0.0000   0.0000   10.00   --      --         
w_new[20]      in      0.0000   0.0000   10.00   --      --         
w_new[21]      in      0.0000   0.0000   10.00   --      --         
w_new[22]      in      0.0000   0.0000   10.00   --      --         
w_new[23]      in      0.0000   0.0000   10.00   --      --         
w_new[24]      in      0.0000   0.0000   10.00   --      --         
w_new[25]      in      0.0000   0.0000   10.00   --      --         
w_new[26]      in      0.0000   0.0000   10.00   --      --         
w_new[27]      in      0.0000   0.0000   10.00   --      --         
w_new[28]      in      0.0000   0.0000   10.00   --      --         
w_new[29]      in      0.0000   0.0000   10.00   --      --         
w_new[30]      in      0.0000   0.0000   10.00   --      --         
w_new[31]      in      0.0000   0.0000   10.00   --      --         
x_new[0]       in      0.0000   0.0000   10.00   --      --         
x_new[1]       in      0.0000   0.0000   10.00   --      --         
x_new[2]       in      0.0000   0.0000   10.00   --      --         
x_new[3]       in      0.0000   0.0000   10.00   --      --         
x_new[4]       in      0.0000   0.0000   10.00   --      --         
x_new[5]       in      0.0000   0.0000   10.00   --      --         
x_new[6]       in      0.0000   0.0000   10.00   --      --         
x_new[7]       in      0.0000   0.0000   10.00   --      --         
x_new[8]       in      0.0000   0.0000   10.00   --      --         
x_new[9]       in      0.0000   0.0000   10.00   --      --         
x_new[10]      in      0.0000   0.0000   10.00   --      --         
x_new[11]      in      0.0000   0.0000   10.00   --      --         
x_new[12]      in      0.0000   0.0000   10.00   --      --         
x_new[13]      in      0.0000   0.0000   10.00   --      --         
x_new[14]      in      0.0000   0.0000   10.00   --      --         
x_new[15]      in      0.0000   0.0000   10.00   --      --         
x_new[16]      in      0.0000   0.0000   10.00   --      --         
x_new[17]      in      0.0000   0.0000   10.00   --      --         
x_new[18]      in      0.0000   0.0000   10.00   --      --         
x_new[19]      in      0.0000   0.0000   10.00   --      --         
x_new[20]      in      0.0000   0.0000   10.00   --      --         
x_new[21]      in      0.0000   0.0000   10.00   --      --         
x_new[22]      in      0.0000   0.0000   10.00   --      --         
x_new[23]      in      0.0000   0.0000   10.00   --      --         
x_new[24]      in      0.0000   0.0000   10.00   --      --         
x_new[25]      in      0.0000   0.0000   10.00   --      --         
x_new[26]      in      0.0000   0.0000   10.00   --      --         
x_new[27]      in      0.0000   0.0000   10.00   --      --         
x_new[28]      in      0.0000   0.0000   10.00   --      --         
x_new[29]      in      0.0000   0.0000   10.00   --      --         
x_new[30]      in      0.0000   0.0000   10.00   --      --         
x_new[31]      in      0.0000   0.0000   10.00   --      --         
pe_val_out[0]  out     0.5000   0.0000   --     100.00   --         
pe_val_out[1]  out     0.5000   0.0000   --     100.00   --         
pe_val_out[2]  out     0.5000   0.0000   --     100.00   --         
pe_val_out[3]  out     0.5000   0.0000   --     100.00   --         
pe_val_out[4]  out     0.5000   0.0000   --     100.00   --         
pe_val_out[5]  out     0.5000   0.0000   --     100.00   --         
pe_val_out[6]  out     0.5000   0.0000   --     100.00   --         
pe_val_out[7]  out     0.5000   0.0000   --     100.00   --         
pe_val_out[8]  out     0.5000   0.0000   --     100.00   --         
pe_val_out[9]  out     0.5000   0.0000   --     100.00   --         
pe_val_out[10] out     0.5000   0.0000   --     100.00   --         
pe_val_out[11] out     0.5000   0.0000   --     100.00   --         
pe_val_out[12] out     0.5000   0.0000   --     100.00   --         
pe_val_out[13] out     0.5000   0.0000   --     100.00   --         
pe_val_out[14] out     0.5000   0.0000   --     100.00   --         
pe_val_out[15] out     0.5000   0.0000   --     100.00   --         
pe_val_out[16] out     0.5000   0.0000   --     100.00   --         
pe_val_out[17] out     0.5000   0.0000   --     100.00   --         
pe_val_out[18] out     0.5000   0.0000   --     100.00   --         
pe_val_out[19] out     0.5000   0.0000   --     100.00   --         
pe_val_out[20] out     0.5000   0.0000   --     100.00   --         
pe_val_out[21] out     0.5000   0.0000   --     100.00   --         
pe_val_out[22] out     0.5000   0.0000   --     100.00   --         
pe_val_out[23] out     0.5000   0.0000   --     100.00   --         
pe_val_out[24] out     0.5000   0.0000   --     100.00   --         
pe_val_out[25] out     0.5000   0.0000   --     100.00   --         
pe_val_out[26] out     0.5000   0.0000   --     100.00   --         
pe_val_out[27] out     0.5000   0.0000   --     100.00   --         
pe_val_out[28] out     0.5000   0.0000   --     100.00   --         
pe_val_out[29] out     0.5000   0.0000   --     100.00   --         
pe_val_out[30] out     0.5000   0.0000   --     100.00   --         
pe_val_out[31] out     0.5000   0.0000   --     100.00   --         
result_out[0]  out     0.5000   0.0000   --     100.00   --         
result_out[1]  out     0.5000   0.0000   --     100.00   --         
result_out[2]  out     0.5000   0.0000   --     100.00   --         
result_out[3]  out     0.5000   0.0000   --     100.00   --         
result_out[4]  out     0.5000   0.0000   --     100.00   --         
result_out[5]  out     0.5000   0.0000   --     100.00   --         
result_out[6]  out     0.5000   0.0000   --     100.00   --         
result_out[7]  out     0.5000   0.0000   --     100.00   --         
result_out[8]  out     0.5000   0.0000   --     100.00   --         
result_out[9]  out     0.5000   0.0000   --     100.00   --         
result_out[10] out     0.5000   0.0000   --     100.00   --         
result_out[11] out     0.5000   0.0000   --     100.00   --         
result_out[12] out     0.5000   0.0000   --     100.00   --         
result_out[13] out     0.5000   0.0000   --     100.00   --         
result_out[14] out     0.5000   0.0000   --     100.00   --         
result_out[15] out     0.5000   0.0000   --     100.00   --         
result_out[16] out     0.5000   0.0000   --     100.00   --         
result_out[17] out     0.5000   0.0000   --     100.00   --         
result_out[18] out     0.5000   0.0000   --     100.00   --         
result_out[19] out     0.5000   0.0000   --     100.00   --         
result_out[20] out     0.5000   0.0000   --     100.00   --         
result_out[21] out     0.5000   0.0000   --     100.00   --         
result_out[22] out     0.5000   0.0000   --     100.00   --         
result_out[23] out     0.5000   0.0000   --     100.00   --         
result_out[24] out     0.5000   0.0000   --     100.00   --         
result_out[25] out     0.5000   0.0000   --     100.00   --         
result_out[26] out     0.5000   0.0000   --     100.00   --         
result_out[27] out     0.5000   0.0000   --     100.00   --         
result_out[28] out     0.5000   0.0000   --     100.00   --         
result_out[29] out     0.5000   0.0000   --     100.00   --         
result_out[30] out     0.5000   0.0000   --     100.00   --         
result_out[31] out     0.5000   0.0000   --     100.00   --         
w_old_out[0]   out     0.5000   0.0000   --     100.00   --         
w_old_out[1]   out     0.5000   0.0000   --     100.00   --         
w_old_out[2]   out     0.5000   0.0000   --     100.00   --         
w_old_out[3]   out     0.5000   0.0000   --     100.00   --         
w_old_out[4]   out     0.5000   0.0000   --     100.00   --         
w_old_out[5]   out     0.5000   0.0000   --     100.00   --         
w_old_out[6]   out     0.5000   0.0000   --     100.00   --         
w_old_out[7]   out     0.5000   0.0000   --     100.00   --         
w_old_out[8]   out     0.5000   0.0000   --     100.00   --         
w_old_out[9]   out     0.5000   0.0000   --     100.00   --         
w_old_out[10]  out     0.5000   0.0000   --     100.00   --         
w_old_out[11]  out     0.5000   0.0000   --     100.00   --         
w_old_out[12]  out     0.5000   0.0000   --     100.00   --         
w_old_out[13]  out     0.5000   0.0000   --     100.00   --         
w_old_out[14]  out     0.5000   0.0000   --     100.00   --         
w_old_out[15]  out     0.5000   0.0000   --     100.00   --         
w_old_out[16]  out     0.5000   0.0000   --     100.00   --         
w_old_out[17]  out     0.5000   0.0000   --     100.00   --         
w_old_out[18]  out     0.5000   0.0000   --     100.00   --         
w_old_out[19]  out     0.5000   0.0000   --     100.00   --         
w_old_out[20]  out     0.5000   0.0000   --     100.00   --         
w_old_out[21]  out     0.5000   0.0000   --     100.00   --         
w_old_out[22]  out     0.5000   0.0000   --     100.00   --         
w_old_out[23]  out     0.5000   0.0000   --     100.00   --         
w_old_out[24]  out     0.5000   0.0000   --     100.00   --         
w_old_out[25]  out     0.5000   0.0000   --     100.00   --         
w_old_out[26]  out     0.5000   0.0000   --     100.00   --         
w_old_out[27]  out     0.5000   0.0000   --     100.00   --         
w_old_out[28]  out     0.5000   0.0000   --     100.00   --         
w_old_out[29]  out     0.5000   0.0000   --     100.00   --         
w_old_out[30]  out     0.5000   0.0000   --     100.00   --         
w_old_out[31]  out     0.5000   0.0000   --     100.00   --         
x_old_out[0]   out     0.5000   0.0000   --     100.00   --         
x_old_out[1]   out     0.5000   0.0000   --     100.00   --         
x_old_out[2]   out     0.5000   0.0000   --     100.00   --         
x_old_out[3]   out     0.5000   0.0000   --     100.00   --         
x_old_out[4]   out     0.5000   0.0000   --     100.00   --         
x_old_out[5]   out     0.5000   0.0000   --     100.00   --         
x_old_out[6]   out     0.5000   0.0000   --     100.00   --         
x_old_out[7]   out     0.5000   0.0000   --     100.00   --         
x_old_out[8]   out     0.5000   0.0000   --     100.00   --         
x_old_out[9]   out     0.5000   0.0000   --     100.00   --         
x_old_out[10]  out     0.5000   0.0000   --     100.00   --         
x_old_out[11]  out     0.5000   0.0000   --     100.00   --         
x_old_out[12]  out     0.5000   0.0000   --     100.00   --         
x_old_out[13]  out     0.5000   0.0000   --     100.00   --         
x_old_out[14]  out     0.5000   0.0000   --     100.00   --         
x_old_out[15]  out     0.5000   0.0000   --     100.00   --         
x_old_out[16]  out     0.5000   0.0000   --     100.00   --         
x_old_out[17]  out     0.5000   0.0000   --     100.00   --         
x_old_out[18]  out     0.5000   0.0000   --     100.00   --         
x_old_out[19]  out     0.5000   0.0000   --     100.00   --         
x_old_out[20]  out     0.5000   0.0000   --     100.00   --         
x_old_out[21]  out     0.5000   0.0000   --     100.00   --         
x_old_out[22]  out     0.5000   0.0000   --     100.00   --         
x_old_out[23]  out     0.5000   0.0000   --     100.00   --         
x_old_out[24]  out     0.5000   0.0000   --     100.00   --         
x_old_out[25]  out     0.5000   0.0000   --     100.00   --         
x_old_out[26]  out     0.5000   0.0000   --     100.00   --         
x_old_out[27]  out     0.5000   0.0000   --     100.00   --         
x_old_out[28]  out     0.5000   0.0000   --     100.00   --         
x_old_out[29]  out     0.5000   0.0000   --     100.00   --         
x_old_out[30]  out     0.5000   0.0000   --     100.00   --         
x_old_out[31]  out     0.5000   0.0000   --     100.00   --         


              External  Max             Min                Min       Min
              Number    Wireload        Wireload           Pin       Wire
Port          Points    Model           Model              Load      Load
--------------------------------------------------------------------------------
clk                1      --              --              --        -- 
rst                1      --              --              --        -- 
sel0[0]            1      --              --              --        -- 
sel0[1]            1      --              --              --        -- 
sel1[0]            1      --              --              --        -- 
sel1[1]            1      --              --              --        -- 
sel2               1      --              --              --        -- 
sel3               1      --              --              --        -- 
sel4[0]            1      --              --              --        -- 
sel4[1]            1      --              --              --        -- 
w_new[0]           1      --              --              --        -- 
w_new[1]           1      --              --              --        -- 
w_new[2]           1      --              --              --        -- 
w_new[3]           1      --              --              --        -- 
w_new[4]           1      --              --              --        -- 
w_new[5]           1      --              --              --        -- 
w_new[6]           1      --              --              --        -- 
w_new[7]           1      --              --              --        -- 
w_new[8]           1      --              --              --        -- 
w_new[9]           1      --              --              --        -- 
w_new[10]          1      --              --              --        -- 
w_new[11]          1      --              --              --        -- 
w_new[12]          1      --              --              --        -- 
w_new[13]          1      --              --              --        -- 
w_new[14]          1      --              --              --        -- 
w_new[15]          1      --              --              --        -- 
w_new[16]          1      --              --              --        -- 
w_new[17]          1      --              --              --        -- 
w_new[18]          1      --              --              --        -- 
w_new[19]          1      --              --              --        -- 
w_new[20]          1      --              --              --        -- 
w_new[21]          1      --              --              --        -- 
w_new[22]          1      --              --              --        -- 
w_new[23]          1      --              --              --        -- 
w_new[24]          1      --              --              --        -- 
w_new[25]          1      --              --              --        -- 
w_new[26]          1      --              --              --        -- 
w_new[27]          1      --              --              --        -- 
w_new[28]          1      --              --              --        -- 
w_new[29]          1      --              --              --        -- 
w_new[30]          1      --              --              --        -- 
w_new[31]          1      --              --              --        -- 
x_new[0]           1      --              --              --        -- 
x_new[1]           1      --              --              --        -- 
x_new[2]           1      --              --              --        -- 
x_new[3]           1      --              --              --        -- 
x_new[4]           1      --              --              --        -- 
x_new[5]           1      --              --              --        -- 
x_new[6]           1      --              --              --        -- 
x_new[7]           1      --              --              --        -- 
x_new[8]           1      --              --              --        -- 
x_new[9]           1      --              --              --        -- 
x_new[10]          1      --              --              --        -- 
x_new[11]          1      --              --              --        -- 
x_new[12]          1      --              --              --        -- 
x_new[13]          1      --              --              --        -- 
x_new[14]          1      --              --              --        -- 
x_new[15]          1      --              --              --        -- 
x_new[16]          1      --              --              --        -- 
x_new[17]          1      --              --              --        -- 
x_new[18]          1      --              --              --        -- 
x_new[19]          1      --              --              --        -- 
x_new[20]          1      --              --              --        -- 
x_new[21]          1      --              --              --        -- 
x_new[22]          1      --              --              --        -- 
x_new[23]          1      --              --              --        -- 
x_new[24]          1      --              --              --        -- 
x_new[25]          1      --              --              --        -- 
x_new[26]          1      --              --              --        -- 
x_new[27]          1      --              --              --        -- 
x_new[28]          1      --              --              --        -- 
x_new[29]          1      --              --              --        -- 
x_new[30]          1      --              --              --        -- 
x_new[31]          1      --              --              --        -- 
pe_val_out[0]      1      --              --              --        -- 
pe_val_out[1]      1      --              --              --        -- 
pe_val_out[2]      1      --              --              --        -- 
pe_val_out[3]      1      --              --              --        -- 
pe_val_out[4]      1      --              --              --        -- 
pe_val_out[5]      1      --              --              --        -- 
pe_val_out[6]      1      --              --              --        -- 
pe_val_out[7]      1      --              --              --        -- 
pe_val_out[8]      1      --              --              --        -- 
pe_val_out[9]      1      --              --              --        -- 
pe_val_out[10]
                   1      --              --              --        -- 
pe_val_out[11]
                   1      --              --              --        -- 
pe_val_out[12]
                   1      --              --              --        -- 
pe_val_out[13]
                   1      --              --              --        -- 
pe_val_out[14]
                   1      --              --              --        -- 
pe_val_out[15]
                   1      --              --              --        -- 
pe_val_out[16]
                   1      --              --              --        -- 
pe_val_out[17]
                   1      --              --              --        -- 
pe_val_out[18]
                   1      --              --              --        -- 
pe_val_out[19]
                   1      --              --              --        -- 
pe_val_out[20]
                   1      --              --              --        -- 
pe_val_out[21]
                   1      --              --              --        -- 
pe_val_out[22]
                   1      --              --              --        -- 
pe_val_out[23]
                   1      --              --              --        -- 
pe_val_out[24]
                   1      --              --              --        -- 
pe_val_out[25]
                   1      --              --              --        -- 
pe_val_out[26]
                   1      --              --              --        -- 
pe_val_out[27]
                   1      --              --              --        -- 
pe_val_out[28]
                   1      --              --              --        -- 
pe_val_out[29]
                   1      --              --              --        -- 
pe_val_out[30]
                   1      --              --              --        -- 
pe_val_out[31]
                   1      --              --              --        -- 
result_out[0]      1      --              --              --        -- 
result_out[1]      1      --              --              --        -- 
result_out[2]      1      --              --              --        -- 
result_out[3]      1      --              --              --        -- 
result_out[4]      1      --              --              --        -- 
result_out[5]      1      --              --              --        -- 
result_out[6]      1      --              --              --        -- 
result_out[7]      1      --              --              --        -- 
result_out[8]      1      --              --              --        -- 
result_out[9]      1      --              --              --        -- 
result_out[10]
                   1      --              --              --        -- 
result_out[11]
                   1      --              --              --        -- 
result_out[12]
                   1      --              --              --        -- 
result_out[13]
                   1      --              --              --        -- 
result_out[14]
                   1      --              --              --        -- 
result_out[15]
                   1      --              --              --        -- 
result_out[16]
                   1      --              --              --        -- 
result_out[17]
                   1      --              --              --        -- 
result_out[18]
                   1      --              --              --        -- 
result_out[19]
                   1      --              --              --        -- 
result_out[20]
                   1      --              --              --        -- 
result_out[21]
                   1      --              --              --        -- 
result_out[22]
                   1      --              --              --        -- 
result_out[23]
                   1      --              --              --        -- 
result_out[24]
                   1      --              --              --        -- 
result_out[25]
                   1      --              --              --        -- 
result_out[26]
                   1      --              --              --        -- 
result_out[27]
                   1      --              --              --        -- 
result_out[28]
                   1      --              --              --        -- 
result_out[29]
                   1      --              --              --        -- 
result_out[30]
                   1      --              --              --        -- 
result_out[31]
                   1      --              --              --        -- 
w_old_out[0]       1      --              --              --        -- 
w_old_out[1]       1      --              --              --        -- 
w_old_out[2]       1      --              --              --        -- 
w_old_out[3]       1      --              --              --        -- 
w_old_out[4]       1      --              --              --        -- 
w_old_out[5]       1      --              --              --        -- 
w_old_out[6]       1      --              --              --        -- 
w_old_out[7]       1      --              --              --        -- 
w_old_out[8]       1      --              --              --        -- 
w_old_out[9]       1      --              --              --        -- 
w_old_out[10]      1      --              --              --        -- 
w_old_out[11]      1      --              --              --        -- 
w_old_out[12]      1      --              --              --        -- 
w_old_out[13]      1      --              --              --        -- 
w_old_out[14]      1      --              --              --        -- 
w_old_out[15]      1      --              --              --        -- 
w_old_out[16]      1      --              --              --        -- 
w_old_out[17]      1      --              --              --        -- 
w_old_out[18]      1      --              --              --        -- 
w_old_out[19]      1      --              --              --        -- 
w_old_out[20]      1      --              --              --        -- 
w_old_out[21]      1      --              --              --        -- 
w_old_out[22]      1      --              --              --        -- 
w_old_out[23]      1      --              --              --        -- 
w_old_out[24]      1      --              --              --        -- 
w_old_out[25]      1      --              --              --        -- 
w_old_out[26]      1      --              --              --        -- 
w_old_out[27]      1      --              --              --        -- 
w_old_out[28]      1      --              --              --        -- 
w_old_out[29]      1      --              --              --        -- 
w_old_out[30]      1      --              --              --        -- 
w_old_out[31]      1      --              --              --        -- 
x_old_out[0]       1      --              --              --        -- 
x_old_out[1]       1      --              --              --        -- 
x_old_out[2]       1      --              --              --        -- 
x_old_out[3]       1      --              --              --        -- 
x_old_out[4]       1      --              --              --        -- 
x_old_out[5]       1      --              --              --        -- 
x_old_out[6]       1      --              --              --        -- 
x_old_out[7]       1      --              --              --        -- 
x_old_out[8]       1      --              --              --        -- 
x_old_out[9]       1      --              --              --        -- 
x_old_out[10]      1      --              --              --        -- 
x_old_out[11]      1      --              --              --        -- 
x_old_out[12]      1      --              --              --        -- 
x_old_out[13]      1      --              --              --        -- 
x_old_out[14]      1      --              --              --        -- 
x_old_out[15]      1      --              --              --        -- 
x_old_out[16]      1      --              --              --        -- 
x_old_out[17]      1      --              --              --        -- 
x_old_out[18]      1      --              --              --        -- 
x_old_out[19]      1      --              --              --        -- 
x_old_out[20]      1      --              --              --        -- 
x_old_out[21]      1      --              --              --        -- 
x_old_out[22]      1      --              --              --        -- 
x_old_out[23]      1      --              --              --        -- 
x_old_out[24]      1      --              --              --        -- 
x_old_out[25]      1      --              --              --        -- 
x_old_out[26]      1      --              --              --        -- 
x_old_out[27]      1      --              --              --        -- 
x_old_out[28]      1      --              --              --        -- 
x_old_out[29]      1      --              --              --        -- 
x_old_out[30]      1      --              --              --        -- 
x_old_out[31]      1      --              --              --        -- 

                    Input Delay
                  Min             Max       Related   Max
Input Port    Rise    Fall    Rise    Fall   Clock  Fanout
--------------------------------------------------------------------------------
clk           --      --      --      --      --      -- 
rst           0.10    0.10    0.10    0.10  MAIN_CLOCK
                                                      4.00  
sel0[0]       0.10    0.10    0.10    0.10  MAIN_CLOCK
                                                      4.00  
sel0[1]       0.10    0.10    0.10    0.10  MAIN_CLOCK
                                                      4.00  
sel1[0]       0.10    0.10    0.10    0.10  MAIN_CLOCK
                                                      4.00  
sel1[1]       0.10    0.10    0.10    0.10  MAIN_CLOCK
                                                      4.00  
sel2          0.10    0.10    0.10    0.10  MAIN_CLOCK
                                                      4.00  
sel3          0.10    0.10    0.10    0.10  MAIN_CLOCK
                                                      4.00  
sel4[0]       0.10    0.10    0.10    0.10  MAIN_CLOCK
                                                      4.00  
sel4[1]       0.10    0.10    0.10    0.10  MAIN_CLOCK
                                                      4.00  
w_new[0]      0.10    0.10    0.10    0.10  MAIN_CLOCK
                                                      4.00  
w_new[1]      0.10    0.10    0.10    0.10  MAIN_CLOCK
                                                      4.00  
w_new[2]      0.10    0.10    0.10    0.10  MAIN_CLOCK
                                                      4.00  
w_new[3]      0.10    0.10    0.10    0.10  MAIN_CLOCK
                                                      4.00  
w_new[4]      0.10    0.10    0.10    0.10  MAIN_CLOCK
                                                      4.00  
w_new[5]      0.10    0.10    0.10    0.10  MAIN_CLOCK
                                                      4.00  
w_new[6]      0.10    0.10    0.10    0.10  MAIN_CLOCK
                                                      4.00  
w_new[7]      0.10    0.10    0.10    0.10  MAIN_CLOCK
                                                      4.00  
w_new[8]      0.10    0.10    0.10    0.10  MAIN_CLOCK
                                                      4.00  
w_new[9]      0.10    0.10    0.10    0.10  MAIN_CLOCK
                                                      4.00  
w_new[10]     0.10    0.10    0.10    0.10  MAIN_CLOCK
                                                      4.00  
w_new[11]     0.10    0.10    0.10    0.10  MAIN_CLOCK
                                                      4.00  
w_new[12]     0.10    0.10    0.10    0.10  MAIN_CLOCK
                                                      4.00  
w_new[13]     0.10    0.10    0.10    0.10  MAIN_CLOCK
                                                      4.00  
w_new[14]     0.10    0.10    0.10    0.10  MAIN_CLOCK
                                                      4.00  
w_new[15]     0.10    0.10    0.10    0.10  MAIN_CLOCK
                                                      4.00  
w_new[16]     0.10    0.10    0.10    0.10  MAIN_CLOCK
                                                      4.00  
w_new[17]     0.10    0.10    0.10    0.10  MAIN_CLOCK
                                                      4.00  
w_new[18]     0.10    0.10    0.10    0.10  MAIN_CLOCK
                                                      4.00  
w_new[19]     0.10    0.10    0.10    0.10  MAIN_CLOCK
                                                      4.00  
w_new[20]     0.10    0.10    0.10    0.10  MAIN_CLOCK
                                                      4.00  
w_new[21]     0.10    0.10    0.10    0.10  MAIN_CLOCK
                                                      4.00  
w_new[22]     0.10    0.10    0.10    0.10  MAIN_CLOCK
                                                      4.00  
w_new[23]     0.10    0.10    0.10    0.10  MAIN_CLOCK
                                                      4.00  
w_new[24]     0.10    0.10    0.10    0.10  MAIN_CLOCK
                                                      4.00  
w_new[25]     0.10    0.10    0.10    0.10  MAIN_CLOCK
                                                      4.00  
w_new[26]     0.10    0.10    0.10    0.10  MAIN_CLOCK
                                                      4.00  
w_new[27]     0.10    0.10    0.10    0.10  MAIN_CLOCK
                                                      4.00  
w_new[28]     0.10    0.10    0.10    0.10  MAIN_CLOCK
                                                      4.00  
w_new[29]     0.10    0.10    0.10    0.10  MAIN_CLOCK
                                                      4.00  
w_new[30]     0.10    0.10    0.10    0.10  MAIN_CLOCK
                                                      4.00  
w_new[31]     0.10    0.10    0.10    0.10  MAIN_CLOCK
                                                      4.00  
x_new[0]      0.10    0.10    0.10    0.10  MAIN_CLOCK
                                                      4.00  
x_new[1]      0.10    0.10    0.10    0.10  MAIN_CLOCK
                                                      4.00  
x_new[2]      0.10    0.10    0.10    0.10  MAIN_CLOCK
                                                      4.00  
x_new[3]      0.10    0.10    0.10    0.10  MAIN_CLOCK
                                                      4.00  
x_new[4]      0.10    0.10    0.10    0.10  MAIN_CLOCK
                                                      4.00  
x_new[5]      0.10    0.10    0.10    0.10  MAIN_CLOCK
                                                      4.00  
x_new[6]      0.10    0.10    0.10    0.10  MAIN_CLOCK
                                                      4.00  
x_new[7]      0.10    0.10    0.10    0.10  MAIN_CLOCK
                                                      4.00  
x_new[8]      0.10    0.10    0.10    0.10  MAIN_CLOCK
                                                      4.00  
x_new[9]      0.10    0.10    0.10    0.10  MAIN_CLOCK
                                                      4.00  
x_new[10]     0.10    0.10    0.10    0.10  MAIN_CLOCK
                                                      4.00  
x_new[11]     0.10    0.10    0.10    0.10  MAIN_CLOCK
                                                      4.00  
x_new[12]     0.10    0.10    0.10    0.10  MAIN_CLOCK
                                                      4.00  
x_new[13]     0.10    0.10    0.10    0.10  MAIN_CLOCK
                                                      4.00  
x_new[14]     0.10    0.10    0.10    0.10  MAIN_CLOCK
                                                      4.00  
x_new[15]     0.10    0.10    0.10    0.10  MAIN_CLOCK
                                                      4.00  
x_new[16]     0.10    0.10    0.10    0.10  MAIN_CLOCK
                                                      4.00  
x_new[17]     0.10    0.10    0.10    0.10  MAIN_CLOCK
                                                      4.00  
x_new[18]     0.10    0.10    0.10    0.10  MAIN_CLOCK
                                                      4.00  
x_new[19]     0.10    0.10    0.10    0.10  MAIN_CLOCK
                                                      4.00  
x_new[20]     0.10    0.10    0.10    0.10  MAIN_CLOCK
                                                      4.00  
x_new[21]     0.10    0.10    0.10    0.10  MAIN_CLOCK
                                                      4.00  
x_new[22]     0.10    0.10    0.10    0.10  MAIN_CLOCK
                                                      4.00  
x_new[23]     0.10    0.10    0.10    0.10  MAIN_CLOCK
                                                      4.00  
x_new[24]     0.10    0.10    0.10    0.10  MAIN_CLOCK
                                                      4.00  
x_new[25]     0.10    0.10    0.10    0.10  MAIN_CLOCK
                                                      4.00  
x_new[26]     0.10    0.10    0.10    0.10  MAIN_CLOCK
                                                      4.00  
x_new[27]     0.10    0.10    0.10    0.10  MAIN_CLOCK
                                                      4.00  
x_new[28]     0.10    0.10    0.10    0.10  MAIN_CLOCK
                                                      4.00  
x_new[29]     0.10    0.10    0.10    0.10  MAIN_CLOCK
                                                      4.00  
x_new[30]     0.10    0.10    0.10    0.10  MAIN_CLOCK
                                                      4.00  
x_new[31]     0.10    0.10    0.10    0.10  MAIN_CLOCK
                                                      4.00  


               Max Drive      Min Drive      Resistance    Min    Min       Cell
Input Port    Rise    Fall   Rise    Fall   Max     Min    Cap    Fanout    Deg
--------------------------------------------------------------------------------
clk           --      --     --      --     --      --     --     --        -- 
rst           --      --     --      --     --      --     --     --        -- 
sel0[0]       --      --     --      --     --      --     --     --        -- 
sel0[1]       --      --     --      --     --      --     --     --        -- 
sel1[0]       --      --     --      --     --      --     --     --        -- 
sel1[1]       --      --     --      --     --      --     --     --        -- 
sel2          --      --     --      --     --      --     --     --        -- 
sel3          --      --     --      --     --      --     --     --        -- 
sel4[0]       --      --     --      --     --      --     --     --        -- 
sel4[1]       --      --     --      --     --      --     --     --        -- 
w_new[0]      --      --     --      --     --      --     --     --        -- 
w_new[1]      --      --     --      --     --      --     --     --        -- 
w_new[2]      --      --     --      --     --      --     --     --        -- 
w_new[3]      --      --     --      --     --      --     --     --        -- 
w_new[4]      --      --     --      --     --      --     --     --        -- 
w_new[5]      --      --     --      --     --      --     --     --        -- 
w_new[6]      --      --     --      --     --      --     --     --        -- 
w_new[7]      --      --     --      --     --      --     --     --        -- 
w_new[8]      --      --     --      --     --      --     --     --        -- 
w_new[9]      --      --     --      --     --      --     --     --        -- 
w_new[10]     --      --     --      --     --      --     --     --        -- 
w_new[11]     --      --     --      --     --      --     --     --        -- 
w_new[12]     --      --     --      --     --      --     --     --        -- 
w_new[13]     --      --     --      --     --      --     --     --        -- 
w_new[14]     --      --     --      --     --      --     --     --        -- 
w_new[15]     --      --     --      --     --      --     --     --        -- 
w_new[16]     --      --     --      --     --      --     --     --        -- 
w_new[17]     --      --     --      --     --      --     --     --        -- 
w_new[18]     --      --     --      --     --      --     --     --        -- 
w_new[19]     --      --     --      --     --      --     --     --        -- 
w_new[20]     --      --     --      --     --      --     --     --        -- 
w_new[21]     --      --     --      --     --      --     --     --        -- 
w_new[22]     --      --     --      --     --      --     --     --        -- 
w_new[23]     --      --     --      --     --      --     --     --        -- 
w_new[24]     --      --     --      --     --      --     --     --        -- 
w_new[25]     --      --     --      --     --      --     --     --        -- 
w_new[26]     --      --     --      --     --      --     --     --        -- 
w_new[27]     --      --     --      --     --      --     --     --        -- 
w_new[28]     --      --     --      --     --      --     --     --        -- 
w_new[29]     --      --     --      --     --      --     --     --        -- 
w_new[30]     --      --     --      --     --      --     --     --        -- 
w_new[31]     --      --     --      --     --      --     --     --        -- 
x_new[0]      --      --     --      --     --      --     --     --        -- 
x_new[1]      --      --     --      --     --      --     --     --        -- 
x_new[2]      --      --     --      --     --      --     --     --        -- 
x_new[3]      --      --     --      --     --      --     --     --        -- 
x_new[4]      --      --     --      --     --      --     --     --        -- 
x_new[5]      --      --     --      --     --      --     --     --        -- 
x_new[6]      --      --     --      --     --      --     --     --        -- 
x_new[7]      --      --     --      --     --      --     --     --        -- 
x_new[8]      --      --     --      --     --      --     --     --        -- 
x_new[9]      --      --     --      --     --      --     --     --        -- 
x_new[10]     --      --     --      --     --      --     --     --        -- 
x_new[11]     --      --     --      --     --      --     --     --        -- 
x_new[12]     --      --     --      --     --      --     --     --        -- 
x_new[13]     --      --     --      --     --      --     --     --        -- 
x_new[14]     --      --     --      --     --      --     --     --        -- 
x_new[15]     --      --     --      --     --      --     --     --        -- 
x_new[16]     --      --     --      --     --      --     --     --        -- 
x_new[17]     --      --     --      --     --      --     --     --        -- 
x_new[18]     --      --     --      --     --      --     --     --        -- 
x_new[19]     --      --     --      --     --      --     --     --        -- 
x_new[20]     --      --     --      --     --      --     --     --        -- 
x_new[21]     --      --     --      --     --      --     --     --        -- 
x_new[22]     --      --     --      --     --      --     --     --        -- 
x_new[23]     --      --     --      --     --      --     --     --        -- 
x_new[24]     --      --     --      --     --      --     --     --        -- 
x_new[25]     --      --     --      --     --      --     --     --        -- 
x_new[26]     --      --     --      --     --      --     --     --        -- 
x_new[27]     --      --     --      --     --      --     --     --        -- 
x_new[28]     --      --     --      --     --      --     --     --        -- 
x_new[29]     --      --     --      --     --      --     --     --        -- 
x_new[30]     --      --     --      --     --      --     --     --        -- 
x_new[31]     --      --     --      --     --      --     --     --        -- 


               Max Tran        Min Tran
Input Port    Rise    Fall    Rise    Fall
--------------------------------------------------------------------------------
clk           --      --      --      -- 
rst           --      --      --      -- 
sel0[0]       --      --      --      -- 
sel0[1]       --      --      --      -- 
sel1[0]       --      --      --      -- 
sel1[1]       --      --      --      -- 
sel2          --      --      --      -- 
sel3          --      --      --      -- 
sel4[0]       --      --      --      -- 
sel4[1]       --      --      --      -- 
w_new[0]      --      --      --      -- 
w_new[1]      --      --      --      -- 
w_new[2]      --      --      --      -- 
w_new[3]      --      --      --      -- 
w_new[4]      --      --      --      -- 
w_new[5]      --      --      --      -- 
w_new[6]      --      --      --      -- 
w_new[7]      --      --      --      -- 
w_new[8]      --      --      --      -- 
w_new[9]      --      --      --      -- 
w_new[10]     --      --      --      -- 
w_new[11]     --      --      --      -- 
w_new[12]     --      --      --      -- 
w_new[13]     --      --      --      -- 
w_new[14]     --      --      --      -- 
w_new[15]     --      --      --      -- 
w_new[16]     --      --      --      -- 
w_new[17]     --      --      --      -- 
w_new[18]     --      --      --      -- 
w_new[19]     --      --      --      -- 
w_new[20]     --      --      --      -- 
w_new[21]     --      --      --      -- 
w_new[22]     --      --      --      -- 
w_new[23]     --      --      --      -- 
w_new[24]     --      --      --      -- 
w_new[25]     --      --      --      -- 
w_new[26]     --      --      --      -- 
w_new[27]     --      --      --      -- 
w_new[28]     --      --      --      -- 
w_new[29]     --      --      --      -- 
w_new[30]     --      --      --      -- 
w_new[31]     --      --      --      -- 
x_new[0]      --      --      --      -- 
x_new[1]      --      --      --      -- 
x_new[2]      --      --      --      -- 
x_new[3]      --      --      --      -- 
x_new[4]      --      --      --      -- 
x_new[5]      --      --      --      -- 
x_new[6]      --      --      --      -- 
x_new[7]      --      --      --      -- 
x_new[8]      --      --      --      -- 
x_new[9]      --      --      --      -- 
x_new[10]     --      --      --      -- 
x_new[11]     --      --      --      -- 
x_new[12]     --      --      --      -- 
x_new[13]     --      --      --      -- 
x_new[14]     --      --      --      -- 
x_new[15]     --      --      --      -- 
x_new[16]     --      --      --      -- 
x_new[17]     --      --      --      -- 
x_new[18]     --      --      --      -- 
x_new[19]     --      --      --      -- 
x_new[20]     --      --      --      -- 
x_new[21]     --      --      --      -- 
x_new[22]     --      --      --      -- 
x_new[23]     --      --      --      -- 
x_new[24]     --      --      --      -- 
x_new[25]     --      --      --      -- 
x_new[26]     --      --      --      -- 
x_new[27]     --      --      --      -- 
x_new[28]     --      --      --      -- 
x_new[29]     --      --      --      -- 
x_new[30]     --      --      --      -- 
x_new[31]     --      --      --      -- 


                    Output Delay
                  Min             Max      Related  Fanout
Output Port   Rise    Fall    Rise    Fall  Clock     Load
--------------------------------------------------------------------------------
pe_val_out[0]
              0.10    0.10    0.10    0.10  MAIN_CLOCK
                                                      0.00  
pe_val_out[1]
              0.10    0.10    0.10    0.10  MAIN_CLOCK
                                                      0.00  
pe_val_out[2]
              0.10    0.10    0.10    0.10  MAIN_CLOCK
                                                      0.00  
pe_val_out[3]
              0.10    0.10    0.10    0.10  MAIN_CLOCK
                                                      0.00  
pe_val_out[4]
              0.10    0.10    0.10    0.10  MAIN_CLOCK
                                                      0.00  
pe_val_out[5]
              0.10    0.10    0.10    0.10  MAIN_CLOCK
                                                      0.00  
pe_val_out[6]
              0.10    0.10    0.10    0.10  MAIN_CLOCK
                                                      0.00  
pe_val_out[7]
              0.10    0.10    0.10    0.10  MAIN_CLOCK
                                                      0.00  
pe_val_out[8]
              0.10    0.10    0.10    0.10  MAIN_CLOCK
                                                      0.00  
pe_val_out[9]
              0.10    0.10    0.10    0.10  MAIN_CLOCK
                                                      0.00  
pe_val_out[10]
              0.10    0.10    0.10    0.10  MAIN_CLOCK
                                                      0.00  
pe_val_out[11]
              0.10    0.10    0.10    0.10  MAIN_CLOCK
                                                      0.00  
pe_val_out[12]
              0.10    0.10    0.10    0.10  MAIN_CLOCK
                                                      0.00  
pe_val_out[13]
              0.10    0.10    0.10    0.10  MAIN_CLOCK
                                                      0.00  
pe_val_out[14]
              0.10    0.10    0.10    0.10  MAIN_CLOCK
                                                      0.00  
pe_val_out[15]
              0.10    0.10    0.10    0.10  MAIN_CLOCK
                                                      0.00  
pe_val_out[16]
              0.10    0.10    0.10    0.10  MAIN_CLOCK
                                                      0.00  
pe_val_out[17]
              0.10    0.10    0.10    0.10  MAIN_CLOCK
                                                      0.00  
pe_val_out[18]
              0.10    0.10    0.10    0.10  MAIN_CLOCK
                                                      0.00  
pe_val_out[19]
              0.10    0.10    0.10    0.10  MAIN_CLOCK
                                                      0.00  
pe_val_out[20]
              0.10    0.10    0.10    0.10  MAIN_CLOCK
                                                      0.00  
pe_val_out[21]
              0.10    0.10    0.10    0.10  MAIN_CLOCK
                                                      0.00  
pe_val_out[22]
              0.10    0.10    0.10    0.10  MAIN_CLOCK
                                                      0.00  
pe_val_out[23]
              0.10    0.10    0.10    0.10  MAIN_CLOCK
                                                      0.00  
pe_val_out[24]
              0.10    0.10    0.10    0.10  MAIN_CLOCK
                                                      0.00  
pe_val_out[25]
              0.10    0.10    0.10    0.10  MAIN_CLOCK
                                                      0.00  
pe_val_out[26]
              0.10    0.10    0.10    0.10  MAIN_CLOCK
                                                      0.00  
pe_val_out[27]
              0.10    0.10    0.10    0.10  MAIN_CLOCK
                                                      0.00  
pe_val_out[28]
              0.10    0.10    0.10    0.10  MAIN_CLOCK
                                                      0.00  
pe_val_out[29]
              0.10    0.10    0.10    0.10  MAIN_CLOCK
                                                      0.00  
pe_val_out[30]
              0.10    0.10    0.10    0.10  MAIN_CLOCK
                                                      0.00  
pe_val_out[31]
              0.10    0.10    0.10    0.10  MAIN_CLOCK
                                                      0.00  
result_out[0]
              0.10    0.10    0.10    0.10  MAIN_CLOCK
                                                      0.00  
result_out[1]
              0.10    0.10    0.10    0.10  MAIN_CLOCK
                                                      0.00  
result_out[2]
              0.10    0.10    0.10    0.10  MAIN_CLOCK
                                                      0.00  
result_out[3]
              0.10    0.10    0.10    0.10  MAIN_CLOCK
                                                      0.00  
result_out[4]
              0.10    0.10    0.10    0.10  MAIN_CLOCK
                                                      0.00  
result_out[5]
              0.10    0.10    0.10    0.10  MAIN_CLOCK
                                                      0.00  
result_out[6]
              0.10    0.10    0.10    0.10  MAIN_CLOCK
                                                      0.00  
result_out[7]
              0.10    0.10    0.10    0.10  MAIN_CLOCK
                                                      0.00  
result_out[8]
              0.10    0.10    0.10    0.10  MAIN_CLOCK
                                                      0.00  
result_out[9]
              0.10    0.10    0.10    0.10  MAIN_CLOCK
                                                      0.00  
result_out[10]
              0.10    0.10    0.10    0.10  MAIN_CLOCK
                                                      0.00  
result_out[11]
              0.10    0.10    0.10    0.10  MAIN_CLOCK
                                                      0.00  
result_out[12]
              0.10    0.10    0.10    0.10  MAIN_CLOCK
                                                      0.00  
result_out[13]
              0.10    0.10    0.10    0.10  MAIN_CLOCK
                                                      0.00  
result_out[14]
              0.10    0.10    0.10    0.10  MAIN_CLOCK
                                                      0.00  
result_out[15]
              0.10    0.10    0.10    0.10  MAIN_CLOCK
                                                      0.00  
result_out[16]
              0.10    0.10    0.10    0.10  MAIN_CLOCK
                                                      0.00  
result_out[17]
              0.10    0.10    0.10    0.10  MAIN_CLOCK
                                                      0.00  
result_out[18]
              0.10    0.10    0.10    0.10  MAIN_CLOCK
                                                      0.00  
result_out[19]
              0.10    0.10    0.10    0.10  MAIN_CLOCK
                                                      0.00  
result_out[20]
              0.10    0.10    0.10    0.10  MAIN_CLOCK
                                                      0.00  
result_out[21]
              0.10    0.10    0.10    0.10  MAIN_CLOCK
                                                      0.00  
result_out[22]
              0.10    0.10    0.10    0.10  MAIN_CLOCK
                                                      0.00  
result_out[23]
              0.10    0.10    0.10    0.10  MAIN_CLOCK
                                                      0.00  
result_out[24]
              0.10    0.10    0.10    0.10  MAIN_CLOCK
                                                      0.00  
result_out[25]
              0.10    0.10    0.10    0.10  MAIN_CLOCK
                                                      0.00  
result_out[26]
              0.10    0.10    0.10    0.10  MAIN_CLOCK
                                                      0.00  
result_out[27]
              0.10    0.10    0.10    0.10  MAIN_CLOCK
                                                      0.00  
result_out[28]
              0.10    0.10    0.10    0.10  MAIN_CLOCK
                                                      0.00  
result_out[29]
              0.10    0.10    0.10    0.10  MAIN_CLOCK
                                                      0.00  
result_out[30]
              0.10    0.10    0.10    0.10  MAIN_CLOCK
                                                      0.00  
result_out[31]
              0.10    0.10    0.10    0.10  MAIN_CLOCK
                                                      0.00  
w_old_out[0]
              0.10    0.10    0.10    0.10  MAIN_CLOCK
                                                      0.00  
w_old_out[1]
              0.10    0.10    0.10    0.10  MAIN_CLOCK
                                                      0.00  
w_old_out[2]
              0.10    0.10    0.10    0.10  MAIN_CLOCK
                                                      0.00  
w_old_out[3]
              0.10    0.10    0.10    0.10  MAIN_CLOCK
                                                      0.00  
w_old_out[4]
              0.10    0.10    0.10    0.10  MAIN_CLOCK
                                                      0.00  
w_old_out[5]
              0.10    0.10    0.10    0.10  MAIN_CLOCK
                                                      0.00  
w_old_out[6]
              0.10    0.10    0.10    0.10  MAIN_CLOCK
                                                      0.00  
w_old_out[7]
              0.10    0.10    0.10    0.10  MAIN_CLOCK
                                                      0.00  
w_old_out[8]
              0.10    0.10    0.10    0.10  MAIN_CLOCK
                                                      0.00  
w_old_out[9]
              0.10    0.10    0.10    0.10  MAIN_CLOCK
                                                      0.00  
w_old_out[10]
              0.10    0.10    0.10    0.10  MAIN_CLOCK
                                                      0.00  
w_old_out[11]
              0.10    0.10    0.10    0.10  MAIN_CLOCK
                                                      0.00  
w_old_out[12]
              0.10    0.10    0.10    0.10  MAIN_CLOCK
                                                      0.00  
w_old_out[13]
              0.10    0.10    0.10    0.10  MAIN_CLOCK
                                                      0.00  
w_old_out[14]
              0.10    0.10    0.10    0.10  MAIN_CLOCK
                                                      0.00  
w_old_out[15]
              0.10    0.10    0.10    0.10  MAIN_CLOCK
                                                      0.00  
w_old_out[16]
              0.10    0.10    0.10    0.10  MAIN_CLOCK
                                                      0.00  
w_old_out[17]
              0.10    0.10    0.10    0.10  MAIN_CLOCK
                                                      0.00  
w_old_out[18]
              0.10    0.10    0.10    0.10  MAIN_CLOCK
                                                      0.00  
w_old_out[19]
              0.10    0.10    0.10    0.10  MAIN_CLOCK
                                                      0.00  
w_old_out[20]
              0.10    0.10    0.10    0.10  MAIN_CLOCK
                                                      0.00  
w_old_out[21]
              0.10    0.10    0.10    0.10  MAIN_CLOCK
                                                      0.00  
w_old_out[22]
              0.10    0.10    0.10    0.10  MAIN_CLOCK
                                                      0.00  
w_old_out[23]
              0.10    0.10    0.10    0.10  MAIN_CLOCK
                                                      0.00  
w_old_out[24]
              0.10    0.10    0.10    0.10  MAIN_CLOCK
                                                      0.00  
w_old_out[25]
              0.10    0.10    0.10    0.10  MAIN_CLOCK
                                                      0.00  
w_old_out[26]
              0.10    0.10    0.10    0.10  MAIN_CLOCK
                                                      0.00  
w_old_out[27]
              0.10    0.10    0.10    0.10  MAIN_CLOCK
                                                      0.00  
w_old_out[28]
              0.10    0.10    0.10    0.10  MAIN_CLOCK
                                                      0.00  
w_old_out[29]
              0.10    0.10    0.10    0.10  MAIN_CLOCK
                                                      0.00  
w_old_out[30]
              0.10    0.10    0.10    0.10  MAIN_CLOCK
                                                      0.00  
w_old_out[31]
              0.10    0.10    0.10    0.10  MAIN_CLOCK
                                                      0.00  
x_old_out[0]
              0.10    0.10    0.10    0.10  MAIN_CLOCK
                                                      0.00  
x_old_out[1]
              0.10    0.10    0.10    0.10  MAIN_CLOCK
                                                      0.00  
x_old_out[2]
              0.10    0.10    0.10    0.10  MAIN_CLOCK
                                                      0.00  
x_old_out[3]
              0.10    0.10    0.10    0.10  MAIN_CLOCK
                                                      0.00  
x_old_out[4]
              0.10    0.10    0.10    0.10  MAIN_CLOCK
                                                      0.00  
x_old_out[5]
              0.10    0.10    0.10    0.10  MAIN_CLOCK
                                                      0.00  
x_old_out[6]
              0.10    0.10    0.10    0.10  MAIN_CLOCK
                                                      0.00  
x_old_out[7]
              0.10    0.10    0.10    0.10  MAIN_CLOCK
                                                      0.00  
x_old_out[8]
              0.10    0.10    0.10    0.10  MAIN_CLOCK
                                                      0.00  
x_old_out[9]
              0.10    0.10    0.10    0.10  MAIN_CLOCK
                                                      0.00  
x_old_out[10]
              0.10    0.10    0.10    0.10  MAIN_CLOCK
                                                      0.00  
x_old_out[11]
              0.10    0.10    0.10    0.10  MAIN_CLOCK
                                                      0.00  
x_old_out[12]
              0.10    0.10    0.10    0.10  MAIN_CLOCK
                                                      0.00  
x_old_out[13]
              0.10    0.10    0.10    0.10  MAIN_CLOCK
                                                      0.00  
x_old_out[14]
              0.10    0.10    0.10    0.10  MAIN_CLOCK
                                                      0.00  
x_old_out[15]
              0.10    0.10    0.10    0.10  MAIN_CLOCK
                                                      0.00  
x_old_out[16]
              0.10    0.10    0.10    0.10  MAIN_CLOCK
                                                      0.00  
x_old_out[17]
              0.10    0.10    0.10    0.10  MAIN_CLOCK
                                                      0.00  
x_old_out[18]
              0.10    0.10    0.10    0.10  MAIN_CLOCK
                                                      0.00  
x_old_out[19]
              0.10    0.10    0.10    0.10  MAIN_CLOCK
                                                      0.00  
x_old_out[20]
              0.10    0.10    0.10    0.10  MAIN_CLOCK
                                                      0.00  
x_old_out[21]
              0.10    0.10    0.10    0.10  MAIN_CLOCK
                                                      0.00  
x_old_out[22]
              0.10    0.10    0.10    0.10  MAIN_CLOCK
                                                      0.00  
x_old_out[23]
              0.10    0.10    0.10    0.10  MAIN_CLOCK
                                                      0.00  
x_old_out[24]
              0.10    0.10    0.10    0.10  MAIN_CLOCK
                                                      0.00  
x_old_out[25]
              0.10    0.10    0.10    0.10  MAIN_CLOCK
                                                      0.00  
x_old_out[26]
              0.10    0.10    0.10    0.10  MAIN_CLOCK
                                                      0.00  
x_old_out[27]
              0.10    0.10    0.10    0.10  MAIN_CLOCK
                                                      0.00  
x_old_out[28]
              0.10    0.10    0.10    0.10  MAIN_CLOCK
                                                      0.00  
x_old_out[29]
              0.10    0.10    0.10    0.10  MAIN_CLOCK
                                                      0.00  
x_old_out[30]
              0.10    0.10    0.10    0.10  MAIN_CLOCK
                                                      0.00  
x_old_out[31]
              0.10    0.10    0.10    0.10  MAIN_CLOCK
                                                      0.00  

1
