Warning: Design 'sa_processing_element' has '3' unresolved references. For more detailed information, use the "link" command. (UID-341)
 
****************************************
Report : port
        -verbose
Design : sa_processing_element
Version: V-2023.12-SP5
Date   : Sun Oct  5 11:18:13 2025
****************************************



Attributes:
    i - ideal_network

                       Pin      Wire     Max     Max     Connection
Port           Dir     Load     Load     Trans   Cap     Class      Attrs
--------------------------------------------------------------------------------
a[0]           in      0.0000   0.0000   10.00   --      --         
a[1]           in      0.0000   0.0000   10.00   --      --         
a[2]           in      0.0000   0.0000   10.00   --      --         
a[3]           in      0.0000   0.0000   10.00   --      --         
a[4]           in      0.0000   0.0000   10.00   --      --         
a[5]           in      0.0000   0.0000   10.00   --      --         
a[6]           in      0.0000   0.0000   10.00   --      --         
a[7]           in      0.0000   0.0000   10.00   --      --         
a[8]           in      0.0000   0.0000   10.00   --      --         
a[9]           in      0.0000   0.0000   10.00   --      --         
a[10]          in      0.0000   0.0000   10.00   --      --         
a[11]          in      0.0000   0.0000   10.00   --      --         
a[12]          in      0.0000   0.0000   10.00   --      --         
a[13]          in      0.0000   0.0000   10.00   --      --         
a[14]          in      0.0000   0.0000   10.00   --      --         
a[15]          in      0.0000   0.0000   10.00   --      --         
b[0]           in      0.0000   0.0000   10.00   --      --         
b[1]           in      0.0000   0.0000   10.00   --      --         
b[2]           in      0.0000   0.0000   10.00   --      --         
b[3]           in      0.0000   0.0000   10.00   --      --         
b[4]           in      0.0000   0.0000   10.00   --      --         
b[5]           in      0.0000   0.0000   10.00   --      --         
b[6]           in      0.0000   0.0000   10.00   --      --         
b[7]           in      0.0000   0.0000   10.00   --      --         
b[8]           in      0.0000   0.0000   10.00   --      --         
b[9]           in      0.0000   0.0000   10.00   --      --         
b[10]          in      0.0000   0.0000   10.00   --      --         
b[11]          in      0.0000   0.0000   10.00   --      --         
b[12]          in      0.0000   0.0000   10.00   --      --         
b[13]          in      0.0000   0.0000   10.00   --      --         
b[14]          in      0.0000   0.0000   10.00   --      --         
b[15]          in      0.0000   0.0000   10.00   --      --         
c[0]           in      0.0000   0.0000   10.00   --      --         
c[1]           in      0.0000   0.0000   10.00   --      --         
c[2]           in      0.0000   0.0000   10.00   --      --         
c[3]           in      0.0000   0.0000   10.00   --      --         
c[4]           in      0.0000   0.0000   10.00   --      --         
c[5]           in      0.0000   0.0000   10.00   --      --         
c[6]           in      0.0000   0.0000   10.00   --      --         
c[7]           in      0.0000   0.0000   10.00   --      --         
c[8]           in      0.0000   0.0000   10.00   --      --         
c[9]           in      0.0000   0.0000   10.00   --      --         
c[10]          in      0.0000   0.0000   10.00   --      --         
c[11]          in      0.0000   0.0000   10.00   --      --         
c[12]          in      0.0000   0.0000   10.00   --      --         
c[13]          in      0.0000   0.0000   10.00   --      --         
c[14]          in      0.0000   0.0000   10.00   --      --         
c[15]          in      0.0000   0.0000   10.00   --      --         
clk            in      0.0000   0.0000   --      --      --         i
pipeline_en    in      0.0000   0.0000   10.00   --      --         
reg_clear      in      0.0000   0.0000   10.00   --      --         
rst_n          in      0.0000   0.0000   --      --      --         i
a_out[0]       out     0.5000   0.0000   --     100.00   --         
a_out[1]       out     0.5000   0.0000   --     100.00   --         
a_out[2]       out     0.5000   0.0000   --     100.00   --         
a_out[3]       out     0.5000   0.0000   --     100.00   --         
a_out[4]       out     0.5000   0.0000   --     100.00   --         
a_out[5]       out     0.5000   0.0000   --     100.00   --         
a_out[6]       out     0.5000   0.0000   --     100.00   --         
a_out[7]       out     0.5000   0.0000   --     100.00   --         
a_out[8]       out     0.5000   0.0000   --     100.00   --         
a_out[9]       out     0.5000   0.0000   --     100.00   --         
a_out[10]      out     0.5000   0.0000   --     100.00   --         
a_out[11]      out     0.5000   0.0000   --     100.00   --         
a_out[12]      out     0.5000   0.0000   --     100.00   --         
a_out[13]      out     0.5000   0.0000   --     100.00   --         
a_out[14]      out     0.5000   0.0000   --     100.00   --         
a_out[15]      out     0.5000   0.0000   --     100.00   --         
b_out[0]       out     0.5000   0.0000   --     100.00   --         
b_out[1]       out     0.5000   0.0000   --     100.00   --         
b_out[2]       out     0.5000   0.0000   --     100.00   --         
b_out[3]       out     0.5000   0.0000   --     100.00   --         
b_out[4]       out     0.5000   0.0000   --     100.00   --         
b_out[5]       out     0.5000   0.0000   --     100.00   --         
b_out[6]       out     0.5000   0.0000   --     100.00   --         
b_out[7]       out     0.5000   0.0000   --     100.00   --         
b_out[8]       out     0.5000   0.0000   --     100.00   --         
b_out[9]       out     0.5000   0.0000   --     100.00   --         
b_out[10]      out     0.5000   0.0000   --     100.00   --         
b_out[11]      out     0.5000   0.0000   --     100.00   --         
b_out[12]      out     0.5000   0.0000   --     100.00   --         
b_out[13]      out     0.5000   0.0000   --     100.00   --         
b_out[14]      out     0.5000   0.0000   --     100.00   --         
b_out[15]      out     0.5000   0.0000   --     100.00   --         
c_out[0]       out     0.5000   0.0000   --     100.00   --         
c_out[1]       out     0.5000   0.0000   --     100.00   --         
c_out[2]       out     0.5000   0.0000   --     100.00   --         
c_out[3]       out     0.5000   0.0000   --     100.00   --         
c_out[4]       out     0.5000   0.0000   --     100.00   --         
c_out[5]       out     0.5000   0.0000   --     100.00   --         
c_out[6]       out     0.5000   0.0000   --     100.00   --         
c_out[7]       out     0.5000   0.0000   --     100.00   --         
c_out[8]       out     0.5000   0.0000   --     100.00   --         
c_out[9]       out     0.5000   0.0000   --     100.00   --         
c_out[10]      out     0.5000   0.0000   --     100.00   --         
c_out[11]      out     0.5000   0.0000   --     100.00   --         
c_out[12]      out     0.5000   0.0000   --     100.00   --         
c_out[13]      out     0.5000   0.0000   --     100.00   --         
c_out[14]      out     0.5000   0.0000   --     100.00   --         
c_out[15]      out     0.5000   0.0000   --     100.00   --         


              External  Max             Min                Min       Min
              Number    Wireload        Wireload           Pin       Wire
Port          Points    Model           Model              Load      Load
--------------------------------------------------------------------------------
a[0]               1      --              --              --        -- 
a[1]               1      --              --              --        -- 
a[2]               1      --              --              --        -- 
a[3]               1      --              --              --        -- 
a[4]               1      --              --              --        -- 
a[5]               1      --              --              --        -- 
a[6]               1      --              --              --        -- 
a[7]               1      --              --              --        -- 
a[8]               1      --              --              --        -- 
a[9]               1      --              --              --        -- 
a[10]              1      --              --              --        -- 
a[11]              1      --              --              --        -- 
a[12]              1      --              --              --        -- 
a[13]              1      --              --              --        -- 
a[14]              1      --              --              --        -- 
a[15]              1      --              --              --        -- 
b[0]               1      --              --              --        -- 
b[1]               1      --              --              --        -- 
b[2]               1      --              --              --        -- 
b[3]               1      --              --              --        -- 
b[4]               1      --              --              --        -- 
b[5]               1      --              --              --        -- 
b[6]               1      --              --              --        -- 
b[7]               1      --              --              --        -- 
b[8]               1      --              --              --        -- 
b[9]               1      --              --              --        -- 
b[10]              1      --              --              --        -- 
b[11]              1      --              --              --        -- 
b[12]              1      --              --              --        -- 
b[13]              1      --              --              --        -- 
b[14]              1      --              --              --        -- 
b[15]              1      --              --              --        -- 
c[0]               1      --              --              --        -- 
c[1]               1      --              --              --        -- 
c[2]               1      --              --              --        -- 
c[3]               1      --              --              --        -- 
c[4]               1      --              --              --        -- 
c[5]               1      --              --              --        -- 
c[6]               1      --              --              --        -- 
c[7]               1      --              --              --        -- 
c[8]               1      --              --              --        -- 
c[9]               1      --              --              --        -- 
c[10]              1      --              --              --        -- 
c[11]              1      --              --              --        -- 
c[12]              1      --              --              --        -- 
c[13]              1      --              --              --        -- 
c[14]              1      --              --              --        -- 
c[15]              1      --              --              --        -- 
clk                1      --              --              --        -- 
pipeline_en        1      --              --              --        -- 
reg_clear          1      --              --              --        -- 
rst_n              1      --              --              --        -- 
a_out[0]           1      --              --              --        -- 
a_out[1]           1      --              --              --        -- 
a_out[2]           1      --              --              --        -- 
a_out[3]           1      --              --              --        -- 
a_out[4]           1      --              --              --        -- 
a_out[5]           1      --              --              --        -- 
a_out[6]           1      --              --              --        -- 
a_out[7]           1      --              --              --        -- 
a_out[8]           1      --              --              --        -- 
a_out[9]           1      --              --              --        -- 
a_out[10]          1      --              --              --        -- 
a_out[11]          1      --              --              --        -- 
a_out[12]          1      --              --              --        -- 
a_out[13]          1      --              --              --        -- 
a_out[14]          1      --              --              --        -- 
a_out[15]          1      --              --              --        -- 
b_out[0]           1      --              --              --        -- 
b_out[1]           1      --              --              --        -- 
b_out[2]           1      --              --              --        -- 
b_out[3]           1      --              --              --        -- 
b_out[4]           1      --              --              --        -- 
b_out[5]           1      --              --              --        -- 
b_out[6]           1      --              --              --        -- 
b_out[7]           1      --              --              --        -- 
b_out[8]           1      --              --              --        -- 
b_out[9]           1      --              --              --        -- 
b_out[10]          1      --              --              --        -- 
b_out[11]          1      --              --              --        -- 
b_out[12]          1      --              --              --        -- 
b_out[13]          1      --              --              --        -- 
b_out[14]          1      --              --              --        -- 
b_out[15]          1      --              --              --        -- 
c_out[0]           1      --              --              --        -- 
c_out[1]           1      --              --              --        -- 
c_out[2]           1      --              --              --        -- 
c_out[3]           1      --              --              --        -- 
c_out[4]           1      --              --              --        -- 
c_out[5]           1      --              --              --        -- 
c_out[6]           1      --              --              --        -- 
c_out[7]           1      --              --              --        -- 
c_out[8]           1      --              --              --        -- 
c_out[9]           1      --              --              --        -- 
c_out[10]          1      --              --              --        -- 
c_out[11]          1      --              --              --        -- 
c_out[12]          1      --              --              --        -- 
c_out[13]          1      --              --              --        -- 
c_out[14]          1      --              --              --        -- 
c_out[15]          1      --              --              --        -- 

                    Input Delay
                  Min             Max       Related   Max
Input Port    Rise    Fall    Rise    Fall   Clock  Fanout
--------------------------------------------------------------------------------
a[0]          0.10    0.10    0.10    0.10  MAIN_CLOCK
                                                      4.00  
a[1]          0.10    0.10    0.10    0.10  MAIN_CLOCK
                                                      4.00  
a[2]          0.10    0.10    0.10    0.10  MAIN_CLOCK
                                                      4.00  
a[3]          0.10    0.10    0.10    0.10  MAIN_CLOCK
                                                      4.00  
a[4]          0.10    0.10    0.10    0.10  MAIN_CLOCK
                                                      4.00  
a[5]          0.10    0.10    0.10    0.10  MAIN_CLOCK
                                                      4.00  
a[6]          0.10    0.10    0.10    0.10  MAIN_CLOCK
                                                      4.00  
a[7]          0.10    0.10    0.10    0.10  MAIN_CLOCK
                                                      4.00  
a[8]          0.10    0.10    0.10    0.10  MAIN_CLOCK
                                                      4.00  
a[9]          0.10    0.10    0.10    0.10  MAIN_CLOCK
                                                      4.00  
a[10]         0.10    0.10    0.10    0.10  MAIN_CLOCK
                                                      4.00  
a[11]         0.10    0.10    0.10    0.10  MAIN_CLOCK
                                                      4.00  
a[12]         0.10    0.10    0.10    0.10  MAIN_CLOCK
                                                      4.00  
a[13]         0.10    0.10    0.10    0.10  MAIN_CLOCK
                                                      4.00  
a[14]         0.10    0.10    0.10    0.10  MAIN_CLOCK
                                                      4.00  
a[15]         0.10    0.10    0.10    0.10  MAIN_CLOCK
                                                      4.00  
b[0]          0.10    0.10    0.10    0.10  MAIN_CLOCK
                                                      4.00  
b[1]          0.10    0.10    0.10    0.10  MAIN_CLOCK
                                                      4.00  
b[2]          0.10    0.10    0.10    0.10  MAIN_CLOCK
                                                      4.00  
b[3]          0.10    0.10    0.10    0.10  MAIN_CLOCK
                                                      4.00  
b[4]          0.10    0.10    0.10    0.10  MAIN_CLOCK
                                                      4.00  
b[5]          0.10    0.10    0.10    0.10  MAIN_CLOCK
                                                      4.00  
b[6]          0.10    0.10    0.10    0.10  MAIN_CLOCK
                                                      4.00  
b[7]          0.10    0.10    0.10    0.10  MAIN_CLOCK
                                                      4.00  
b[8]          0.10    0.10    0.10    0.10  MAIN_CLOCK
                                                      4.00  
b[9]          0.10    0.10    0.10    0.10  MAIN_CLOCK
                                                      4.00  
b[10]         0.10    0.10    0.10    0.10  MAIN_CLOCK
                                                      4.00  
b[11]         0.10    0.10    0.10    0.10  MAIN_CLOCK
                                                      4.00  
b[12]         0.10    0.10    0.10    0.10  MAIN_CLOCK
                                                      4.00  
b[13]         0.10    0.10    0.10    0.10  MAIN_CLOCK
                                                      4.00  
b[14]         0.10    0.10    0.10    0.10  MAIN_CLOCK
                                                      4.00  
b[15]         0.10    0.10    0.10    0.10  MAIN_CLOCK
                                                      4.00  
c[0]          0.10    0.10    0.10    0.10  MAIN_CLOCK
                                                      4.00  
c[1]          0.10    0.10    0.10    0.10  MAIN_CLOCK
                                                      4.00  
c[2]          0.10    0.10    0.10    0.10  MAIN_CLOCK
                                                      4.00  
c[3]          0.10    0.10    0.10    0.10  MAIN_CLOCK
                                                      4.00  
c[4]          0.10    0.10    0.10    0.10  MAIN_CLOCK
                                                      4.00  
c[5]          0.10    0.10    0.10    0.10  MAIN_CLOCK
                                                      4.00  
c[6]          0.10    0.10    0.10    0.10  MAIN_CLOCK
                                                      4.00  
c[7]          0.10    0.10    0.10    0.10  MAIN_CLOCK
                                                      4.00  
c[8]          0.10    0.10    0.10    0.10  MAIN_CLOCK
                                                      4.00  
c[9]          0.10    0.10    0.10    0.10  MAIN_CLOCK
                                                      4.00  
c[10]         0.10    0.10    0.10    0.10  MAIN_CLOCK
                                                      4.00  
c[11]         0.10    0.10    0.10    0.10  MAIN_CLOCK
                                                      4.00  
c[12]         0.10    0.10    0.10    0.10  MAIN_CLOCK
                                                      4.00  
c[13]         0.10    0.10    0.10    0.10  MAIN_CLOCK
                                                      4.00  
c[14]         0.10    0.10    0.10    0.10  MAIN_CLOCK
                                                      4.00  
c[15]         0.10    0.10    0.10    0.10  MAIN_CLOCK
                                                      4.00  
clk           --      --      --      --      --      -- 
pipeline_en   0.10    0.10    0.10    0.10  MAIN_CLOCK
                                                      4.00  
reg_clear     0.10    0.10    0.10    0.10  MAIN_CLOCK
                                                      4.00  
rst_n         --      --      --      --      --      4.00


               Max Drive      Min Drive      Resistance    Min    Min       Cell
Input Port    Rise    Fall   Rise    Fall   Max     Min    Cap    Fanout    Deg
--------------------------------------------------------------------------------
a[0]          --      --     --      --     --      --     --     --        -- 
a[1]          --      --     --      --     --      --     --     --        -- 
a[2]          --      --     --      --     --      --     --     --        -- 
a[3]          --      --     --      --     --      --     --     --        -- 
a[4]          --      --     --      --     --      --     --     --        -- 
a[5]          --      --     --      --     --      --     --     --        -- 
a[6]          --      --     --      --     --      --     --     --        -- 
a[7]          --      --     --      --     --      --     --     --        -- 
a[8]          --      --     --      --     --      --     --     --        -- 
a[9]          --      --     --      --     --      --     --     --        -- 
a[10]         --      --     --      --     --      --     --     --        -- 
a[11]         --      --     --      --     --      --     --     --        -- 
a[12]         --      --     --      --     --      --     --     --        -- 
a[13]         --      --     --      --     --      --     --     --        -- 
a[14]         --      --     --      --     --      --     --     --        -- 
a[15]         --      --     --      --     --      --     --     --        -- 
b[0]          --      --     --      --     --      --     --     --        -- 
b[1]          --      --     --      --     --      --     --     --        -- 
b[2]          --      --     --      --     --      --     --     --        -- 
b[3]          --      --     --      --     --      --     --     --        -- 
b[4]          --      --     --      --     --      --     --     --        -- 
b[5]          --      --     --      --     --      --     --     --        -- 
b[6]          --      --     --      --     --      --     --     --        -- 
b[7]          --      --     --      --     --      --     --     --        -- 
b[8]          --      --     --      --     --      --     --     --        -- 
b[9]          --      --     --      --     --      --     --     --        -- 
b[10]         --      --     --      --     --      --     --     --        -- 
b[11]         --      --     --      --     --      --     --     --        -- 
b[12]         --      --     --      --     --      --     --     --        -- 
b[13]         --      --     --      --     --      --     --     --        -- 
b[14]         --      --     --      --     --      --     --     --        -- 
b[15]         --      --     --      --     --      --     --     --        -- 
c[0]          --      --     --      --     --      --     --     --        -- 
c[1]          --      --     --      --     --      --     --     --        -- 
c[2]          --      --     --      --     --      --     --     --        -- 
c[3]          --      --     --      --     --      --     --     --        -- 
c[4]          --      --     --      --     --      --     --     --        -- 
c[5]          --      --     --      --     --      --     --     --        -- 
c[6]          --      --     --      --     --      --     --     --        -- 
c[7]          --      --     --      --     --      --     --     --        -- 
c[8]          --      --     --      --     --      --     --     --        -- 
c[9]          --      --     --      --     --      --     --     --        -- 
c[10]         --      --     --      --     --      --     --     --        -- 
c[11]         --      --     --      --     --      --     --     --        -- 
c[12]         --      --     --      --     --      --     --     --        -- 
c[13]         --      --     --      --     --      --     --     --        -- 
c[14]         --      --     --      --     --      --     --     --        -- 
c[15]         --      --     --      --     --      --     --     --        -- 
clk           --      --     --      --     --      --     --     --        -- 
pipeline_en   --      --     --      --     --      --     --     --        -- 
reg_clear     --      --     --      --     --      --     --     --        -- 
rst_n         --      --     --      --     --      --     --     --        -- 


               Max Tran        Min Tran
Input Port    Rise    Fall    Rise    Fall
--------------------------------------------------------------------------------
a[0]          --      --      --      -- 
a[1]          --      --      --      -- 
a[2]          --      --      --      -- 
a[3]          --      --      --      -- 
a[4]          --      --      --      -- 
a[5]          --      --      --      -- 
a[6]          --      --      --      -- 
a[7]          --      --      --      -- 
a[8]          --      --      --      -- 
a[9]          --      --      --      -- 
a[10]         --      --      --      -- 
a[11]         --      --      --      -- 
a[12]         --      --      --      -- 
a[13]         --      --      --      -- 
a[14]         --      --      --      -- 
a[15]         --      --      --      -- 
b[0]          --      --      --      -- 
b[1]          --      --      --      -- 
b[2]          --      --      --      -- 
b[3]          --      --      --      -- 
b[4]          --      --      --      -- 
b[5]          --      --      --      -- 
b[6]          --      --      --      -- 
b[7]          --      --      --      -- 
b[8]          --      --      --      -- 
b[9]          --      --      --      -- 
b[10]         --      --      --      -- 
b[11]         --      --      --      -- 
b[12]         --      --      --      -- 
b[13]         --      --      --      -- 
b[14]         --      --      --      -- 
b[15]         --      --      --      -- 
c[0]          --      --      --      -- 
c[1]          --      --      --      -- 
c[2]          --      --      --      -- 
c[3]          --      --      --      -- 
c[4]          --      --      --      -- 
c[5]          --      --      --      -- 
c[6]          --      --      --      -- 
c[7]          --      --      --      -- 
c[8]          --      --      --      -- 
c[9]          --      --      --      -- 
c[10]         --      --      --      -- 
c[11]         --      --      --      -- 
c[12]         --      --      --      -- 
c[13]         --      --      --      -- 
c[14]         --      --      --      -- 
c[15]         --      --      --      -- 
clk           --      --      --      -- 
pipeline_en   --      --      --      -- 
reg_clear     --      --      --      -- 
rst_n         --      --      --      -- 


                    Output Delay
                  Min             Max      Related  Fanout
Output Port   Rise    Fall    Rise    Fall  Clock     Load
--------------------------------------------------------------------------------
a_out[0]      0.10    0.10    0.10    0.10  MAIN_CLOCK
                                                      0.00  
a_out[1]      0.10    0.10    0.10    0.10  MAIN_CLOCK
                                                      0.00  
a_out[2]      0.10    0.10    0.10    0.10  MAIN_CLOCK
                                                      0.00  
a_out[3]      0.10    0.10    0.10    0.10  MAIN_CLOCK
                                                      0.00  
a_out[4]      0.10    0.10    0.10    0.10  MAIN_CLOCK
                                                      0.00  
a_out[5]      0.10    0.10    0.10    0.10  MAIN_CLOCK
                                                      0.00  
a_out[6]      0.10    0.10    0.10    0.10  MAIN_CLOCK
                                                      0.00  
a_out[7]      0.10    0.10    0.10    0.10  MAIN_CLOCK
                                                      0.00  
a_out[8]      0.10    0.10    0.10    0.10  MAIN_CLOCK
                                                      0.00  
a_out[9]      0.10    0.10    0.10    0.10  MAIN_CLOCK
                                                      0.00  
a_out[10]     0.10    0.10    0.10    0.10  MAIN_CLOCK
                                                      0.00  
a_out[11]     0.10    0.10    0.10    0.10  MAIN_CLOCK
                                                      0.00  
a_out[12]     0.10    0.10    0.10    0.10  MAIN_CLOCK
                                                      0.00  
a_out[13]     0.10    0.10    0.10    0.10  MAIN_CLOCK
                                                      0.00  
a_out[14]     0.10    0.10    0.10    0.10  MAIN_CLOCK
                                                      0.00  
a_out[15]     0.10    0.10    0.10    0.10  MAIN_CLOCK
                                                      0.00  
b_out[0]      0.10    0.10    0.10    0.10  MAIN_CLOCK
                                                      0.00  
b_out[1]      0.10    0.10    0.10    0.10  MAIN_CLOCK
                                                      0.00  
b_out[2]      0.10    0.10    0.10    0.10  MAIN_CLOCK
                                                      0.00  
b_out[3]      0.10    0.10    0.10    0.10  MAIN_CLOCK
                                                      0.00  
b_out[4]      0.10    0.10    0.10    0.10  MAIN_CLOCK
                                                      0.00  
b_out[5]      0.10    0.10    0.10    0.10  MAIN_CLOCK
                                                      0.00  
b_out[6]      0.10    0.10    0.10    0.10  MAIN_CLOCK
                                                      0.00  
b_out[7]      0.10    0.10    0.10    0.10  MAIN_CLOCK
                                                      0.00  
b_out[8]      0.10    0.10    0.10    0.10  MAIN_CLOCK
                                                      0.00  
b_out[9]      0.10    0.10    0.10    0.10  MAIN_CLOCK
                                                      0.00  
b_out[10]     0.10    0.10    0.10    0.10  MAIN_CLOCK
                                                      0.00  
b_out[11]     0.10    0.10    0.10    0.10  MAIN_CLOCK
                                                      0.00  
b_out[12]     0.10    0.10    0.10    0.10  MAIN_CLOCK
                                                      0.00  
b_out[13]     0.10    0.10    0.10    0.10  MAIN_CLOCK
                                                      0.00  
b_out[14]     0.10    0.10    0.10    0.10  MAIN_CLOCK
                                                      0.00  
b_out[15]     0.10    0.10    0.10    0.10  MAIN_CLOCK
                                                      0.00  
c_out[0]      0.10    0.10    0.10    0.10  MAIN_CLOCK
                                                      0.00  
c_out[1]      0.10    0.10    0.10    0.10  MAIN_CLOCK
                                                      0.00  
c_out[2]      0.10    0.10    0.10    0.10  MAIN_CLOCK
                                                      0.00  
c_out[3]      0.10    0.10    0.10    0.10  MAIN_CLOCK
                                                      0.00  
c_out[4]      0.10    0.10    0.10    0.10  MAIN_CLOCK
                                                      0.00  
c_out[5]      0.10    0.10    0.10    0.10  MAIN_CLOCK
                                                      0.00  
c_out[6]      0.10    0.10    0.10    0.10  MAIN_CLOCK
                                                      0.00  
c_out[7]      0.10    0.10    0.10    0.10  MAIN_CLOCK
                                                      0.00  
c_out[8]      0.10    0.10    0.10    0.10  MAIN_CLOCK
                                                      0.00  
c_out[9]      0.10    0.10    0.10    0.10  MAIN_CLOCK
                                                      0.00  
c_out[10]     0.10    0.10    0.10    0.10  MAIN_CLOCK
                                                      0.00  
c_out[11]     0.10    0.10    0.10    0.10  MAIN_CLOCK
                                                      0.00  
c_out[12]     0.10    0.10    0.10    0.10  MAIN_CLOCK
                                                      0.00  
c_out[13]     0.10    0.10    0.10    0.10  MAIN_CLOCK
                                                      0.00  
c_out[14]     0.10    0.10    0.10    0.10  MAIN_CLOCK
                                                      0.00  
c_out[15]     0.10    0.10    0.10    0.10  MAIN_CLOCK
                                                      0.00  

1
