 
****************************************
Report : area
Design : sa_processing_element
Version: V-2023.12-SP5
Date   : Mon Oct  6 12:12:25 2025
****************************************

Library(s) Used:

    NanGate_15nm_OCL (File: /home/csarch/workspace/MOSA_RTL/syn/pdk/NanGate_15nm_OCL_v0.1_2014_06_Apache.A/front_end/timing_power_noise/NLDM/NanGate_15nm_OCL.db)

Number of ports:                          731
Number of nets:                          2906
Number of cells:                         2278
Number of combinational cells:           2205
Number of sequential cells:                64
Number of macros/black boxes:               0
Number of buf/inv:                        568
Number of references:                      10

Combinational area:                625.606667
Buf/Inv area:                       91.717634
Noncombinational area:              81.788925
Macro/Black Box area:                0.000000
Net Interconnect area:      undefined  (No wire load specified)

Total cell area:                   707.395593
Total area:                 undefined
1
