 
****************************************
Report : power
        -analysis_effort low
Design : sa_processing_element
Version: V-2023.12-SP5
Date   : Sun Oct  5 11:18:52 2025
****************************************


Library(s) Used:

    NanGate_15nm_OCL (File: /home/csarch/workspace/MOSA_RTL/syn/pdk/NanGate_15nm_OCL_v0.1_2014_06_Apache.A/front_end/timing_power_noise/NLDM/NanGate_15nm_OCL.db)


Operating Conditions: typical   Library: NanGate_15nm_OCL
Wire Load Model Mode: top


Global Operating Voltage = 0.8  
Power-specific unit information :
    Voltage Units = 1V
    Capacitance Units = 1.000000ff
    Time Units = 1ps
    Dynamic Power Units = 1mW    (derived from V,C,T units)
    Leakage Power Units = 1pW


Attributes
----------
i - Including register clock pin internal power


  Cell Internal Power  =   1.0593 mW   (72%)
  Net Switching Power  = 420.8298 uW   (28%)
                         ---------
Total Dynamic Power    =   1.4802 mW  (100%)

Cell Leakage Power     =  27.6086 uW


                 Internal         Switching           Leakage            Total
Power Group      Power            Power               Power              Power   (   %    )  Attrs
--------------------------------------------------------------------------------------------------
io_pad             0.0000            0.0000            0.0000            0.0000  (   0.00%)
memory             0.0000            0.0000            0.0000            0.0000  (   0.00%)
black_box          0.0000            0.0000            0.0000            0.0000  (   0.00%)
clock_network      0.6629            0.0000            0.0000            0.6629  (  43.96%)  i
register       6.6461e-02        2.0894e-02        7.3720e+06        9.4727e-02  (   6.28%)
sequential         0.0000            0.0000            0.0000            0.0000  (   0.00%)
combinational      0.3300            0.3999        2.0237e+07            0.7502  (  49.75%)
--------------------------------------------------------------------------------------------------
Total              1.0593 mW         0.4208 mW     2.7609e+07 pW         1.5078 mW
1
