Warning: Design 'sa_processing_element' has '3' unresolved references. For more detailed information, use the "link" command. (UID-341)
 
****************************************
Report : area
Design : sa_processing_element
Version: V-2023.12-SP5
Date   : Sun Oct  5 11:18:52 2025
****************************************

Library(s) Used:

    NanGate_15nm_OCL (File: /home/csarch/workspace/MOSA_RTL/syn/pdk/NanGate_15nm_OCL_v0.1_2014_06_Apache.A/front_end/timing_power_noise/NLDM/NanGate_15nm_OCL.db)

Number of ports:                          585
Number of nets:                          2508
Number of cells:                         1927
Number of combinational cells:           1734
Number of sequential cells:               186
Number of macros/black boxes:               0
Number of buf/inv:                        482
Number of references:                       7

Combinational area:                535.658506
Buf/Inv area:                       75.988994
Noncombinational area:             233.865208
Macro/Black Box area:                0.000000
Net Interconnect area:      undefined  (No wire load specified)

Total cell area:                   769.523714
Total area:                 undefined

Information: This design contains black box (unknown) components. (RPT-8)
1
